<?xml version="1.0" encoding="UTF-8"?>
<!-- Generated by org.testng.reporters.JUnitXMLReporter -->
<testsuite ignored="0" hostname="DESKTOP-BHR3PSD" failures="1" tests="8" name="ChromeTest" time="21.143" errors="0" timestamp="2023-04-11T16:52:16 IST">
  <testcase classname="TestNG.VerifyAddToCartFunctionality" name="@BeforeTest openBrowser" time="5.916">
    <failure type="org.openqa.selenium.WebDriverException" message="disconnected: not connected to DevTools
  (failed to check if window was closed: disconnected: not connected to DevTools)
  (Session info: MicrosoftEdge=112.0.1722.34)
Build info: version: &amp;apos;3.141.59&amp;apos;, revision: &amp;apos;e82be7d358&amp;apos;, time: &amp;apos;2018-11-14T08:17:03&amp;apos;
System info: host: &amp;apos;DESKTOP-BHR3PSD&amp;apos;, ip: &amp;apos;192.168.1.3&amp;apos;, os.name: &amp;apos;Windows 11&amp;apos;, os.arch: &amp;apos;amd64&amp;apos;, os.version: &amp;apos;10.0&amp;apos;, java.version: &amp;apos;17.0.5&amp;apos;
Driver info: driver.version: EdgeDriver
remote stacktrace: Backtrace:
	Microsoft::Applications::Events::EventProperties::SetProperty [0x00007FF7A8E5A5C2+12658]
	Microsoft::Applications::Events::EventProperty::EventProperty [0x00007FF7A8DF2862+747634]
	(No symbol) [0x00007FF7A8A8DD2E]
	(No symbol) [0x00007FF7A8A77C01]
	(No symbol) [0x00007FF7A8A79001]
	(No symbol) [0x00007FF7A8A78F30]
	(No symbol) [0x00007FF7A8A66202]
	(No symbol) [0x00007FF7A8A65D7A]
	(No symbol) [0x00007FF7A8AF7316]
	(No symbol) [0x00007FF7A8AEF1C3]
	(No symbol) [0x00007FF7A8AC17D6]
	(No symbol) [0x00007FF7A8AC09B5]
	(No symbol) [0x00007FF7A8AC1F44]
	Microsoft::Applications::Events::EventProperties::SetProperty [0x00007FF7A8D05530+147088]
	(No symbol) [0x00007FF7A8BA91A6]
	Microsoft::Applications::Events::EventProperty::EventProperty [0x00007FF7A8D44497+33959]
	Microsoft::Applications::Events::EventProperty::EventProperty [0x00007FF7A8D47F65+49013]
	Microsoft::Applications::Events::ILogManager::DispatchEventBroadcast [0x00007FF7A9039933+1305299]
	Microsoft::Applications::Events::EventProperty::EventProperty [0x00007FF7A8DFAE1C+781868]
	Microsoft::Applications::Events::EventProperty::EventProperty [0x00007FF7A8E00344+803668]
	Microsoft::Applications::Events::EventProperty::EventProperty [0x00007FF7A8E0049C+804012]
	Microsoft::Applications::Events::EventProperty::EventProperty [0x00007FF7A8E085A1+837041]
	BaseThreadInitThunk [0x00007FFD5D75269D+29]
	RtlUserThreadStart [0x00007FFD5ECAA9F8+40]
">
      <![CDATA[org.openqa.selenium.WebDriverException: disconnected: not connected to DevTools
  (failed to check if window was closed: disconnected: not connected to DevTools)
  (Session info: MicrosoftEdge=112.0.1722.34)
Build info: version: '3.141.59', revision: 'e82be7d358', time: '2018-11-14T08:17:03'
System info: host: 'DESKTOP-BHR3PSD', ip: '192.168.1.3', os.name: 'Windows 11', os.arch: 'amd64', os.version: '10.0', java.version: '17.0.5'
Driver info: driver.version: EdgeDriver
remote stacktrace: Backtrace:
Microsoft::Applications::Events::EventProperties::SetProperty [0x00007FF7A8E5A5C2+12658]
Microsoft::Applications::Events::EventProperty::EventProperty [0x00007FF7A8DF2862+747634]
(No symbol) [0x00007FF7A8A8DD2E]
(No symbol) [0x00007FF7A8A77C01]
(No symbol) [0x00007FF7A8A79001]
(No symbol) [0x00007FF7A8A78F30]
(No symbol) [0x00007FF7A8A66202]
(No symbol) [0x00007FF7A8A65D7A]
(No symbol) [0x00007FF7A8AF7316]
(No symbol) [0x00007FF7A8AEF1C3]
(No symbol) [0x00007FF7A8AC17D6]
(No symbol) [0x00007FF7A8AC09B5]
(No symbol) [0x00007FF7A8AC1F44]
Microsoft::Applications::Events::EventProperties::SetProperty [0x00007FF7A8D05530+147088]
(No symbol) [0x00007FF7A8BA91A6]
Microsoft::Applications::Events::EventProperty::EventProperty [0x00007FF7A8D44497+33959]
Microsoft::Applications::Events::EventProperty::EventProperty [0x00007FF7A8D47F65+49013]
Microsoft::Applications::Events::ILogManager::DispatchEventBroadcast [0x00007FF7A9039933+1305299]
Microsoft::Applications::Events::EventProperty::EventProperty [0x00007FF7A8DFAE1C+781868]
Microsoft::Applications::Events::EventProperty::EventProperty [0x00007FF7A8E00344+803668]
Microsoft::Applications::Events::EventProperty::EventProperty [0x00007FF7A8E0049C+804012]
Microsoft::Applications::Events::EventProperty::EventProperty [0x00007FF7A8E085A1+837041]
BaseThreadInitThunk [0x00007FFD5D75269D+29]
RtlUserThreadStart [0x00007FFD5ECAA9F8+40]

at org.openqa.selenium.remote.W3CHandshakeResponse.lambda$errorHandler$0(W3CHandshakeResponse.java:62)
at org.openqa.selenium.remote.HandshakeResponse.lambda$getResponseFunction$0(HandshakeResponse.java:30)
at org.openqa.selenium.remote.ProtocolHandshake.lambda$createSession$0(ProtocolHandshake.java:126)
at java.base/java.util.stream.ReferencePipeline$3$1.accept(ReferencePipeline.java:197)
at java.base/java.util.Spliterators$ArraySpliterator.tryAdvance(Spliterators.java:1002)
at java.base/java.util.stream.ReferencePipeline.forEachWithCancel(ReferencePipeline.java:129)
at java.base/java.util.stream.AbstractPipeline.copyIntoWithCancel(AbstractPipeline.java:527)
at java.base/java.util.stream.AbstractPipeline.copyInto(AbstractPipeline.java:513)
at java.base/java.util.stream.AbstractPipeline.wrapAndCopyInto(AbstractPipeline.java:499)
at java.base/java.util.stream.FindOps$FindOp.evaluateSequential(FindOps.java:150)
at java.base/java.util.stream.AbstractPipeline.evaluate(AbstractPipeline.java:234)
at java.base/java.util.stream.ReferencePipeline.findFirst(ReferencePipeline.java:647)
at org.openqa.selenium.remote.ProtocolHandshake.createSession(ProtocolHandshake.java:128)
at org.openqa.selenium.remote.ProtocolHandshake.createSession(ProtocolHandshake.java:74)
at org.openqa.selenium.remote.HttpCommandExecutor.execute(HttpCommandExecutor.java:136)
at org.openqa.selenium.remote.service.DriverCommandExecutor.execute(DriverCommandExecutor.java:83)
at org.openqa.selenium.remote.RemoteWebDriver.execute(RemoteWebDriver.java:552)
at org.openqa.selenium.remote.RemoteWebDriver.startSession(RemoteWebDriver.java:213)
at org.openqa.selenium.remote.RemoteWebDriver.<init>(RemoteWebDriver.java:131)
at org.openqa.selenium.edge.EdgeDriver.<init>(EdgeDriver.java:141)
at org.openqa.selenium.edge.EdgeDriver.<init>(EdgeDriver.java:96)
at browserSetup.Base.openEdgeBrowser(Base.java:20)
at TestNG.VerifyAddToCartFunctionality.openBrowser(VerifyAddToCartFunctionality.java:47)
at java.base/java.util.concurrent.FutureTask.run(FutureTask.java:264)
at java.base/java.util.concurrent.ThreadPoolExecutor.runWorker(ThreadPoolExecutor.java:1136)
at java.base/java.util.concurrent.ThreadPoolExecutor$Worker.run(ThreadPoolExecutor.java:635)
at java.base/java.lang.Thread.run(Thread.java:833)
... Removed 20 stack frames]]>
    </failure>
  </testcase> <!-- @BeforeTest openBrowser -->
  <testcase classname="TestNG.VerifyAmazonBusinessPage" name="@BeforeTest openBrowser" time="-1.681212121449E9">
    <skipped/>
  </testcase> <!-- @BeforeTest openBrowser -->
  <testcase classname="TestNG.VerifyHomePage" name="@BeforeTest openBrowser" time="-1.68121212146E9">
    <skipped/>
  </testcase> <!-- @BeforeTest openBrowser -->
  <testcase classname="TestNG.VerifyAddToCartFunctionality" name="@BeforeClass createPOMObject" time="-1.681212121562E9">
    <skipped/>
  </testcase> <!-- @BeforeClass createPOMObject -->
  <testcase classname="TestNG.VerifyAmazonBusinessPage" name="@BeforeClass createPOMObject" time="-1.681212121621E9">
    <skipped/>
  </testcase> <!-- @BeforeClass createPOMObject -->
  <testcase classname="TestNG.VerifyHomePage" name="@BeforeClass createPOMObjects" time="-1.681212121621E9">
    <skipped/>
  </testcase> <!-- @BeforeClass createPOMObjects -->
  <testcase classname="TestNG.VerifyAmazonBusinessPage" name="@BeforeMethod goToAmazonBusinessPage" time="-1.681212121677E9">
    <skipped/>
  </testcase> <!-- @BeforeMethod goToAmazonBusinessPage -->
  <testcase classname="TestNG.VerifyAddToCartFunctionality" name="@BeforeMethod goToHomePageItem" time="-1.681212121677E9">
    <skipped/>
  </testcase> <!-- @BeforeMethod goToHomePageItem -->
  <testcase classname="TestNG.VerifyHomePage" name="@BeforeMethod goToHomePage" time="-1.681212121677E9">
    <skipped/>
  </testcase> <!-- @BeforeMethod goToHomePage -->
  <testcase classname="TestNG.VerifyAmazonBusinessPage" name="@AfterMethod afterMethod" time="-1.681212121693E9">
    <skipped/>
  </testcase> <!-- @AfterMethod afterMethod -->
  <testcase classname="TestNG.VerifyHomePage" name="@AfterMethod afterMethod" time="-1.681212121697E9">
    <skipped/>
  </testcase> <!-- @AfterMethod afterMethod -->
  <testcase classname="TestNG.VerifyAmazonBusinessPage" name="@BeforeMethod goToAmazonBusinessPage" time="-1.681212121699E9">
    <skipped/>
  </testcase> <!-- @BeforeMethod goToAmazonBusinessPage -->
  <testcase classname="TestNG.VerifyAddToCartFunctionality" name="@AfterMethod logOut" time="-1.6812121217E9">
    <skipped/>
  </testcase> <!-- @AfterMethod logOut -->
  <testcase classname="TestNG.VerifyHomePage" name="@BeforeMethod goToHomePage" time="-1.681212121702E9">
    <skipped/>
  </testcase> <!-- @BeforeMethod goToHomePage -->
  <testcase classname="TestNG.VerifyAddToCartFunctionality" name="@BeforeMethod goToHomePageItem" time="-1.681212121707E9">
    <skipped/>
  </testcase> <!-- @BeforeMethod goToHomePageItem -->
  <testcase classname="TestNG.VerifyAmazonBusinessPage" name="@AfterMethod afterMethod" time="-1.681212121709E9">
    <skipped/>
  </testcase> <!-- @AfterMethod afterMethod -->
  <testcase classname="TestNG.VerifyAmazonBusinessPage" name="@AfterClass clearObjects" time="-1.681212121714E9">
    <skipped/>
  </testcase> <!-- @AfterClass clearObjects -->
  <testcase classname="TestNG.VerifyHomePage" name="@AfterMethod afterMethod" time="-1.681212121718E9">
    <skipped/>
  </testcase> <!-- @AfterMethod afterMethod -->
  <testcase classname="TestNG.VerifyHomePage" name="@BeforeMethod goToHomePage" time="-1.681212121804E9">
    <skipped/>
  </testcase> <!-- @BeforeMethod goToHomePage -->
  <testcase classname="TestNG.VerifyHomePage" name="@AfterMethod afterMethod" time="-1.681212121808E9">
    <skipped/>
  </testcase> <!-- @AfterMethod afterMethod -->
  <testcase classname="TestNG.VerifyHomePage" name="@AfterClass clearObjects" time="-1.681212121809E9">
    <skipped/>
  </testcase> <!-- @AfterClass clearObjects -->
  <testcase classname="TestNG.VerifyAddToCartFunctionality" name="@AfterMethod logOut" time="-1.681212121815E9">
    <skipped/>
  </testcase> <!-- @AfterMethod logOut -->
  <testcase classname="TestNG.VerifyAddToCartFunctionality" name="@BeforeMethod goToHomePageItem" time="-1.681212121825E9">
    <skipped/>
  </testcase> <!-- @BeforeMethod goToHomePageItem -->
  <testcase classname="TestNG.VerifyAddToCartFunctionality" name="@AfterMethod logOut" time="-1.681212121836E9">
    <skipped/>
  </testcase> <!-- @AfterMethod logOut -->
  <testcase classname="TestNG.VerifyAddToCartFunctionality" name="@AfterClass clearObjects" time="-1.681212121842E9">
    <skipped/>
  </testcase> <!-- @AfterClass clearObjects -->
  <testcase classname="TestNG.VerifyAddToCartFunctionality" name="@AfterTest afterTest" time="-1.681212121848E9">
    <skipped/>
  </testcase> <!-- @AfterTest afterTest -->
  <testcase classname="TestNG.VerifyAmazonBusinessPage" name="@AfterTest afterTest" time="-1.681212121851E9">
    <skipped/>
  </testcase> <!-- @AfterTest afterTest -->
  <testcase classname="TestNG.VerifyHomePage" name="@AfterTest afterTest" time="-1.681212121853E9">
    <skipped/>
  </testcase> <!-- @AfterTest afterTest -->
  <testcase classname="TestNG.VerifyHomePage" name="@BeforeMethod goToHomePage" time="0.034">
    <failure type="org.openqa.selenium.NoSuchWindowException" message="no such window: target window already closed
from unknown error: web view not found
  (Session info: chrome=111.0.5563.148)
Build info: version: &amp;apos;3.141.59&amp;apos;, revision: &amp;apos;e82be7d358&amp;apos;, time: &amp;apos;2018-11-14T08:17:03&amp;apos;
System info: host: &amp;apos;DESKTOP-BHR3PSD&amp;apos;, ip: &amp;apos;192.168.1.3&amp;apos;, os.name: &amp;apos;Windows 11&amp;apos;, os.arch: &amp;apos;amd64&amp;apos;, os.version: &amp;apos;10.0&amp;apos;, java.version: &amp;apos;17.0.5&amp;apos;
Driver info: org.openqa.selenium.chrome.ChromeDriver
Capabilities {acceptInsecureCerts: false, browserName: chrome, browserVersion: 111.0.5563.148, chrome: {chromedriverVersion: 111.0.5563.64 (c710e93d5b63..., userDataDir: C:\Users\amol\AppData\Local...}, goog:chromeOptions: {debuggerAddress: localhost:59993}, javascriptEnabled: true, networkConnectionEnabled: false, pageLoadStrategy: normal, platform: WINDOWS, platformName: WINDOWS, proxy: Proxy(), setWindowRect: true, strictFileInteractability: false, timeouts: {implicit: 0, pageLoad: 300000, script: 30000}, unhandledPromptBehavior: dismiss and notify, webauthn:extension:credBlob: true, webauthn:extension:largeBlob: true, webauthn:extension:minPinLength: true, webauthn:extension:prf: true, webauthn:virtualAuthenticators: true}
Session ID: 8fcf847e71ef909b8462c36f92b1afbe">
      <![CDATA[org.openqa.selenium.NoSuchWindowException: no such window: target window already closed
from unknown error: web view not found
  (Session info: chrome=111.0.5563.148)
Build info: version: '3.141.59', revision: 'e82be7d358', time: '2018-11-14T08:17:03'
System info: host: 'DESKTOP-BHR3PSD', ip: '192.168.1.3', os.name: 'Windows 11', os.arch: 'amd64', os.version: '10.0', java.version: '17.0.5'
Driver info: org.openqa.selenium.chrome.ChromeDriver
Capabilities {acceptInsecureCerts: false, browserName: chrome, browserVersion: 111.0.5563.148, chrome: {chromedriverVersion: 111.0.5563.64 (c710e93d5b63..., userDataDir: C:\Users\amol\AppData\Local...}, goog:chromeOptions: {debuggerAddress: localhost:59993}, javascriptEnabled: true, networkConnectionEnabled: false, pageLoadStrategy: normal, platform: WINDOWS, platformName: WINDOWS, proxy: Proxy(), setWindowRect: true, strictFileInteractability: false, timeouts: {implicit: 0, pageLoad: 300000, script: 30000}, unhandledPromptBehavior: dismiss and notify, webauthn:extension:credBlob: true, webauthn:extension:largeBlob: true, webauthn:extension:minPinLength: true, webauthn:extension:prf: true, webauthn:virtualAuthenticators: true}
Session ID: 8fcf847e71ef909b8462c36f92b1afbe
at org.openqa.selenium.remote.http.W3CHttpResponseCodec.createException(W3CHttpResponseCodec.java:187)
at org.openqa.selenium.remote.http.W3CHttpResponseCodec.decode(W3CHttpResponseCodec.java:122)
at org.openqa.selenium.remote.http.W3CHttpResponseCodec.decode(W3CHttpResponseCodec.java:49)
at org.openqa.selenium.remote.HttpCommandExecutor.execute(HttpCommandExecutor.java:158)
at org.openqa.selenium.remote.service.DriverCommandExecutor.execute(DriverCommandExecutor.java:83)
at org.openqa.selenium.remote.RemoteWebDriver.execute(RemoteWebDriver.java:552)
at org.openqa.selenium.remote.RemoteWebDriver.get(RemoteWebDriver.java:277)
at TestNG.VerifyHomePage.goToHomePage(VerifyHomePage.java:64)
at java.base/java.util.concurrent.ThreadPoolExecutor.runWorker(ThreadPoolExecutor.java:1136)
at java.base/java.util.concurrent.ThreadPoolExecutor$Worker.run(ThreadPoolExecutor.java:635)
at java.base/java.lang.Thread.run(Thread.java:833)
... Removed 21 stack frames]]>
    </failure>
  </testcase> <!-- @BeforeMethod goToHomePage -->
  <testcase classname="TestNG.VerifyHomePage" name="@AfterMethod afterMethod" time="-1.681212134673E9">
    <skipped/>
  </testcase> <!-- @AfterMethod afterMethod -->
  <testcase classname="TestNG.VerifyHomePage" name="@BeforeMethod goToHomePage" time="-1.681212134677E9">
    <skipped/>
  </testcase> <!-- @BeforeMethod goToHomePage -->
  <testcase classname="TestNG.VerifyHomePage" name="@AfterMethod afterMethod" time="-1.681212134685E9">
    <skipped/>
  </testcase> <!-- @AfterMethod afterMethod -->
  <testcase classname="TestNG.VerifyHomePage" name="@AfterClass clearObjects" time="-1.681212134686E9">
    <skipped/>
  </testcase> <!-- @AfterClass clearObjects -->
  <testcase classname="TestNG.VerifyAmazonBusinessPage" name="@BeforeMethod goToAmazonBusinessPage" time="9.055">
    <failure type="org.openqa.selenium.NoSuchElementException" message="Cannot locate an element using xpath=//a[@href=&amp;apos;/business?ref=footer_aingw&amp;apos;]
For documentation on this error, please visit: https://www.seleniumhq.org/exceptions/no_such_element.html
Build info: version: &amp;apos;3.141.59&amp;apos;, revision: &amp;apos;e82be7d358&amp;apos;, time: &amp;apos;2018-11-14T08:17:03&amp;apos;
System info: host: &amp;apos;DESKTOP-BHR3PSD&amp;apos;, ip: &amp;apos;192.168.1.3&amp;apos;, os.name: &amp;apos;Windows 11&amp;apos;, os.arch: &amp;apos;amd64&amp;apos;, os.version: &amp;apos;10.0&amp;apos;, java.version: &amp;apos;17.0.5&amp;apos;
Driver info: driver.version: RemoteWebDriver">
      <![CDATA[org.openqa.selenium.NoSuchElementException: Cannot locate an element using xpath=//a[@href='/business?ref=footer_aingw']
For documentation on this error, please visit: https://www.seleniumhq.org/exceptions/no_such_element.html
Build info: version: '3.141.59', revision: 'e82be7d358', time: '2018-11-14T08:17:03'
System info: host: 'DESKTOP-BHR3PSD', ip: '192.168.1.3', os.name: 'Windows 11', os.arch: 'amd64', os.version: '10.0', java.version: '17.0.5'
Driver info: driver.version: RemoteWebDriver
at org.openqa.selenium.remote.RemoteWebDriver.findElement(RemoteWebDriver.java:327)
at org.openqa.selenium.remote.RemoteWebDriver.findElementByXPath(RemoteWebDriver.java:428)
at org.openqa.selenium.By$ByXPath.findElement(By.java:353)
at org.openqa.selenium.remote.RemoteWebDriver.findElement(RemoteWebDriver.java:315)
at org.openqa.selenium.support.pagefactory.DefaultElementLocator.findElement(DefaultElementLocator.java:69)
at org.openqa.selenium.support.pagefactory.internal.LocatingElementHandler.invoke(LocatingElementHandler.java:38)
at jdk.proxy2/jdk.proxy2.$Proxy17.click(Unknown Source)
at Page.HomePage.clickOnAmazonBusinessButton(HomePage.java:61)
at TestNG.VerifyAmazonBusinessPage.goToAmazonBusinessPage(VerifyAmazonBusinessPage.java:66)
at java.base/java.util.concurrent.ThreadPoolExecutor.runWorker(ThreadPoolExecutor.java:1136)
at java.base/java.util.concurrent.ThreadPoolExecutor$Worker.run(ThreadPoolExecutor.java:635)
at java.base/java.lang.Thread.run(Thread.java:833)
... Removed 16 stack frames]]>
    </failure>
  </testcase> <!-- @BeforeMethod goToAmazonBusinessPage -->
  <testcase classname="TestNG.VerifyAmazonBusinessPage" name="@AfterMethod afterMethod" time="-1.681212135364E9">
    <skipped/>
  </testcase> <!-- @AfterMethod afterMethod -->
  <testcase classname="TestNG.VerifyAmazonBusinessPage" name="@BeforeMethod goToAmazonBusinessPage" time="-1.681212135364E9">
    <skipped/>
  </testcase> <!-- @BeforeMethod goToAmazonBusinessPage -->
  <testcase classname="TestNG.VerifyAmazonBusinessPage" name="@AfterMethod afterMethod" time="-1.681212135372E9">
    <skipped/>
  </testcase> <!-- @AfterMethod afterMethod -->
  <testcase classname="TestNG.VerifyAmazonBusinessPage" name="@AfterClass clearObjects" time="-1.681212135372E9">
    <skipped/>
  </testcase> <!-- @AfterClass clearObjects -->
  <testcase classname="TestNG.VerifyAddToCartFunctionality" name="@BeforeMethod goToHomePageItem" time="10.248">
    <failure type="org.openqa.selenium.NoSuchWindowException" message="no such window: target window already closed
from unknown error: web view not found
  (Session info: chrome=111.0.5563.148)
Build info: version: &amp;apos;3.141.59&amp;apos;, revision: &amp;apos;e82be7d358&amp;apos;, time: &amp;apos;2018-11-14T08:17:03&amp;apos;
System info: host: &amp;apos;DESKTOP-BHR3PSD&amp;apos;, ip: &amp;apos;192.168.1.3&amp;apos;, os.name: &amp;apos;Windows 11&amp;apos;, os.arch: &amp;apos;amd64&amp;apos;, os.version: &amp;apos;10.0&amp;apos;, java.version: &amp;apos;17.0.5&amp;apos;
Driver info: org.openqa.selenium.chrome.ChromeDriver
Capabilities {acceptInsecureCerts: false, browserName: chrome, browserVersion: 111.0.5563.148, chrome: {chromedriverVersion: 111.0.5563.64 (c710e93d5b63..., userDataDir: C:\Users\amol\AppData\Local...}, goog:chromeOptions: {debuggerAddress: localhost:59915}, javascriptEnabled: true, networkConnectionEnabled: false, pageLoadStrategy: normal, platform: WINDOWS, platformName: WINDOWS, proxy: Proxy(), setWindowRect: true, strictFileInteractability: false, timeouts: {implicit: 0, pageLoad: 300000, script: 30000}, unhandledPromptBehavior: dismiss and notify, webauthn:extension:credBlob: true, webauthn:extension:largeBlob: true, webauthn:extension:minPinLength: true, webauthn:extension:prf: true, webauthn:virtualAuthenticators: true}
Session ID: 3be8a384356473d383ef16cb3bfa1816
*** Element info: {Using=xpath, value=(//div[@data-index=&amp;apos;2&amp;apos;]//div[2])[1]}">
      <![CDATA[org.openqa.selenium.NoSuchWindowException: no such window: target window already closed
from unknown error: web view not found
  (Session info: chrome=111.0.5563.148)
Build info: version: '3.141.59', revision: 'e82be7d358', time: '2018-11-14T08:17:03'
System info: host: 'DESKTOP-BHR3PSD', ip: '192.168.1.3', os.name: 'Windows 11', os.arch: 'amd64', os.version: '10.0', java.version: '17.0.5'
Driver info: org.openqa.selenium.chrome.ChromeDriver
Capabilities {acceptInsecureCerts: false, browserName: chrome, browserVersion: 111.0.5563.148, chrome: {chromedriverVersion: 111.0.5563.64 (c710e93d5b63..., userDataDir: C:\Users\amol\AppData\Local...}, goog:chromeOptions: {debuggerAddress: localhost:59915}, javascriptEnabled: true, networkConnectionEnabled: false, pageLoadStrategy: normal, platform: WINDOWS, platformName: WINDOWS, proxy: Proxy(), setWindowRect: true, strictFileInteractability: false, timeouts: {implicit: 0, pageLoad: 300000, script: 30000}, unhandledPromptBehavior: dismiss and notify, webauthn:extension:credBlob: true, webauthn:extension:largeBlob: true, webauthn:extension:minPinLength: true, webauthn:extension:prf: true, webauthn:virtualAuthenticators: true}
Session ID: 3be8a384356473d383ef16cb3bfa1816
*** Element info: {Using=xpath, value=(//div[@data-index='2']//div[2])[1]}
at org.openqa.selenium.remote.http.W3CHttpResponseCodec.createException(W3CHttpResponseCodec.java:187)
at org.openqa.selenium.remote.http.W3CHttpResponseCodec.decode(W3CHttpResponseCodec.java:122)
at org.openqa.selenium.remote.http.W3CHttpResponseCodec.decode(W3CHttpResponseCodec.java:49)
at org.openqa.selenium.remote.HttpCommandExecutor.execute(HttpCommandExecutor.java:158)
at org.openqa.selenium.remote.service.DriverCommandExecutor.execute(DriverCommandExecutor.java:83)
at org.openqa.selenium.remote.RemoteWebDriver.execute(RemoteWebDriver.java:552)
at org.openqa.selenium.remote.RemoteWebDriver.findElement(RemoteWebDriver.java:323)
at org.openqa.selenium.remote.RemoteWebDriver.findElementByXPath(RemoteWebDriver.java:428)
at org.openqa.selenium.By$ByXPath.findElement(By.java:353)
at org.openqa.selenium.remote.RemoteWebDriver.findElement(RemoteWebDriver.java:315)
at org.openqa.selenium.support.pagefactory.DefaultElementLocator.findElement(DefaultElementLocator.java:69)
at org.openqa.selenium.support.pagefactory.internal.LocatingElementHandler.invoke(LocatingElementHandler.java:38)
at jdk.proxy2/jdk.proxy2.$Proxy17.click(Unknown Source)
at Page.ResultPage.clickOnFirstMobileDisplayed(ResultPage.java:21)
at TestNG.VerifyAddToCartFunctionality.goToHomePageItem(VerifyAddToCartFunctionality.java:68)
at java.base/java.util.concurrent.ThreadPoolExecutor.runWorker(ThreadPoolExecutor.java:1136)
at java.base/java.util.concurrent.ThreadPoolExecutor$Worker.run(ThreadPoolExecutor.java:635)
at java.base/java.lang.Thread.run(Thread.java:833)
... Removed 21 stack frames]]>
    </failure>
  </testcase> <!-- @BeforeMethod goToHomePageItem -->
  <testcase classname="TestNG.VerifyAddToCartFunctionality" name="@AfterMethod logOut" time="-1.681212136546E9">
    <skipped/>
  </testcase> <!-- @AfterMethod logOut -->
  <testcase classname="TestNG.VerifyAddToCartFunctionality" name="@BeforeMethod goToHomePageItem" time="-1.681212136551E9">
    <skipped/>
  </testcase> <!-- @BeforeMethod goToHomePageItem -->
  <testcase classname="TestNG.VerifyAddToCartFunctionality" name="@AfterMethod logOut" time="-1.681212136561E9">
    <skipped/>
  </testcase> <!-- @AfterMethod logOut -->
  <testcase classname="TestNG.VerifyAddToCartFunctionality" name="@BeforeMethod goToHomePageItem" time="-1.681212136577E9">
    <skipped/>
  </testcase> <!-- @BeforeMethod goToHomePageItem -->
  <testcase classname="TestNG.VerifyAddToCartFunctionality" name="@AfterMethod logOut" time="-1.681212136593E9">
    <skipped/>
  </testcase> <!-- @AfterMethod logOut -->
  <testcase classname="TestNG.VerifyAddToCartFunctionality" name="@AfterClass clearObjects" time="-1.681212136599E9">
    <skipped/>
  </testcase> <!-- @AfterClass clearObjects -->
  <testcase classname="TestNG.VerifyAddToCartFunctionality" name="@AfterTest afterTest" time="-1.68121213661E9">
    <skipped/>
  </testcase> <!-- @AfterTest afterTest -->
  <testcase classname="TestNG.VerifyAmazonBusinessPage" name="@AfterTest afterTest" time="-1.681212136629E9">
    <skipped/>
  </testcase> <!-- @AfterTest afterTest -->
  <testcase classname="TestNG.VerifyHomePage" name="@AfterTest afterTest" time="-1.681212136629E9">
    <skipped/>
  </testcase> <!-- @AfterTest afterTest -->
  <testcase classname="TestNG.VerifyHomePage" name="verifyAmazonMiniTvPage" time="2.943">
    <failure type="org.openqa.selenium.NoSuchWindowException" message="no such window: target window already closed
from unknown error: web view not found
  (Session info: chrome=111.0.5563.148)
Build info: version: &amp;apos;3.141.59&amp;apos;, revision: &amp;apos;e82be7d358&amp;apos;, time: &amp;apos;2018-11-14T08:17:03&amp;apos;
System info: host: &amp;apos;DESKTOP-BHR3PSD&amp;apos;, ip: &amp;apos;192.168.1.3&amp;apos;, os.name: &amp;apos;Windows 11&amp;apos;, os.arch: &amp;apos;amd64&amp;apos;, os.version: &amp;apos;10.0&amp;apos;, java.version: &amp;apos;17.0.5&amp;apos;
Driver info: org.openqa.selenium.chrome.ChromeDriver
Capabilities {acceptInsecureCerts: false, browserName: chrome, browserVersion: 111.0.5563.148, chrome: {chromedriverVersion: 111.0.5563.64 (c710e93d5b63..., userDataDir: C:\Users\amol\AppData\Local...}, goog:chromeOptions: {debuggerAddress: localhost:59993}, javascriptEnabled: true, networkConnectionEnabled: false, pageLoadStrategy: normal, platform: WINDOWS, platformName: WINDOWS, proxy: Proxy(), setWindowRect: true, strictFileInteractability: false, timeouts: {implicit: 0, pageLoad: 300000, script: 30000}, unhandledPromptBehavior: dismiss and notify, webauthn:extension:credBlob: true, webauthn:extension:largeBlob: true, webauthn:extension:minPinLength: true, webauthn:extension:prf: true, webauthn:virtualAuthenticators: true}
Session ID: 8fcf847e71ef909b8462c36f92b1afbe
*** Element info: {Using=xpath, value=//h1[text()=&amp;apos;Web Series&amp;apos;]}">
      <![CDATA[org.openqa.selenium.NoSuchWindowException: no such window: target window already closed
from unknown error: web view not found
  (Session info: chrome=111.0.5563.148)
Build info: version: '3.141.59', revision: 'e82be7d358', time: '2018-11-14T08:17:03'
System info: host: 'DESKTOP-BHR3PSD', ip: '192.168.1.3', os.name: 'Windows 11', os.arch: 'amd64', os.version: '10.0', java.version: '17.0.5'
Driver info: org.openqa.selenium.chrome.ChromeDriver
Capabilities {acceptInsecureCerts: false, browserName: chrome, browserVersion: 111.0.5563.148, chrome: {chromedriverVersion: 111.0.5563.64 (c710e93d5b63..., userDataDir: C:\Users\amol\AppData\Local...}, goog:chromeOptions: {debuggerAddress: localhost:59993}, javascriptEnabled: true, networkConnectionEnabled: false, pageLoadStrategy: normal, platform: WINDOWS, platformName: WINDOWS, proxy: Proxy(), setWindowRect: true, strictFileInteractability: false, timeouts: {implicit: 0, pageLoad: 300000, script: 30000}, unhandledPromptBehavior: dismiss and notify, webauthn:extension:credBlob: true, webauthn:extension:largeBlob: true, webauthn:extension:minPinLength: true, webauthn:extension:prf: true, webauthn:virtualAuthenticators: true}
Session ID: 8fcf847e71ef909b8462c36f92b1afbe
*** Element info: {Using=xpath, value=//h1[text()='Web Series']}
at org.openqa.selenium.remote.http.W3CHttpResponseCodec.createException(W3CHttpResponseCodec.java:187)
at org.openqa.selenium.remote.http.W3CHttpResponseCodec.decode(W3CHttpResponseCodec.java:122)
at org.openqa.selenium.remote.http.W3CHttpResponseCodec.decode(W3CHttpResponseCodec.java:49)
at org.openqa.selenium.remote.HttpCommandExecutor.execute(HttpCommandExecutor.java:158)
at org.openqa.selenium.remote.service.DriverCommandExecutor.execute(DriverCommandExecutor.java:83)
at org.openqa.selenium.remote.RemoteWebDriver.execute(RemoteWebDriver.java:552)
at org.openqa.selenium.remote.RemoteWebDriver.findElement(RemoteWebDriver.java:323)
at org.openqa.selenium.remote.RemoteWebDriver.findElementByXPath(RemoteWebDriver.java:428)
at org.openqa.selenium.By$ByXPath.findElement(By.java:353)
at org.openqa.selenium.remote.RemoteWebDriver.findElement(RemoteWebDriver.java:315)
at org.openqa.selenium.support.pagefactory.DefaultElementLocator.findElement(DefaultElementLocator.java:69)
at org.openqa.selenium.support.pagefactory.internal.LocatingElementHandler.invoke(LocatingElementHandler.java:38)
at jdk.proxy2/jdk.proxy2.$Proxy17.click(Unknown Source)
at Page.AmazonMiniTvPage.clickOnWebSeriesButton(AmazonMiniTvPage.java:30)
at TestNG.VerifyHomePage.verifyAmazonMiniTvPage(VerifyHomePage.java:72)
at java.base/java.util.concurrent.ThreadPoolExecutor.runWorker(ThreadPoolExecutor.java:1136)
at java.base/java.util.concurrent.ThreadPoolExecutor$Worker.run(ThreadPoolExecutor.java:635)
at java.base/java.lang.Thread.run(Thread.java:833)
... Removed 17 stack frames]]>
    </failure>
  </testcase> <!-- verifyAmazonMiniTvPage -->
  <testcase classname="TestNG.VerifyHomePage" name="verifySearchTextBox" time="0.0">
    <skipped/>
  </testcase> <!-- verifySearchTextBox -->
  <testcase classname="TestNG.VerifyHomePage" name="verifySignInPage" time="0.0">
    <skipped/>
  </testcase> <!-- verifySignInPage -->
  <testcase classname="TestNG.VerifyAmazonBusinessPage" name="verifyAmazonBusinessPage" time="0.0">
    <skipped/>
  </testcase> <!-- verifyAmazonBusinessPage -->
  <testcase classname="TestNG.VerifyAmazonBusinessPage" name="verifyLearnMoreAboutAmazonLink" time="0.0">
    <skipped/>
  </testcase> <!-- verifyLearnMoreAboutAmazonLink -->
  <testcase classname="TestNG.VerifyAddToCartFunctionality" name="verifyTextOnCartPage" time="0.0">
    <skipped/>
  </testcase> <!-- verifyTextOnCartPage -->
  <testcase classname="TestNG.VerifyAddToCartFunctionality" name="verifyProceedToCheckOutButton" time="0.0">
    <skipped/>
  </testcase> <!-- verifyProceedToCheckOutButton -->
  <testcase classname="TestNG.VerifyAddToCartFunctionality" name="verifyCartButton" time="0.0">
    <skipped/>
  </testcase> <!-- verifyCartButton -->
</testsuite> <!-- ChromeTest -->
