<html>
<head>
<title>TestNG:  EdgeTest</title>
<link href="../testng.css" rel="stylesheet" type="text/css" />
<link href="../my-testng.css" rel="stylesheet" type="text/css" />

<style type="text/css">
.log { display: none;} 
.stack-trace { display: none;} 
</style>
<script type="text/javascript">
<!--
function flip(e) {
  current = e.style.display;
  if (current == 'block') {
    e.style.display = 'none';
    return 0;
  }
  else {
    e.style.display = 'block';
    return 1;
  }
}

function toggleBox(szDivId, elem, msg1, msg2)
{
  var res = -1;  if (document.getElementById) {
    res = flip(document.getElementById(szDivId));
  }
  else if (document.all) {
    // this is the way old msie versions work
    res = flip(document.all[szDivId]);
  }
  if(elem) {
    if(res == 0) elem.innerHTML = msg1; else elem.innerHTML = msg2;
  }

}

function toggleAllBoxes() {
  if (document.getElementsByTagName) {
    d = document.getElementsByTagName('div');
    for (i = 0; i < d.length; i++) {
      if (d[i].className == 'log') {
        flip(d[i]);
      }
    }
  }
}

// -->
</script>

</head>
<body>
<h2 align='center'>EdgeTest</h2><table border='1' align="center">
<tr>
<td>Tests passed/Failed/Skipped:</td><td>0/0/8</td>
</tr><tr>
<td>Started on:</td><td>Tue Apr 11 16:51:55 IST 2023</td>
</tr>
<tr><td>Total time:</td><td>6 seconds (6364 ms)</td>
</tr><tr>
<td>Included groups:</td><td></td>
</tr><tr>
<td>Excluded groups:</td><td></td>
</tr>
</table><p/>
<small><i>(Hover the method name to see the test class name)</i></small><p/>
<table width='100%' border='1' class='invocation-failed'>
<tr><td colspan='4' align='center'><b>FAILED CONFIGURATIONS</b></td></tr>
<tr><td><b>Test method</b></td>
<td width="30%"><b>Exception</b></td>
<td width="10%"><b>Time (seconds)</b></td>
<td><b>Instance</b></td>
</tr>
<tr>
<td title='TestNG.VerifyAddToCartFunctionality.openBrowser()'><b>openBrowser</b><br>Test class: TestNG.VerifyAddToCartFunctionality<br>Parameters: Edge</td>
<td><div><pre>org.openqa.selenium.WebDriverException: disconnected: not connected to DevTools
  (failed to check if window was closed: disconnected: not connected to DevTools)
  (Session info: MicrosoftEdge=112.0.1722.34)
Build info: version: &apos;3.141.59&apos;, revision: &apos;e82be7d358&apos;, time: &apos;2018-11-14T08:17:03&apos;
System info: host: &apos;DESKTOP-BHR3PSD&apos;, ip: &apos;192.168.1.3&apos;, os.name: &apos;Windows 11&apos;, os.arch: &apos;amd64&apos;, os.version: &apos;10.0&apos;, java.version: &apos;17.0.5&apos;
Driver info: driver.version: EdgeDriver
remote stacktrace: Backtrace:
	Microsoft::Applications::Events::EventProperties::SetProperty [0x00007FF7A8E5A5C2+12658]
	Microsoft::Applications::Events::EventProperty::EventProperty [0x00007FF7A8DF2862+747634]
	(No symbol) [0x00007FF7A8A8DD2E]
	(No symbol) [0x00007FF7A8A77C01]
	(No symbol) [0x00007FF7A8A79001]
	(No symbol) [0x00007FF7A8A78F30]
	(No symbol) [0x00007FF7A8A66202]
	(No symbol) [0x00007FF7A8A65D7A]
	(No symbol) [0x00007FF7A8AF7316]
	(No symbol) [0x00007FF7A8AEF1C3]
	(No symbol) [0x00007FF7A8AC17D6]
	(No symbol) [0x00007FF7A8AC09B5]
	(No symbol) [0x00007FF7A8AC1F44]
	Microsoft::Applications::Events::EventProperties::SetProperty [0x00007FF7A8D05530+147088]
	(No symbol) [0x00007FF7A8BA91A6]
	Microsoft::Applications::Events::EventProperty::EventProperty [0x00007FF7A8D44497+33959]
	Microsoft::Applications::Events::EventProperty::EventProperty [0x00007FF7A8D47F65+49013]
	Microsoft::Applications::Events::ILogManager::DispatchEventBroadcast [0x00007FF7A9039933+1305299]
	Microsoft::Applications::Events::EventProperty::EventProperty [0x00007FF7A8DFAE1C+781868]
	Microsoft::Applications::Events::EventProperty::EventProperty [0x00007FF7A8E00344+803668]
	Microsoft::Applications::Events::EventProperty::EventProperty [0x00007FF7A8E0049C+804012]
	Microsoft::Applications::Events::EventProperty::EventProperty [0x00007FF7A8E085A1+837041]
	BaseThreadInitThunk [0x00007FFD5D75269D+29]
	RtlUserThreadStart [0x00007FFD5ECAA9F8+40]

	at org.openqa.selenium.remote.W3CHandshakeResponse.lambda$errorHandler$0(W3CHandshakeResponse.java:62)
	at org.openqa.selenium.remote.HandshakeResponse.lambda$getResponseFunction$0(HandshakeResponse.java:30)
	at org.openqa.selenium.remote.ProtocolHandshake.lambda$createSession$0(ProtocolHandshake.java:126)
	at java.base/java.util.stream.ReferencePipeline$3$1.accept(ReferencePipeline.java:197)
	at java.base/java.util.Spliterators$ArraySpliterator.tryAdvance(Spliterators.java:1002)
	at java.base/java.util.stream.ReferencePipeline.forEachWithCancel(ReferencePipeline.java:129)
	at java.base/java.util.stream.AbstractPipeline.copyIntoWithCancel(AbstractPipeline.java:527)
	at java.base/java.util.stream.AbstractPipeline.copyInto(AbstractPipeline.java:513)
	at java.base/java.util.stream.AbstractPipeline.wrapAndCopyInto(AbstractPipeline.java:499)
	at java.base/java.util.stream.FindOps$FindOp.evaluateSequential(FindOps.java:150)
	at java.base/java.util.stream.AbstractPipeline.evaluate(AbstractPipeline.java:234)
	at java.base/java.util.stream.ReferencePipeline.findFirst(ReferencePipeline.java:647)
	at org.openqa.selenium.remote.ProtocolHandshake.createSession(ProtocolHandshake.java:128)
	at org.openqa.selenium.remote.ProtocolHandshake.createSession(ProtocolHandshake.java:74)
	at org.openqa.selenium.remote.HttpCommandExecutor.execute(HttpCommandExecutor.java:136)
	at org.openqa.selenium.remote.service.DriverCommandExecutor.execute(DriverCommandExecutor.java:83)
	at org.openqa.selenium.remote.RemoteWebDriver.execute(RemoteWebDriver.java:552)
	at org.openqa.selenium.remote.RemoteWebDriver.startSession(RemoteWebDriver.java:213)
	at org.openqa.selenium.remote.RemoteWebDriver.&lt;init&gt;(RemoteWebDriver.java:131)
	at org.openqa.selenium.edge.EdgeDriver.&lt;init&gt;(EdgeDriver.java:141)
	at org.openqa.selenium.edge.EdgeDriver.&lt;init&gt;(EdgeDriver.java:96)
	at browserSetup.Base.openEdgeBrowser(Base.java:20)
	at TestNG.VerifyAddToCartFunctionality.openBrowser(VerifyAddToCartFunctionality.java:47)
	at java.base/java.util.concurrent.FutureTask.run(FutureTask.java:264)
	at java.base/java.util.concurrent.ThreadPoolExecutor.runWorker(ThreadPoolExecutor.java:1136)
	at java.base/java.util.concurrent.ThreadPoolExecutor$Worker.run(ThreadPoolExecutor.java:635)
	at java.base/java.lang.Thread.run(Thread.java:833)
... Removed 20 stack frames</pre></div><a href='#' onClick='toggleBox("stack-trace2101286610", this, "Click to show all stack frames", "Click to hide stack frames")'>Click to show all stack frames</a>
<div class='stack-trace' id='stack-trace2101286610'><pre>org.openqa.selenium.WebDriverException: disconnected: not connected to DevTools
  (failed to check if window was closed: disconnected: not connected to DevTools)
  (Session info: MicrosoftEdge=112.0.1722.34)
Build info: version: &apos;3.141.59&apos;, revision: &apos;e82be7d358&apos;, time: &apos;2018-11-14T08:17:03&apos;
System info: host: &apos;DESKTOP-BHR3PSD&apos;, ip: &apos;192.168.1.3&apos;, os.name: &apos;Windows 11&apos;, os.arch: &apos;amd64&apos;, os.version: &apos;10.0&apos;, java.version: &apos;17.0.5&apos;
Driver info: driver.version: EdgeDriver
remote stacktrace: Backtrace:
	Microsoft::Applications::Events::EventProperties::SetProperty [0x00007FF7A8E5A5C2+12658]
	Microsoft::Applications::Events::EventProperty::EventProperty [0x00007FF7A8DF2862+747634]
	(No symbol) [0x00007FF7A8A8DD2E]
	(No symbol) [0x00007FF7A8A77C01]
	(No symbol) [0x00007FF7A8A79001]
	(No symbol) [0x00007FF7A8A78F30]
	(No symbol) [0x00007FF7A8A66202]
	(No symbol) [0x00007FF7A8A65D7A]
	(No symbol) [0x00007FF7A8AF7316]
	(No symbol) [0x00007FF7A8AEF1C3]
	(No symbol) [0x00007FF7A8AC17D6]
	(No symbol) [0x00007FF7A8AC09B5]
	(No symbol) [0x00007FF7A8AC1F44]
	Microsoft::Applications::Events::EventProperties::SetProperty [0x00007FF7A8D05530+147088]
	(No symbol) [0x00007FF7A8BA91A6]
	Microsoft::Applications::Events::EventProperty::EventProperty [0x00007FF7A8D44497+33959]
	Microsoft::Applications::Events::EventProperty::EventProperty [0x00007FF7A8D47F65+49013]
	Microsoft::Applications::Events::ILogManager::DispatchEventBroadcast [0x00007FF7A9039933+1305299]
	Microsoft::Applications::Events::EventProperty::EventProperty [0x00007FF7A8DFAE1C+781868]
	Microsoft::Applications::Events::EventProperty::EventProperty [0x00007FF7A8E00344+803668]
	Microsoft::Applications::Events::EventProperty::EventProperty [0x00007FF7A8E0049C+804012]
	Microsoft::Applications::Events::EventProperty::EventProperty [0x00007FF7A8E085A1+837041]
	BaseThreadInitThunk [0x00007FFD5D75269D+29]
	RtlUserThreadStart [0x00007FFD5ECAA9F8+40]

	at java.base/jdk.internal.reflect.NativeConstructorAccessorImpl.newInstance0(Native Method)
	at java.base/jdk.internal.reflect.NativeConstructorAccessorImpl.newInstance(NativeConstructorAccessorImpl.java:77)
	at java.base/jdk.internal.reflect.DelegatingConstructorAccessorImpl.newInstance(DelegatingConstructorAccessorImpl.java:45)
	at java.base/java.lang.reflect.Constructor.newInstanceWithCaller(Constructor.java:499)
	at java.base/java.lang.reflect.Constructor.newInstance(Constructor.java:480)
	at org.openqa.selenium.remote.W3CHandshakeResponse.lambda$errorHandler$0(W3CHandshakeResponse.java:62)
	at org.openqa.selenium.remote.HandshakeResponse.lambda$getResponseFunction$0(HandshakeResponse.java:30)
	at org.openqa.selenium.remote.ProtocolHandshake.lambda$createSession$0(ProtocolHandshake.java:126)
	at java.base/java.util.stream.ReferencePipeline$3$1.accept(ReferencePipeline.java:197)
	at java.base/java.util.Spliterators$ArraySpliterator.tryAdvance(Spliterators.java:1002)
	at java.base/java.util.stream.ReferencePipeline.forEachWithCancel(ReferencePipeline.java:129)
	at java.base/java.util.stream.AbstractPipeline.copyIntoWithCancel(AbstractPipeline.java:527)
	at java.base/java.util.stream.AbstractPipeline.copyInto(AbstractPipeline.java:513)
	at java.base/java.util.stream.AbstractPipeline.wrapAndCopyInto(AbstractPipeline.java:499)
	at java.base/java.util.stream.FindOps$FindOp.evaluateSequential(FindOps.java:150)
	at java.base/java.util.stream.AbstractPipeline.evaluate(AbstractPipeline.java:234)
	at java.base/java.util.stream.ReferencePipeline.findFirst(ReferencePipeline.java:647)
	at org.openqa.selenium.remote.ProtocolHandshake.createSession(ProtocolHandshake.java:128)
	at org.openqa.selenium.remote.ProtocolHandshake.createSession(ProtocolHandshake.java:74)
	at org.openqa.selenium.remote.HttpCommandExecutor.execute(HttpCommandExecutor.java:136)
	at org.openqa.selenium.remote.service.DriverCommandExecutor.execute(DriverCommandExecutor.java:83)
	at org.openqa.selenium.remote.RemoteWebDriver.execute(RemoteWebDriver.java:552)
	at org.openqa.selenium.remote.RemoteWebDriver.startSession(RemoteWebDriver.java:213)
	at org.openqa.selenium.remote.RemoteWebDriver.&lt;init&gt;(RemoteWebDriver.java:131)
	at org.openqa.selenium.edge.EdgeDriver.&lt;init&gt;(EdgeDriver.java:141)
	at org.openqa.selenium.edge.EdgeDriver.&lt;init&gt;(EdgeDriver.java:96)
	at browserSetup.Base.openEdgeBrowser(Base.java:20)
	at TestNG.VerifyAddToCartFunctionality.openBrowser(VerifyAddToCartFunctionality.java:47)
	at java.base/jdk.internal.reflect.NativeMethodAccessorImpl.invoke0(Native Method)
	at java.base/jdk.internal.reflect.NativeMethodAccessorImpl.invoke(NativeMethodAccessorImpl.java:77)
	at java.base/jdk.internal.reflect.DelegatingMethodAccessorImpl.invoke(DelegatingMethodAccessorImpl.java:43)
	at java.base/java.lang.reflect.Method.invoke(Method.java:568)
	at org.testng.internal.MethodInvocationHelper.invokeMethod(MethodInvocationHelper.java:133)
	at org.testng.internal.MethodInvocationHelper.invokeMethodConsideringTimeout(MethodInvocationHelper.java:62)
	at org.testng.internal.ConfigInvoker.invokeConfigurationMethod(ConfigInvoker.java:385)
	at org.testng.internal.ConfigInvoker.invokeConfigurations(ConfigInvoker.java:321)
	at org.testng.TestRunner.invokeTestConfigurations(TestRunner.java:637)
	at org.testng.TestRunner.beforeRun(TestRunner.java:627)
	at org.testng.TestRunner.run(TestRunner.java:589)
	at org.testng.SuiteRunner.runTest(SuiteRunner.java:377)
	at org.testng.SuiteRunner.access$000(SuiteRunner.java:28)
	at org.testng.SuiteRunner$SuiteWorker.run(SuiteRunner.java:418)
	at org.testng.internal.thread.ThreadUtil.lambda$execute$0(ThreadUtil.java:64)
	at java.base/java.util.concurrent.FutureTask.run(FutureTask.java:264)
	at java.base/java.util.concurrent.ThreadPoolExecutor.runWorker(ThreadPoolExecutor.java:1136)
	at java.base/java.util.concurrent.ThreadPoolExecutor$Worker.run(ThreadPoolExecutor.java:635)
	at java.base/java.lang.Thread.run(Thread.java:833)
</pre></div></td>
<td>5</td>
<td>TestNG.VerifyAddToCartFunctionality@3ce1e309</td></tr>
</table><p>
<table width='100%' border='1' class='invocation-skipped'>
<tr><td colspan='4' align='center'><b>SKIPPED CONFIGURATIONS</b></td></tr>
<tr><td><b>Test method</b></td>
<td width="30%"><b>Exception</b></td>
<td width="10%"><b>Time (seconds)</b></td>
<td><b>Instance</b></td>
</tr>
<tr>
<td title='TestNG.VerifyHomePage.afterMethod()'><b>afterMethod</b><br>Test class: TestNG.VerifyHomePage</td>
<td></td>
<td>-1681212121</td>
<td>TestNG.VerifyHomePage@71809907</td></tr>
<tr>
<td title='TestNG.VerifyAddToCartFunctionality.logOut()'><b>logOut</b><br>Test class: TestNG.VerifyAddToCartFunctionality</td>
<td></td>
<td>-1681212121</td>
<td>TestNG.VerifyAddToCartFunctionality@3ce1e309</td></tr>
<tr>
<td title='TestNG.VerifyAddToCartFunctionality.goToHomePageItem()'><b>goToHomePageItem</b><br>Test class: TestNG.VerifyAddToCartFunctionality</td>
<td></td>
<td>-1681212121</td>
<td>TestNG.VerifyAddToCartFunctionality@3ce1e309</td></tr>
<tr>
<td title='TestNG.VerifyAmazonBusinessPage.createPOMObject()'><b>createPOMObject</b><br>Test class: TestNG.VerifyAmazonBusinessPage</td>
<td></td>
<td>-1681212121</td>
<td>TestNG.VerifyAmazonBusinessPage@6e20b53a</td></tr>
<tr>
<td title='TestNG.VerifyHomePage.afterMethod()'><b>afterMethod</b><br>Test class: TestNG.VerifyHomePage</td>
<td></td>
<td>-1681212121</td>
<td>TestNG.VerifyHomePage@71809907</td></tr>
<tr>
<td title='TestNG.VerifyHomePage.goToHomePage()'><b>goToHomePage</b><br>Test class: TestNG.VerifyHomePage</td>
<td></td>
<td>-1681212121</td>
<td>TestNG.VerifyHomePage@71809907</td></tr>
<tr>
<td title='TestNG.VerifyHomePage.openBrowser()'><b>openBrowser</b><br>Test class: TestNG.VerifyHomePage</td>
<td></td>
<td>-1681212121</td>
<td>TestNG.VerifyHomePage@71809907</td></tr>
<tr>
<td title='TestNG.VerifyAmazonBusinessPage.afterMethod()'><b>afterMethod</b><br>Test class: TestNG.VerifyAmazonBusinessPage</td>
<td></td>
<td>-1681212121</td>
<td>TestNG.VerifyAmazonBusinessPage@6e20b53a</td></tr>
<tr>
<td title='TestNG.VerifyAddToCartFunctionality.logOut()'><b>logOut</b><br>Test class: TestNG.VerifyAddToCartFunctionality</td>
<td></td>
<td>-1681212121</td>
<td>TestNG.VerifyAddToCartFunctionality@3ce1e309</td></tr>
<tr>
<td title='TestNG.VerifyAddToCartFunctionality.goToHomePageItem()'><b>goToHomePageItem</b><br>Test class: TestNG.VerifyAddToCartFunctionality</td>
<td></td>
<td>-1681212121</td>
<td>TestNG.VerifyAddToCartFunctionality@3ce1e309</td></tr>
<tr>
<td title='TestNG.VerifyHomePage.afterMethod()'><b>afterMethod</b><br>Test class: TestNG.VerifyHomePage</td>
<td></td>
<td>-1681212121</td>
<td>TestNG.VerifyHomePage@71809907</td></tr>
<tr>
<td title='TestNG.VerifyAddToCartFunctionality.goToHomePageItem()'><b>goToHomePageItem</b><br>Test class: TestNG.VerifyAddToCartFunctionality</td>
<td></td>
<td>-1681212121</td>
<td>TestNG.VerifyAddToCartFunctionality@3ce1e309</td></tr>
<tr>
<td title='TestNG.VerifyAmazonBusinessPage.afterMethod()'><b>afterMethod</b><br>Test class: TestNG.VerifyAmazonBusinessPage</td>
<td></td>
<td>-1681212121</td>
<td>TestNG.VerifyAmazonBusinessPage@6e20b53a</td></tr>
<tr>
<td title='TestNG.VerifyAddToCartFunctionality.afterTest()'><b>afterTest</b><br>Test class: TestNG.VerifyAddToCartFunctionality</td>
<td></td>
<td>-1681212121</td>
<td>TestNG.VerifyAddToCartFunctionality@3ce1e309</td></tr>
<tr>
<td title='TestNG.VerifyAddToCartFunctionality.logOut()'><b>logOut</b><br>Test class: TestNG.VerifyAddToCartFunctionality</td>
<td></td>
<td>-1681212121</td>
<td>TestNG.VerifyAddToCartFunctionality@3ce1e309</td></tr>
<tr>
<td title='TestNG.VerifyHomePage.clearObjects()'><b>clearObjects</b><br>Test class: TestNG.VerifyHomePage</td>
<td></td>
<td>-1681212121</td>
<td>TestNG.VerifyHomePage@71809907</td></tr>
<tr>
<td title='TestNG.VerifyHomePage.goToHomePage()'><b>goToHomePage</b><br>Test class: TestNG.VerifyHomePage</td>
<td></td>
<td>-1681212121</td>
<td>TestNG.VerifyHomePage@71809907</td></tr>
<tr>
<td title='TestNG.VerifyAmazonBusinessPage.goToAmazonBusinessPage()'><b>goToAmazonBusinessPage</b><br>Test class: TestNG.VerifyAmazonBusinessPage</td>
<td></td>
<td>-1681212121</td>
<td>TestNG.VerifyAmazonBusinessPage@6e20b53a</td></tr>
<tr>
<td title='TestNG.VerifyAddToCartFunctionality.createPOMObject()'><b>createPOMObject</b><br>Test class: TestNG.VerifyAddToCartFunctionality</td>
<td></td>
<td>-1681212121</td>
<td>TestNG.VerifyAddToCartFunctionality@3ce1e309</td></tr>
<tr>
<td title='TestNG.VerifyAmazonBusinessPage.openBrowser()'><b>openBrowser</b><br>Test class: TestNG.VerifyAmazonBusinessPage</td>
<td></td>
<td>-1681212121</td>
<td>TestNG.VerifyAmazonBusinessPage@6e20b53a</td></tr>
<tr>
<td title='TestNG.VerifyAmazonBusinessPage.clearObjects()'><b>clearObjects</b><br>Test class: TestNG.VerifyAmazonBusinessPage</td>
<td></td>
<td>-1681212121</td>
<td>TestNG.VerifyAmazonBusinessPage@6e20b53a</td></tr>
<tr>
<td title='TestNG.VerifyHomePage.goToHomePage()'><b>goToHomePage</b><br>Test class: TestNG.VerifyHomePage</td>
<td></td>
<td>-1681212121</td>
<td>TestNG.VerifyHomePage@71809907</td></tr>
<tr>
<td title='TestNG.VerifyAddToCartFunctionality.clearObjects()'><b>clearObjects</b><br>Test class: TestNG.VerifyAddToCartFunctionality</td>
<td></td>
<td>-1681212121</td>
<td>TestNG.VerifyAddToCartFunctionality@3ce1e309</td></tr>
<tr>
<td title='TestNG.VerifyHomePage.createPOMObjects()'><b>createPOMObjects</b><br>Test class: TestNG.VerifyHomePage</td>
<td></td>
<td>-1681212121</td>
<td>TestNG.VerifyHomePage@71809907</td></tr>
<tr>
<td title='TestNG.VerifyHomePage.afterTest()'><b>afterTest</b><br>Test class: TestNG.VerifyHomePage</td>
<td></td>
<td>-1681212121</td>
<td>TestNG.VerifyHomePage@71809907</td></tr>
<tr>
<td title='TestNG.VerifyAmazonBusinessPage.goToAmazonBusinessPage()'><b>goToAmazonBusinessPage</b><br>Test class: TestNG.VerifyAmazonBusinessPage</td>
<td></td>
<td>-1681212121</td>
<td>TestNG.VerifyAmazonBusinessPage@6e20b53a</td></tr>
<tr>
<td title='TestNG.VerifyAmazonBusinessPage.afterTest()'><b>afterTest</b><br>Test class: TestNG.VerifyAmazonBusinessPage</td>
<td></td>
<td>-1681212121</td>
<td>TestNG.VerifyAmazonBusinessPage@6e20b53a</td></tr>
</table><p>
<table width='100%' border='1' class='invocation-skipped'>
<tr><td colspan='4' align='center'><b>SKIPPED TESTS</b></td></tr>
<tr><td><b>Test method</b></td>
<td width="30%"><b>Exception</b></td>
<td width="10%"><b>Time (seconds)</b></td>
<td><b>Instance</b></td>
</tr>
<tr>
<td title='TestNG.VerifyAddToCartFunctionality.verifyProceedToCheckOutButton()'><b>verifyProceedToCheckOutButton</b><br>Test class: TestNG.VerifyAddToCartFunctionality</td>
<td><div><pre>org.openqa.selenium.WebDriverException: disconnected: not connected to DevTools
  (failed to check if window was closed: disconnected: not connected to DevTools)
  (Session info: MicrosoftEdge=112.0.1722.34)
Build info: version: &apos;3.141.59&apos;, revision: &apos;e82be7d358&apos;, time: &apos;2018-11-14T08:17:03&apos;
System info: host: &apos;DESKTOP-BHR3PSD&apos;, ip: &apos;192.168.1.3&apos;, os.name: &apos;Windows 11&apos;, os.arch: &apos;amd64&apos;, os.version: &apos;10.0&apos;, java.version: &apos;17.0.5&apos;
Driver info: driver.version: EdgeDriver
remote stacktrace: Backtrace:
	Microsoft::Applications::Events::EventProperties::SetProperty [0x00007FF7A8E5A5C2+12658]
	Microsoft::Applications::Events::EventProperty::EventProperty [0x00007FF7A8DF2862+747634]
	(No symbol) [0x00007FF7A8A8DD2E]
	(No symbol) [0x00007FF7A8A77C01]
	(No symbol) [0x00007FF7A8A79001]
	(No symbol) [0x00007FF7A8A78F30]
	(No symbol) [0x00007FF7A8A66202]
	(No symbol) [0x00007FF7A8A65D7A]
	(No symbol) [0x00007FF7A8AF7316]
	(No symbol) [0x00007FF7A8AEF1C3]
	(No symbol) [0x00007FF7A8AC17D6]
	(No symbol) [0x00007FF7A8AC09B5]
	(No symbol) [0x00007FF7A8AC1F44]
	Microsoft::Applications::Events::EventProperties::SetProperty [0x00007FF7A8D05530+147088]
	(No symbol) [0x00007FF7A8BA91A6]
	Microsoft::Applications::Events::EventProperty::EventProperty [0x00007FF7A8D44497+33959]
	Microsoft::Applications::Events::EventProperty::EventProperty [0x00007FF7A8D47F65+49013]
	Microsoft::Applications::Events::ILogManager::DispatchEventBroadcast [0x00007FF7A9039933+1305299]
	Microsoft::Applications::Events::EventProperty::EventProperty [0x00007FF7A8DFAE1C+781868]
	Microsoft::Applications::Events::EventProperty::EventProperty [0x00007FF7A8E00344+803668]
	Microsoft::Applications::Events::EventProperty::EventProperty [0x00007FF7A8E0049C+804012]
	Microsoft::Applications::Events::EventProperty::EventProperty [0x00007FF7A8E085A1+837041]
	BaseThreadInitThunk [0x00007FFD5D75269D+29]
	RtlUserThreadStart [0x00007FFD5ECAA9F8+40]

	at org.openqa.selenium.remote.W3CHandshakeResponse.lambda$errorHandler$0(W3CHandshakeResponse.java:62)
	at org.openqa.selenium.remote.HandshakeResponse.lambda$getResponseFunction$0(HandshakeResponse.java:30)
	at org.openqa.selenium.remote.ProtocolHandshake.lambda$createSession$0(ProtocolHandshake.java:126)
	at java.base/java.util.stream.ReferencePipeline$3$1.accept(ReferencePipeline.java:197)
	at java.base/java.util.Spliterators$ArraySpliterator.tryAdvance(Spliterators.java:1002)
	at java.base/java.util.stream.ReferencePipeline.forEachWithCancel(ReferencePipeline.java:129)
	at java.base/java.util.stream.AbstractPipeline.copyIntoWithCancel(AbstractPipeline.java:527)
	at java.base/java.util.stream.AbstractPipeline.copyInto(AbstractPipeline.java:513)
	at java.base/java.util.stream.AbstractPipeline.wrapAndCopyInto(AbstractPipeline.java:499)
	at java.base/java.util.stream.FindOps$FindOp.evaluateSequential(FindOps.java:150)
	at java.base/java.util.stream.AbstractPipeline.evaluate(AbstractPipeline.java:234)
	at java.base/java.util.stream.ReferencePipeline.findFirst(ReferencePipeline.java:647)
	at org.openqa.selenium.remote.ProtocolHandshake.createSession(ProtocolHandshake.java:128)
	at org.openqa.selenium.remote.ProtocolHandshake.createSession(ProtocolHandshake.java:74)
	at org.openqa.selenium.remote.HttpCommandExecutor.execute(HttpCommandExecutor.java:136)
	at org.openqa.selenium.remote.service.DriverCommandExecutor.execute(DriverCommandExecutor.java:83)
	at org.openqa.selenium.remote.RemoteWebDriver.execute(RemoteWebDriver.java:552)
	at org.openqa.selenium.remote.RemoteWebDriver.startSession(RemoteWebDriver.java:213)
	at org.openqa.selenium.remote.RemoteWebDriver.&lt;init&gt;(RemoteWebDriver.java:131)
	at org.openqa.selenium.edge.EdgeDriver.&lt;init&gt;(EdgeDriver.java:141)
	at org.openqa.selenium.edge.EdgeDriver.&lt;init&gt;(EdgeDriver.java:96)
	at browserSetup.Base.openEdgeBrowser(Base.java:20)
	at TestNG.VerifyAddToCartFunctionality.openBrowser(VerifyAddToCartFunctionality.java:47)
	at java.base/java.util.concurrent.FutureTask.run(FutureTask.java:264)
	at java.base/java.util.concurrent.ThreadPoolExecutor.runWorker(ThreadPoolExecutor.java:1136)
	at java.base/java.util.concurrent.ThreadPoolExecutor$Worker.run(ThreadPoolExecutor.java:635)
	at java.base/java.lang.Thread.run(Thread.java:833)
... Removed 20 stack frames</pre></div><a href='#' onClick='toggleBox("stack-trace1526460731", this, "Click to show all stack frames", "Click to hide stack frames")'>Click to show all stack frames</a>
<div class='stack-trace' id='stack-trace1526460731'><pre>org.openqa.selenium.WebDriverException: disconnected: not connected to DevTools
  (failed to check if window was closed: disconnected: not connected to DevTools)
  (Session info: MicrosoftEdge=112.0.1722.34)
Build info: version: &apos;3.141.59&apos;, revision: &apos;e82be7d358&apos;, time: &apos;2018-11-14T08:17:03&apos;
System info: host: &apos;DESKTOP-BHR3PSD&apos;, ip: &apos;192.168.1.3&apos;, os.name: &apos;Windows 11&apos;, os.arch: &apos;amd64&apos;, os.version: &apos;10.0&apos;, java.version: &apos;17.0.5&apos;
Driver info: driver.version: EdgeDriver
remote stacktrace: Backtrace:
	Microsoft::Applications::Events::EventProperties::SetProperty [0x00007FF7A8E5A5C2+12658]
	Microsoft::Applications::Events::EventProperty::EventProperty [0x00007FF7A8DF2862+747634]
	(No symbol) [0x00007FF7A8A8DD2E]
	(No symbol) [0x00007FF7A8A77C01]
	(No symbol) [0x00007FF7A8A79001]
	(No symbol) [0x00007FF7A8A78F30]
	(No symbol) [0x00007FF7A8A66202]
	(No symbol) [0x00007FF7A8A65D7A]
	(No symbol) [0x00007FF7A8AF7316]
	(No symbol) [0x00007FF7A8AEF1C3]
	(No symbol) [0x00007FF7A8AC17D6]
	(No symbol) [0x00007FF7A8AC09B5]
	(No symbol) [0x00007FF7A8AC1F44]
	Microsoft::Applications::Events::EventProperties::SetProperty [0x00007FF7A8D05530+147088]
	(No symbol) [0x00007FF7A8BA91A6]
	Microsoft::Applications::Events::EventProperty::EventProperty [0x00007FF7A8D44497+33959]
	Microsoft::Applications::Events::EventProperty::EventProperty [0x00007FF7A8D47F65+49013]
	Microsoft::Applications::Events::ILogManager::DispatchEventBroadcast [0x00007FF7A9039933+1305299]
	Microsoft::Applications::Events::EventProperty::EventProperty [0x00007FF7A8DFAE1C+781868]
	Microsoft::Applications::Events::EventProperty::EventProperty [0x00007FF7A8E00344+803668]
	Microsoft::Applications::Events::EventProperty::EventProperty [0x00007FF7A8E0049C+804012]
	Microsoft::Applications::Events::EventProperty::EventProperty [0x00007FF7A8E085A1+837041]
	BaseThreadInitThunk [0x00007FFD5D75269D+29]
	RtlUserThreadStart [0x00007FFD5ECAA9F8+40]

	at java.base/jdk.internal.reflect.NativeConstructorAccessorImpl.newInstance0(Native Method)
	at java.base/jdk.internal.reflect.NativeConstructorAccessorImpl.newInstance(NativeConstructorAccessorImpl.java:77)
	at java.base/jdk.internal.reflect.DelegatingConstructorAccessorImpl.newInstance(DelegatingConstructorAccessorImpl.java:45)
	at java.base/java.lang.reflect.Constructor.newInstanceWithCaller(Constructor.java:499)
	at java.base/java.lang.reflect.Constructor.newInstance(Constructor.java:480)
	at org.openqa.selenium.remote.W3CHandshakeResponse.lambda$errorHandler$0(W3CHandshakeResponse.java:62)
	at org.openqa.selenium.remote.HandshakeResponse.lambda$getResponseFunction$0(HandshakeResponse.java:30)
	at org.openqa.selenium.remote.ProtocolHandshake.lambda$createSession$0(ProtocolHandshake.java:126)
	at java.base/java.util.stream.ReferencePipeline$3$1.accept(ReferencePipeline.java:197)
	at java.base/java.util.Spliterators$ArraySpliterator.tryAdvance(Spliterators.java:1002)
	at java.base/java.util.stream.ReferencePipeline.forEachWithCancel(ReferencePipeline.java:129)
	at java.base/java.util.stream.AbstractPipeline.copyIntoWithCancel(AbstractPipeline.java:527)
	at java.base/java.util.stream.AbstractPipeline.copyInto(AbstractPipeline.java:513)
	at java.base/java.util.stream.AbstractPipeline.wrapAndCopyInto(AbstractPipeline.java:499)
	at java.base/java.util.stream.FindOps$FindOp.evaluateSequential(FindOps.java:150)
	at java.base/java.util.stream.AbstractPipeline.evaluate(AbstractPipeline.java:234)
	at java.base/java.util.stream.ReferencePipeline.findFirst(ReferencePipeline.java:647)
	at org.openqa.selenium.remote.ProtocolHandshake.createSession(ProtocolHandshake.java:128)
	at org.openqa.selenium.remote.ProtocolHandshake.createSession(ProtocolHandshake.java:74)
	at org.openqa.selenium.remote.HttpCommandExecutor.execute(HttpCommandExecutor.java:136)
	at org.openqa.selenium.remote.service.DriverCommandExecutor.execute(DriverCommandExecutor.java:83)
	at org.openqa.selenium.remote.RemoteWebDriver.execute(RemoteWebDriver.java:552)
	at org.openqa.selenium.remote.RemoteWebDriver.startSession(RemoteWebDriver.java:213)
	at org.openqa.selenium.remote.RemoteWebDriver.&lt;init&gt;(RemoteWebDriver.java:131)
	at org.openqa.selenium.edge.EdgeDriver.&lt;init&gt;(EdgeDriver.java:141)
	at org.openqa.selenium.edge.EdgeDriver.&lt;init&gt;(EdgeDriver.java:96)
	at browserSetup.Base.openEdgeBrowser(Base.java:20)
	at TestNG.VerifyAddToCartFunctionality.openBrowser(VerifyAddToCartFunctionality.java:47)
	at java.base/jdk.internal.reflect.NativeMethodAccessorImpl.invoke0(Native Method)
	at java.base/jdk.internal.reflect.NativeMethodAccessorImpl.invoke(NativeMethodAccessorImpl.java:77)
	at java.base/jdk.internal.reflect.DelegatingMethodAccessorImpl.invoke(DelegatingMethodAccessorImpl.java:43)
	at java.base/java.lang.reflect.Method.invoke(Method.java:568)
	at org.testng.internal.MethodInvocationHelper.invokeMethod(MethodInvocationHelper.java:133)
	at org.testng.internal.MethodInvocationHelper.invokeMethodConsideringTimeout(MethodInvocationHelper.java:62)
	at org.testng.internal.ConfigInvoker.invokeConfigurationMethod(ConfigInvoker.java:385)
	at org.testng.internal.ConfigInvoker.invokeConfigurations(ConfigInvoker.java:321)
	at org.testng.TestRunner.invokeTestConfigurations(TestRunner.java:637)
	at org.testng.TestRunner.beforeRun(TestRunner.java:627)
	at org.testng.TestRunner.run(TestRunner.java:589)
	at org.testng.SuiteRunner.runTest(SuiteRunner.java:377)
	at org.testng.SuiteRunner.access$000(SuiteRunner.java:28)
	at org.testng.SuiteRunner$SuiteWorker.run(SuiteRunner.java:418)
	at org.testng.internal.thread.ThreadUtil.lambda$execute$0(ThreadUtil.java:64)
	at java.base/java.util.concurrent.FutureTask.run(FutureTask.java:264)
	at java.base/java.util.concurrent.ThreadPoolExecutor.runWorker(ThreadPoolExecutor.java:1136)
	at java.base/java.util.concurrent.ThreadPoolExecutor$Worker.run(ThreadPoolExecutor.java:635)
	at java.base/java.lang.Thread.run(Thread.java:833)
</pre></div></td>
<td>0</td>
<td>TestNG.VerifyAddToCartFunctionality@3ce1e309</td></tr>
<tr>
<td title='TestNG.VerifyHomePage.verifySearchTextBox()'><b>verifySearchTextBox</b><br>Test class: TestNG.VerifyHomePage</td>
<td><div><pre>org.openqa.selenium.WebDriverException: disconnected: not connected to DevTools
  (failed to check if window was closed: disconnected: not connected to DevTools)
  (Session info: MicrosoftEdge=112.0.1722.34)
Build info: version: &apos;3.141.59&apos;, revision: &apos;e82be7d358&apos;, time: &apos;2018-11-14T08:17:03&apos;
System info: host: &apos;DESKTOP-BHR3PSD&apos;, ip: &apos;192.168.1.3&apos;, os.name: &apos;Windows 11&apos;, os.arch: &apos;amd64&apos;, os.version: &apos;10.0&apos;, java.version: &apos;17.0.5&apos;
Driver info: driver.version: EdgeDriver
remote stacktrace: Backtrace:
	Microsoft::Applications::Events::EventProperties::SetProperty [0x00007FF7A8E5A5C2+12658]
	Microsoft::Applications::Events::EventProperty::EventProperty [0x00007FF7A8DF2862+747634]
	(No symbol) [0x00007FF7A8A8DD2E]
	(No symbol) [0x00007FF7A8A77C01]
	(No symbol) [0x00007FF7A8A79001]
	(No symbol) [0x00007FF7A8A78F30]
	(No symbol) [0x00007FF7A8A66202]
	(No symbol) [0x00007FF7A8A65D7A]
	(No symbol) [0x00007FF7A8AF7316]
	(No symbol) [0x00007FF7A8AEF1C3]
	(No symbol) [0x00007FF7A8AC17D6]
	(No symbol) [0x00007FF7A8AC09B5]
	(No symbol) [0x00007FF7A8AC1F44]
	Microsoft::Applications::Events::EventProperties::SetProperty [0x00007FF7A8D05530+147088]
	(No symbol) [0x00007FF7A8BA91A6]
	Microsoft::Applications::Events::EventProperty::EventProperty [0x00007FF7A8D44497+33959]
	Microsoft::Applications::Events::EventProperty::EventProperty [0x00007FF7A8D47F65+49013]
	Microsoft::Applications::Events::ILogManager::DispatchEventBroadcast [0x00007FF7A9039933+1305299]
	Microsoft::Applications::Events::EventProperty::EventProperty [0x00007FF7A8DFAE1C+781868]
	Microsoft::Applications::Events::EventProperty::EventProperty [0x00007FF7A8E00344+803668]
	Microsoft::Applications::Events::EventProperty::EventProperty [0x00007FF7A8E0049C+804012]
	Microsoft::Applications::Events::EventProperty::EventProperty [0x00007FF7A8E085A1+837041]
	BaseThreadInitThunk [0x00007FFD5D75269D+29]
	RtlUserThreadStart [0x00007FFD5ECAA9F8+40]

	at org.openqa.selenium.remote.W3CHandshakeResponse.lambda$errorHandler$0(W3CHandshakeResponse.java:62)
	at org.openqa.selenium.remote.HandshakeResponse.lambda$getResponseFunction$0(HandshakeResponse.java:30)
	at org.openqa.selenium.remote.ProtocolHandshake.lambda$createSession$0(ProtocolHandshake.java:126)
	at java.base/java.util.stream.ReferencePipeline$3$1.accept(ReferencePipeline.java:197)
	at java.base/java.util.Spliterators$ArraySpliterator.tryAdvance(Spliterators.java:1002)
	at java.base/java.util.stream.ReferencePipeline.forEachWithCancel(ReferencePipeline.java:129)
	at java.base/java.util.stream.AbstractPipeline.copyIntoWithCancel(AbstractPipeline.java:527)
	at java.base/java.util.stream.AbstractPipeline.copyInto(AbstractPipeline.java:513)
	at java.base/java.util.stream.AbstractPipeline.wrapAndCopyInto(AbstractPipeline.java:499)
	at java.base/java.util.stream.FindOps$FindOp.evaluateSequential(FindOps.java:150)
	at java.base/java.util.stream.AbstractPipeline.evaluate(AbstractPipeline.java:234)
	at java.base/java.util.stream.ReferencePipeline.findFirst(ReferencePipeline.java:647)
	at org.openqa.selenium.remote.ProtocolHandshake.createSession(ProtocolHandshake.java:128)
	at org.openqa.selenium.remote.ProtocolHandshake.createSession(ProtocolHandshake.java:74)
	at org.openqa.selenium.remote.HttpCommandExecutor.execute(HttpCommandExecutor.java:136)
	at org.openqa.selenium.remote.service.DriverCommandExecutor.execute(DriverCommandExecutor.java:83)
	at org.openqa.selenium.remote.RemoteWebDriver.execute(RemoteWebDriver.java:552)
	at org.openqa.selenium.remote.RemoteWebDriver.startSession(RemoteWebDriver.java:213)
	at org.openqa.selenium.remote.RemoteWebDriver.&lt;init&gt;(RemoteWebDriver.java:131)
	at org.openqa.selenium.edge.EdgeDriver.&lt;init&gt;(EdgeDriver.java:141)
	at org.openqa.selenium.edge.EdgeDriver.&lt;init&gt;(EdgeDriver.java:96)
	at browserSetup.Base.openEdgeBrowser(Base.java:20)
	at TestNG.VerifyAddToCartFunctionality.openBrowser(VerifyAddToCartFunctionality.java:47)
	at java.base/java.util.concurrent.FutureTask.run(FutureTask.java:264)
	at java.base/java.util.concurrent.ThreadPoolExecutor.runWorker(ThreadPoolExecutor.java:1136)
	at java.base/java.util.concurrent.ThreadPoolExecutor$Worker.run(ThreadPoolExecutor.java:635)
	at java.base/java.lang.Thread.run(Thread.java:833)
... Removed 20 stack frames</pre></div><a href='#' onClick='toggleBox("stack-trace1878506086", this, "Click to show all stack frames", "Click to hide stack frames")'>Click to show all stack frames</a>
<div class='stack-trace' id='stack-trace1878506086'><pre>org.openqa.selenium.WebDriverException: disconnected: not connected to DevTools
  (failed to check if window was closed: disconnected: not connected to DevTools)
  (Session info: MicrosoftEdge=112.0.1722.34)
Build info: version: &apos;3.141.59&apos;, revision: &apos;e82be7d358&apos;, time: &apos;2018-11-14T08:17:03&apos;
System info: host: &apos;DESKTOP-BHR3PSD&apos;, ip: &apos;192.168.1.3&apos;, os.name: &apos;Windows 11&apos;, os.arch: &apos;amd64&apos;, os.version: &apos;10.0&apos;, java.version: &apos;17.0.5&apos;
Driver info: driver.version: EdgeDriver
remote stacktrace: Backtrace:
	Microsoft::Applications::Events::EventProperties::SetProperty [0x00007FF7A8E5A5C2+12658]
	Microsoft::Applications::Events::EventProperty::EventProperty [0x00007FF7A8DF2862+747634]
	(No symbol) [0x00007FF7A8A8DD2E]
	(No symbol) [0x00007FF7A8A77C01]
	(No symbol) [0x00007FF7A8A79001]
	(No symbol) [0x00007FF7A8A78F30]
	(No symbol) [0x00007FF7A8A66202]
	(No symbol) [0x00007FF7A8A65D7A]
	(No symbol) [0x00007FF7A8AF7316]
	(No symbol) [0x00007FF7A8AEF1C3]
	(No symbol) [0x00007FF7A8AC17D6]
	(No symbol) [0x00007FF7A8AC09B5]
	(No symbol) [0x00007FF7A8AC1F44]
	Microsoft::Applications::Events::EventProperties::SetProperty [0x00007FF7A8D05530+147088]
	(No symbol) [0x00007FF7A8BA91A6]
	Microsoft::Applications::Events::EventProperty::EventProperty [0x00007FF7A8D44497+33959]
	Microsoft::Applications::Events::EventProperty::EventProperty [0x00007FF7A8D47F65+49013]
	Microsoft::Applications::Events::ILogManager::DispatchEventBroadcast [0x00007FF7A9039933+1305299]
	Microsoft::Applications::Events::EventProperty::EventProperty [0x00007FF7A8DFAE1C+781868]
	Microsoft::Applications::Events::EventProperty::EventProperty [0x00007FF7A8E00344+803668]
	Microsoft::Applications::Events::EventProperty::EventProperty [0x00007FF7A8E0049C+804012]
	Microsoft::Applications::Events::EventProperty::EventProperty [0x00007FF7A8E085A1+837041]
	BaseThreadInitThunk [0x00007FFD5D75269D+29]
	RtlUserThreadStart [0x00007FFD5ECAA9F8+40]

	at java.base/jdk.internal.reflect.NativeConstructorAccessorImpl.newInstance0(Native Method)
	at java.base/jdk.internal.reflect.NativeConstructorAccessorImpl.newInstance(NativeConstructorAccessorImpl.java:77)
	at java.base/jdk.internal.reflect.DelegatingConstructorAccessorImpl.newInstance(DelegatingConstructorAccessorImpl.java:45)
	at java.base/java.lang.reflect.Constructor.newInstanceWithCaller(Constructor.java:499)
	at java.base/java.lang.reflect.Constructor.newInstance(Constructor.java:480)
	at org.openqa.selenium.remote.W3CHandshakeResponse.lambda$errorHandler$0(W3CHandshakeResponse.java:62)
	at org.openqa.selenium.remote.HandshakeResponse.lambda$getResponseFunction$0(HandshakeResponse.java:30)
	at org.openqa.selenium.remote.ProtocolHandshake.lambda$createSession$0(ProtocolHandshake.java:126)
	at java.base/java.util.stream.ReferencePipeline$3$1.accept(ReferencePipeline.java:197)
	at java.base/java.util.Spliterators$ArraySpliterator.tryAdvance(Spliterators.java:1002)
	at java.base/java.util.stream.ReferencePipeline.forEachWithCancel(ReferencePipeline.java:129)
	at java.base/java.util.stream.AbstractPipeline.copyIntoWithCancel(AbstractPipeline.java:527)
	at java.base/java.util.stream.AbstractPipeline.copyInto(AbstractPipeline.java:513)
	at java.base/java.util.stream.AbstractPipeline.wrapAndCopyInto(AbstractPipeline.java:499)
	at java.base/java.util.stream.FindOps$FindOp.evaluateSequential(FindOps.java:150)
	at java.base/java.util.stream.AbstractPipeline.evaluate(AbstractPipeline.java:234)
	at java.base/java.util.stream.ReferencePipeline.findFirst(ReferencePipeline.java:647)
	at org.openqa.selenium.remote.ProtocolHandshake.createSession(ProtocolHandshake.java:128)
	at org.openqa.selenium.remote.ProtocolHandshake.createSession(ProtocolHandshake.java:74)
	at org.openqa.selenium.remote.HttpCommandExecutor.execute(HttpCommandExecutor.java:136)
	at org.openqa.selenium.remote.service.DriverCommandExecutor.execute(DriverCommandExecutor.java:83)
	at org.openqa.selenium.remote.RemoteWebDriver.execute(RemoteWebDriver.java:552)
	at org.openqa.selenium.remote.RemoteWebDriver.startSession(RemoteWebDriver.java:213)
	at org.openqa.selenium.remote.RemoteWebDriver.&lt;init&gt;(RemoteWebDriver.java:131)
	at org.openqa.selenium.edge.EdgeDriver.&lt;init&gt;(EdgeDriver.java:141)
	at org.openqa.selenium.edge.EdgeDriver.&lt;init&gt;(EdgeDriver.java:96)
	at browserSetup.Base.openEdgeBrowser(Base.java:20)
	at TestNG.VerifyAddToCartFunctionality.openBrowser(VerifyAddToCartFunctionality.java:47)
	at java.base/jdk.internal.reflect.NativeMethodAccessorImpl.invoke0(Native Method)
	at java.base/jdk.internal.reflect.NativeMethodAccessorImpl.invoke(NativeMethodAccessorImpl.java:77)
	at java.base/jdk.internal.reflect.DelegatingMethodAccessorImpl.invoke(DelegatingMethodAccessorImpl.java:43)
	at java.base/java.lang.reflect.Method.invoke(Method.java:568)
	at org.testng.internal.MethodInvocationHelper.invokeMethod(MethodInvocationHelper.java:133)
	at org.testng.internal.MethodInvocationHelper.invokeMethodConsideringTimeout(MethodInvocationHelper.java:62)
	at org.testng.internal.ConfigInvoker.invokeConfigurationMethod(ConfigInvoker.java:385)
	at org.testng.internal.ConfigInvoker.invokeConfigurations(ConfigInvoker.java:321)
	at org.testng.TestRunner.invokeTestConfigurations(TestRunner.java:637)
	at org.testng.TestRunner.beforeRun(TestRunner.java:627)
	at org.testng.TestRunner.run(TestRunner.java:589)
	at org.testng.SuiteRunner.runTest(SuiteRunner.java:377)
	at org.testng.SuiteRunner.access$000(SuiteRunner.java:28)
	at org.testng.SuiteRunner$SuiteWorker.run(SuiteRunner.java:418)
	at org.testng.internal.thread.ThreadUtil.lambda$execute$0(ThreadUtil.java:64)
	at java.base/java.util.concurrent.FutureTask.run(FutureTask.java:264)
	at java.base/java.util.concurrent.ThreadPoolExecutor.runWorker(ThreadPoolExecutor.java:1136)
	at java.base/java.util.concurrent.ThreadPoolExecutor$Worker.run(ThreadPoolExecutor.java:635)
	at java.base/java.lang.Thread.run(Thread.java:833)
</pre></div></td>
<td>0</td>
<td>TestNG.VerifyHomePage@71809907</td></tr>
<tr>
<td title='TestNG.VerifyHomePage.verifySignInPage()'><b>verifySignInPage</b><br>Test class: TestNG.VerifyHomePage</td>
<td><div><pre>org.openqa.selenium.WebDriverException: disconnected: not connected to DevTools
  (failed to check if window was closed: disconnected: not connected to DevTools)
  (Session info: MicrosoftEdge=112.0.1722.34)
Build info: version: &apos;3.141.59&apos;, revision: &apos;e82be7d358&apos;, time: &apos;2018-11-14T08:17:03&apos;
System info: host: &apos;DESKTOP-BHR3PSD&apos;, ip: &apos;192.168.1.3&apos;, os.name: &apos;Windows 11&apos;, os.arch: &apos;amd64&apos;, os.version: &apos;10.0&apos;, java.version: &apos;17.0.5&apos;
Driver info: driver.version: EdgeDriver
remote stacktrace: Backtrace:
	Microsoft::Applications::Events::EventProperties::SetProperty [0x00007FF7A8E5A5C2+12658]
	Microsoft::Applications::Events::EventProperty::EventProperty [0x00007FF7A8DF2862+747634]
	(No symbol) [0x00007FF7A8A8DD2E]
	(No symbol) [0x00007FF7A8A77C01]
	(No symbol) [0x00007FF7A8A79001]
	(No symbol) [0x00007FF7A8A78F30]
	(No symbol) [0x00007FF7A8A66202]
	(No symbol) [0x00007FF7A8A65D7A]
	(No symbol) [0x00007FF7A8AF7316]
	(No symbol) [0x00007FF7A8AEF1C3]
	(No symbol) [0x00007FF7A8AC17D6]
	(No symbol) [0x00007FF7A8AC09B5]
	(No symbol) [0x00007FF7A8AC1F44]
	Microsoft::Applications::Events::EventProperties::SetProperty [0x00007FF7A8D05530+147088]
	(No symbol) [0x00007FF7A8BA91A6]
	Microsoft::Applications::Events::EventProperty::EventProperty [0x00007FF7A8D44497+33959]
	Microsoft::Applications::Events::EventProperty::EventProperty [0x00007FF7A8D47F65+49013]
	Microsoft::Applications::Events::ILogManager::DispatchEventBroadcast [0x00007FF7A9039933+1305299]
	Microsoft::Applications::Events::EventProperty::EventProperty [0x00007FF7A8DFAE1C+781868]
	Microsoft::Applications::Events::EventProperty::EventProperty [0x00007FF7A8E00344+803668]
	Microsoft::Applications::Events::EventProperty::EventProperty [0x00007FF7A8E0049C+804012]
	Microsoft::Applications::Events::EventProperty::EventProperty [0x00007FF7A8E085A1+837041]
	BaseThreadInitThunk [0x00007FFD5D75269D+29]
	RtlUserThreadStart [0x00007FFD5ECAA9F8+40]

	at org.openqa.selenium.remote.W3CHandshakeResponse.lambda$errorHandler$0(W3CHandshakeResponse.java:62)
	at org.openqa.selenium.remote.HandshakeResponse.lambda$getResponseFunction$0(HandshakeResponse.java:30)
	at org.openqa.selenium.remote.ProtocolHandshake.lambda$createSession$0(ProtocolHandshake.java:126)
	at java.base/java.util.stream.ReferencePipeline$3$1.accept(ReferencePipeline.java:197)
	at java.base/java.util.Spliterators$ArraySpliterator.tryAdvance(Spliterators.java:1002)
	at java.base/java.util.stream.ReferencePipeline.forEachWithCancel(ReferencePipeline.java:129)
	at java.base/java.util.stream.AbstractPipeline.copyIntoWithCancel(AbstractPipeline.java:527)
	at java.base/java.util.stream.AbstractPipeline.copyInto(AbstractPipeline.java:513)
	at java.base/java.util.stream.AbstractPipeline.wrapAndCopyInto(AbstractPipeline.java:499)
	at java.base/java.util.stream.FindOps$FindOp.evaluateSequential(FindOps.java:150)
	at java.base/java.util.stream.AbstractPipeline.evaluate(AbstractPipeline.java:234)
	at java.base/java.util.stream.ReferencePipeline.findFirst(ReferencePipeline.java:647)
	at org.openqa.selenium.remote.ProtocolHandshake.createSession(ProtocolHandshake.java:128)
	at org.openqa.selenium.remote.ProtocolHandshake.createSession(ProtocolHandshake.java:74)
	at org.openqa.selenium.remote.HttpCommandExecutor.execute(HttpCommandExecutor.java:136)
	at org.openqa.selenium.remote.service.DriverCommandExecutor.execute(DriverCommandExecutor.java:83)
	at org.openqa.selenium.remote.RemoteWebDriver.execute(RemoteWebDriver.java:552)
	at org.openqa.selenium.remote.RemoteWebDriver.startSession(RemoteWebDriver.java:213)
	at org.openqa.selenium.remote.RemoteWebDriver.&lt;init&gt;(RemoteWebDriver.java:131)
	at org.openqa.selenium.edge.EdgeDriver.&lt;init&gt;(EdgeDriver.java:141)
	at org.openqa.selenium.edge.EdgeDriver.&lt;init&gt;(EdgeDriver.java:96)
	at browserSetup.Base.openEdgeBrowser(Base.java:20)
	at TestNG.VerifyAddToCartFunctionality.openBrowser(VerifyAddToCartFunctionality.java:47)
	at java.base/java.util.concurrent.FutureTask.run(FutureTask.java:264)
	at java.base/java.util.concurrent.ThreadPoolExecutor.runWorker(ThreadPoolExecutor.java:1136)
	at java.base/java.util.concurrent.ThreadPoolExecutor$Worker.run(ThreadPoolExecutor.java:635)
	at java.base/java.lang.Thread.run(Thread.java:833)
... Removed 20 stack frames</pre></div><a href='#' onClick='toggleBox("stack-trace1525397098", this, "Click to show all stack frames", "Click to hide stack frames")'>Click to show all stack frames</a>
<div class='stack-trace' id='stack-trace1525397098'><pre>org.openqa.selenium.WebDriverException: disconnected: not connected to DevTools
  (failed to check if window was closed: disconnected: not connected to DevTools)
  (Session info: MicrosoftEdge=112.0.1722.34)
Build info: version: &apos;3.141.59&apos;, revision: &apos;e82be7d358&apos;, time: &apos;2018-11-14T08:17:03&apos;
System info: host: &apos;DESKTOP-BHR3PSD&apos;, ip: &apos;192.168.1.3&apos;, os.name: &apos;Windows 11&apos;, os.arch: &apos;amd64&apos;, os.version: &apos;10.0&apos;, java.version: &apos;17.0.5&apos;
Driver info: driver.version: EdgeDriver
remote stacktrace: Backtrace:
	Microsoft::Applications::Events::EventProperties::SetProperty [0x00007FF7A8E5A5C2+12658]
	Microsoft::Applications::Events::EventProperty::EventProperty [0x00007FF7A8DF2862+747634]
	(No symbol) [0x00007FF7A8A8DD2E]
	(No symbol) [0x00007FF7A8A77C01]
	(No symbol) [0x00007FF7A8A79001]
	(No symbol) [0x00007FF7A8A78F30]
	(No symbol) [0x00007FF7A8A66202]
	(No symbol) [0x00007FF7A8A65D7A]
	(No symbol) [0x00007FF7A8AF7316]
	(No symbol) [0x00007FF7A8AEF1C3]
	(No symbol) [0x00007FF7A8AC17D6]
	(No symbol) [0x00007FF7A8AC09B5]
	(No symbol) [0x00007FF7A8AC1F44]
	Microsoft::Applications::Events::EventProperties::SetProperty [0x00007FF7A8D05530+147088]
	(No symbol) [0x00007FF7A8BA91A6]
	Microsoft::Applications::Events::EventProperty::EventProperty [0x00007FF7A8D44497+33959]
	Microsoft::Applications::Events::EventProperty::EventProperty [0x00007FF7A8D47F65+49013]
	Microsoft::Applications::Events::ILogManager::DispatchEventBroadcast [0x00007FF7A9039933+1305299]
	Microsoft::Applications::Events::EventProperty::EventProperty [0x00007FF7A8DFAE1C+781868]
	Microsoft::Applications::Events::EventProperty::EventProperty [0x00007FF7A8E00344+803668]
	Microsoft::Applications::Events::EventProperty::EventProperty [0x00007FF7A8E0049C+804012]
	Microsoft::Applications::Events::EventProperty::EventProperty [0x00007FF7A8E085A1+837041]
	BaseThreadInitThunk [0x00007FFD5D75269D+29]
	RtlUserThreadStart [0x00007FFD5ECAA9F8+40]

	at java.base/jdk.internal.reflect.NativeConstructorAccessorImpl.newInstance0(Native Method)
	at java.base/jdk.internal.reflect.NativeConstructorAccessorImpl.newInstance(NativeConstructorAccessorImpl.java:77)
	at java.base/jdk.internal.reflect.DelegatingConstructorAccessorImpl.newInstance(DelegatingConstructorAccessorImpl.java:45)
	at java.base/java.lang.reflect.Constructor.newInstanceWithCaller(Constructor.java:499)
	at java.base/java.lang.reflect.Constructor.newInstance(Constructor.java:480)
	at org.openqa.selenium.remote.W3CHandshakeResponse.lambda$errorHandler$0(W3CHandshakeResponse.java:62)
	at org.openqa.selenium.remote.HandshakeResponse.lambda$getResponseFunction$0(HandshakeResponse.java:30)
	at org.openqa.selenium.remote.ProtocolHandshake.lambda$createSession$0(ProtocolHandshake.java:126)
	at java.base/java.util.stream.ReferencePipeline$3$1.accept(ReferencePipeline.java:197)
	at java.base/java.util.Spliterators$ArraySpliterator.tryAdvance(Spliterators.java:1002)
	at java.base/java.util.stream.ReferencePipeline.forEachWithCancel(ReferencePipeline.java:129)
	at java.base/java.util.stream.AbstractPipeline.copyIntoWithCancel(AbstractPipeline.java:527)
	at java.base/java.util.stream.AbstractPipeline.copyInto(AbstractPipeline.java:513)
	at java.base/java.util.stream.AbstractPipeline.wrapAndCopyInto(AbstractPipeline.java:499)
	at java.base/java.util.stream.FindOps$FindOp.evaluateSequential(FindOps.java:150)
	at java.base/java.util.stream.AbstractPipeline.evaluate(AbstractPipeline.java:234)
	at java.base/java.util.stream.ReferencePipeline.findFirst(ReferencePipeline.java:647)
	at org.openqa.selenium.remote.ProtocolHandshake.createSession(ProtocolHandshake.java:128)
	at org.openqa.selenium.remote.ProtocolHandshake.createSession(ProtocolHandshake.java:74)
	at org.openqa.selenium.remote.HttpCommandExecutor.execute(HttpCommandExecutor.java:136)
	at org.openqa.selenium.remote.service.DriverCommandExecutor.execute(DriverCommandExecutor.java:83)
	at org.openqa.selenium.remote.RemoteWebDriver.execute(RemoteWebDriver.java:552)
	at org.openqa.selenium.remote.RemoteWebDriver.startSession(RemoteWebDriver.java:213)
	at org.openqa.selenium.remote.RemoteWebDriver.&lt;init&gt;(RemoteWebDriver.java:131)
	at org.openqa.selenium.edge.EdgeDriver.&lt;init&gt;(EdgeDriver.java:141)
	at org.openqa.selenium.edge.EdgeDriver.&lt;init&gt;(EdgeDriver.java:96)
	at browserSetup.Base.openEdgeBrowser(Base.java:20)
	at TestNG.VerifyAddToCartFunctionality.openBrowser(VerifyAddToCartFunctionality.java:47)
	at java.base/jdk.internal.reflect.NativeMethodAccessorImpl.invoke0(Native Method)
	at java.base/jdk.internal.reflect.NativeMethodAccessorImpl.invoke(NativeMethodAccessorImpl.java:77)
	at java.base/jdk.internal.reflect.DelegatingMethodAccessorImpl.invoke(DelegatingMethodAccessorImpl.java:43)
	at java.base/java.lang.reflect.Method.invoke(Method.java:568)
	at org.testng.internal.MethodInvocationHelper.invokeMethod(MethodInvocationHelper.java:133)
	at org.testng.internal.MethodInvocationHelper.invokeMethodConsideringTimeout(MethodInvocationHelper.java:62)
	at org.testng.internal.ConfigInvoker.invokeConfigurationMethod(ConfigInvoker.java:385)
	at org.testng.internal.ConfigInvoker.invokeConfigurations(ConfigInvoker.java:321)
	at org.testng.TestRunner.invokeTestConfigurations(TestRunner.java:637)
	at org.testng.TestRunner.beforeRun(TestRunner.java:627)
	at org.testng.TestRunner.run(TestRunner.java:589)
	at org.testng.SuiteRunner.runTest(SuiteRunner.java:377)
	at org.testng.SuiteRunner.access$000(SuiteRunner.java:28)
	at org.testng.SuiteRunner$SuiteWorker.run(SuiteRunner.java:418)
	at org.testng.internal.thread.ThreadUtil.lambda$execute$0(ThreadUtil.java:64)
	at java.base/java.util.concurrent.FutureTask.run(FutureTask.java:264)
	at java.base/java.util.concurrent.ThreadPoolExecutor.runWorker(ThreadPoolExecutor.java:1136)
	at java.base/java.util.concurrent.ThreadPoolExecutor$Worker.run(ThreadPoolExecutor.java:635)
	at java.base/java.lang.Thread.run(Thread.java:833)
</pre></div></td>
<td>0</td>
<td>TestNG.VerifyHomePage@71809907</td></tr>
<tr>
<td title='TestNG.VerifyAddToCartFunctionality.verifyCartButton()'><b>verifyCartButton</b><br>Test class: TestNG.VerifyAddToCartFunctionality</td>
<td><div><pre>org.openqa.selenium.WebDriverException: disconnected: not connected to DevTools
  (failed to check if window was closed: disconnected: not connected to DevTools)
  (Session info: MicrosoftEdge=112.0.1722.34)
Build info: version: &apos;3.141.59&apos;, revision: &apos;e82be7d358&apos;, time: &apos;2018-11-14T08:17:03&apos;
System info: host: &apos;DESKTOP-BHR3PSD&apos;, ip: &apos;192.168.1.3&apos;, os.name: &apos;Windows 11&apos;, os.arch: &apos;amd64&apos;, os.version: &apos;10.0&apos;, java.version: &apos;17.0.5&apos;
Driver info: driver.version: EdgeDriver
remote stacktrace: Backtrace:
	Microsoft::Applications::Events::EventProperties::SetProperty [0x00007FF7A8E5A5C2+12658]
	Microsoft::Applications::Events::EventProperty::EventProperty [0x00007FF7A8DF2862+747634]
	(No symbol) [0x00007FF7A8A8DD2E]
	(No symbol) [0x00007FF7A8A77C01]
	(No symbol) [0x00007FF7A8A79001]
	(No symbol) [0x00007FF7A8A78F30]
	(No symbol) [0x00007FF7A8A66202]
	(No symbol) [0x00007FF7A8A65D7A]
	(No symbol) [0x00007FF7A8AF7316]
	(No symbol) [0x00007FF7A8AEF1C3]
	(No symbol) [0x00007FF7A8AC17D6]
	(No symbol) [0x00007FF7A8AC09B5]
	(No symbol) [0x00007FF7A8AC1F44]
	Microsoft::Applications::Events::EventProperties::SetProperty [0x00007FF7A8D05530+147088]
	(No symbol) [0x00007FF7A8BA91A6]
	Microsoft::Applications::Events::EventProperty::EventProperty [0x00007FF7A8D44497+33959]
	Microsoft::Applications::Events::EventProperty::EventProperty [0x00007FF7A8D47F65+49013]
	Microsoft::Applications::Events::ILogManager::DispatchEventBroadcast [0x00007FF7A9039933+1305299]
	Microsoft::Applications::Events::EventProperty::EventProperty [0x00007FF7A8DFAE1C+781868]
	Microsoft::Applications::Events::EventProperty::EventProperty [0x00007FF7A8E00344+803668]
	Microsoft::Applications::Events::EventProperty::EventProperty [0x00007FF7A8E0049C+804012]
	Microsoft::Applications::Events::EventProperty::EventProperty [0x00007FF7A8E085A1+837041]
	BaseThreadInitThunk [0x00007FFD5D75269D+29]
	RtlUserThreadStart [0x00007FFD5ECAA9F8+40]

	at org.openqa.selenium.remote.W3CHandshakeResponse.lambda$errorHandler$0(W3CHandshakeResponse.java:62)
	at org.openqa.selenium.remote.HandshakeResponse.lambda$getResponseFunction$0(HandshakeResponse.java:30)
	at org.openqa.selenium.remote.ProtocolHandshake.lambda$createSession$0(ProtocolHandshake.java:126)
	at java.base/java.util.stream.ReferencePipeline$3$1.accept(ReferencePipeline.java:197)
	at java.base/java.util.Spliterators$ArraySpliterator.tryAdvance(Spliterators.java:1002)
	at java.base/java.util.stream.ReferencePipeline.forEachWithCancel(ReferencePipeline.java:129)
	at java.base/java.util.stream.AbstractPipeline.copyIntoWithCancel(AbstractPipeline.java:527)
	at java.base/java.util.stream.AbstractPipeline.copyInto(AbstractPipeline.java:513)
	at java.base/java.util.stream.AbstractPipeline.wrapAndCopyInto(AbstractPipeline.java:499)
	at java.base/java.util.stream.FindOps$FindOp.evaluateSequential(FindOps.java:150)
	at java.base/java.util.stream.AbstractPipeline.evaluate(AbstractPipeline.java:234)
	at java.base/java.util.stream.ReferencePipeline.findFirst(ReferencePipeline.java:647)
	at org.openqa.selenium.remote.ProtocolHandshake.createSession(ProtocolHandshake.java:128)
	at org.openqa.selenium.remote.ProtocolHandshake.createSession(ProtocolHandshake.java:74)
	at org.openqa.selenium.remote.HttpCommandExecutor.execute(HttpCommandExecutor.java:136)
	at org.openqa.selenium.remote.service.DriverCommandExecutor.execute(DriverCommandExecutor.java:83)
	at org.openqa.selenium.remote.RemoteWebDriver.execute(RemoteWebDriver.java:552)
	at org.openqa.selenium.remote.RemoteWebDriver.startSession(RemoteWebDriver.java:213)
	at org.openqa.selenium.remote.RemoteWebDriver.&lt;init&gt;(RemoteWebDriver.java:131)
	at org.openqa.selenium.edge.EdgeDriver.&lt;init&gt;(EdgeDriver.java:141)
	at org.openqa.selenium.edge.EdgeDriver.&lt;init&gt;(EdgeDriver.java:96)
	at browserSetup.Base.openEdgeBrowser(Base.java:20)
	at TestNG.VerifyAddToCartFunctionality.openBrowser(VerifyAddToCartFunctionality.java:47)
	at java.base/java.util.concurrent.FutureTask.run(FutureTask.java:264)
	at java.base/java.util.concurrent.ThreadPoolExecutor.runWorker(ThreadPoolExecutor.java:1136)
	at java.base/java.util.concurrent.ThreadPoolExecutor$Worker.run(ThreadPoolExecutor.java:635)
	at java.base/java.lang.Thread.run(Thread.java:833)
... Removed 20 stack frames</pre></div><a href='#' onClick='toggleBox("stack-trace1146158005", this, "Click to show all stack frames", "Click to hide stack frames")'>Click to show all stack frames</a>
<div class='stack-trace' id='stack-trace1146158005'><pre>org.openqa.selenium.WebDriverException: disconnected: not connected to DevTools
  (failed to check if window was closed: disconnected: not connected to DevTools)
  (Session info: MicrosoftEdge=112.0.1722.34)
Build info: version: &apos;3.141.59&apos;, revision: &apos;e82be7d358&apos;, time: &apos;2018-11-14T08:17:03&apos;
System info: host: &apos;DESKTOP-BHR3PSD&apos;, ip: &apos;192.168.1.3&apos;, os.name: &apos;Windows 11&apos;, os.arch: &apos;amd64&apos;, os.version: &apos;10.0&apos;, java.version: &apos;17.0.5&apos;
Driver info: driver.version: EdgeDriver
remote stacktrace: Backtrace:
	Microsoft::Applications::Events::EventProperties::SetProperty [0x00007FF7A8E5A5C2+12658]
	Microsoft::Applications::Events::EventProperty::EventProperty [0x00007FF7A8DF2862+747634]
	(No symbol) [0x00007FF7A8A8DD2E]
	(No symbol) [0x00007FF7A8A77C01]
	(No symbol) [0x00007FF7A8A79001]
	(No symbol) [0x00007FF7A8A78F30]
	(No symbol) [0x00007FF7A8A66202]
	(No symbol) [0x00007FF7A8A65D7A]
	(No symbol) [0x00007FF7A8AF7316]
	(No symbol) [0x00007FF7A8AEF1C3]
	(No symbol) [0x00007FF7A8AC17D6]
	(No symbol) [0x00007FF7A8AC09B5]
	(No symbol) [0x00007FF7A8AC1F44]
	Microsoft::Applications::Events::EventProperties::SetProperty [0x00007FF7A8D05530+147088]
	(No symbol) [0x00007FF7A8BA91A6]
	Microsoft::Applications::Events::EventProperty::EventProperty [0x00007FF7A8D44497+33959]
	Microsoft::Applications::Events::EventProperty::EventProperty [0x00007FF7A8D47F65+49013]
	Microsoft::Applications::Events::ILogManager::DispatchEventBroadcast [0x00007FF7A9039933+1305299]
	Microsoft::Applications::Events::EventProperty::EventProperty [0x00007FF7A8DFAE1C+781868]
	Microsoft::Applications::Events::EventProperty::EventProperty [0x00007FF7A8E00344+803668]
	Microsoft::Applications::Events::EventProperty::EventProperty [0x00007FF7A8E0049C+804012]
	Microsoft::Applications::Events::EventProperty::EventProperty [0x00007FF7A8E085A1+837041]
	BaseThreadInitThunk [0x00007FFD5D75269D+29]
	RtlUserThreadStart [0x00007FFD5ECAA9F8+40]

	at java.base/jdk.internal.reflect.NativeConstructorAccessorImpl.newInstance0(Native Method)
	at java.base/jdk.internal.reflect.NativeConstructorAccessorImpl.newInstance(NativeConstructorAccessorImpl.java:77)
	at java.base/jdk.internal.reflect.DelegatingConstructorAccessorImpl.newInstance(DelegatingConstructorAccessorImpl.java:45)
	at java.base/java.lang.reflect.Constructor.newInstanceWithCaller(Constructor.java:499)
	at java.base/java.lang.reflect.Constructor.newInstance(Constructor.java:480)
	at org.openqa.selenium.remote.W3CHandshakeResponse.lambda$errorHandler$0(W3CHandshakeResponse.java:62)
	at org.openqa.selenium.remote.HandshakeResponse.lambda$getResponseFunction$0(HandshakeResponse.java:30)
	at org.openqa.selenium.remote.ProtocolHandshake.lambda$createSession$0(ProtocolHandshake.java:126)
	at java.base/java.util.stream.ReferencePipeline$3$1.accept(ReferencePipeline.java:197)
	at java.base/java.util.Spliterators$ArraySpliterator.tryAdvance(Spliterators.java:1002)
	at java.base/java.util.stream.ReferencePipeline.forEachWithCancel(ReferencePipeline.java:129)
	at java.base/java.util.stream.AbstractPipeline.copyIntoWithCancel(AbstractPipeline.java:527)
	at java.base/java.util.stream.AbstractPipeline.copyInto(AbstractPipeline.java:513)
	at java.base/java.util.stream.AbstractPipeline.wrapAndCopyInto(AbstractPipeline.java:499)
	at java.base/java.util.stream.FindOps$FindOp.evaluateSequential(FindOps.java:150)
	at java.base/java.util.stream.AbstractPipeline.evaluate(AbstractPipeline.java:234)
	at java.base/java.util.stream.ReferencePipeline.findFirst(ReferencePipeline.java:647)
	at org.openqa.selenium.remote.ProtocolHandshake.createSession(ProtocolHandshake.java:128)
	at org.openqa.selenium.remote.ProtocolHandshake.createSession(ProtocolHandshake.java:74)
	at org.openqa.selenium.remote.HttpCommandExecutor.execute(HttpCommandExecutor.java:136)
	at org.openqa.selenium.remote.service.DriverCommandExecutor.execute(DriverCommandExecutor.java:83)
	at org.openqa.selenium.remote.RemoteWebDriver.execute(RemoteWebDriver.java:552)
	at org.openqa.selenium.remote.RemoteWebDriver.startSession(RemoteWebDriver.java:213)
	at org.openqa.selenium.remote.RemoteWebDriver.&lt;init&gt;(RemoteWebDriver.java:131)
	at org.openqa.selenium.edge.EdgeDriver.&lt;init&gt;(EdgeDriver.java:141)
	at org.openqa.selenium.edge.EdgeDriver.&lt;init&gt;(EdgeDriver.java:96)
	at browserSetup.Base.openEdgeBrowser(Base.java:20)
	at TestNG.VerifyAddToCartFunctionality.openBrowser(VerifyAddToCartFunctionality.java:47)
	at java.base/jdk.internal.reflect.NativeMethodAccessorImpl.invoke0(Native Method)
	at java.base/jdk.internal.reflect.NativeMethodAccessorImpl.invoke(NativeMethodAccessorImpl.java:77)
	at java.base/jdk.internal.reflect.DelegatingMethodAccessorImpl.invoke(DelegatingMethodAccessorImpl.java:43)
	at java.base/java.lang.reflect.Method.invoke(Method.java:568)
	at org.testng.internal.MethodInvocationHelper.invokeMethod(MethodInvocationHelper.java:133)
	at org.testng.internal.MethodInvocationHelper.invokeMethodConsideringTimeout(MethodInvocationHelper.java:62)
	at org.testng.internal.ConfigInvoker.invokeConfigurationMethod(ConfigInvoker.java:385)
	at org.testng.internal.ConfigInvoker.invokeConfigurations(ConfigInvoker.java:321)
	at org.testng.TestRunner.invokeTestConfigurations(TestRunner.java:637)
	at org.testng.TestRunner.beforeRun(TestRunner.java:627)
	at org.testng.TestRunner.run(TestRunner.java:589)
	at org.testng.SuiteRunner.runTest(SuiteRunner.java:377)
	at org.testng.SuiteRunner.access$000(SuiteRunner.java:28)
	at org.testng.SuiteRunner$SuiteWorker.run(SuiteRunner.java:418)
	at org.testng.internal.thread.ThreadUtil.lambda$execute$0(ThreadUtil.java:64)
	at java.base/java.util.concurrent.FutureTask.run(FutureTask.java:264)
	at java.base/java.util.concurrent.ThreadPoolExecutor.runWorker(ThreadPoolExecutor.java:1136)
	at java.base/java.util.concurrent.ThreadPoolExecutor$Worker.run(ThreadPoolExecutor.java:635)
	at java.base/java.lang.Thread.run(Thread.java:833)
</pre></div></td>
<td>0</td>
<td>TestNG.VerifyAddToCartFunctionality@3ce1e309</td></tr>
<tr>
<td title='TestNG.VerifyAmazonBusinessPage.verifyLearnMoreAboutAmazonLink()'><b>verifyLearnMoreAboutAmazonLink</b><br>Test class: TestNG.VerifyAmazonBusinessPage</td>
<td><div><pre>org.openqa.selenium.WebDriverException: disconnected: not connected to DevTools
  (failed to check if window was closed: disconnected: not connected to DevTools)
  (Session info: MicrosoftEdge=112.0.1722.34)
Build info: version: &apos;3.141.59&apos;, revision: &apos;e82be7d358&apos;, time: &apos;2018-11-14T08:17:03&apos;
System info: host: &apos;DESKTOP-BHR3PSD&apos;, ip: &apos;192.168.1.3&apos;, os.name: &apos;Windows 11&apos;, os.arch: &apos;amd64&apos;, os.version: &apos;10.0&apos;, java.version: &apos;17.0.5&apos;
Driver info: driver.version: EdgeDriver
remote stacktrace: Backtrace:
	Microsoft::Applications::Events::EventProperties::SetProperty [0x00007FF7A8E5A5C2+12658]
	Microsoft::Applications::Events::EventProperty::EventProperty [0x00007FF7A8DF2862+747634]
	(No symbol) [0x00007FF7A8A8DD2E]
	(No symbol) [0x00007FF7A8A77C01]
	(No symbol) [0x00007FF7A8A79001]
	(No symbol) [0x00007FF7A8A78F30]
	(No symbol) [0x00007FF7A8A66202]
	(No symbol) [0x00007FF7A8A65D7A]
	(No symbol) [0x00007FF7A8AF7316]
	(No symbol) [0x00007FF7A8AEF1C3]
	(No symbol) [0x00007FF7A8AC17D6]
	(No symbol) [0x00007FF7A8AC09B5]
	(No symbol) [0x00007FF7A8AC1F44]
	Microsoft::Applications::Events::EventProperties::SetProperty [0x00007FF7A8D05530+147088]
	(No symbol) [0x00007FF7A8BA91A6]
	Microsoft::Applications::Events::EventProperty::EventProperty [0x00007FF7A8D44497+33959]
	Microsoft::Applications::Events::EventProperty::EventProperty [0x00007FF7A8D47F65+49013]
	Microsoft::Applications::Events::ILogManager::DispatchEventBroadcast [0x00007FF7A9039933+1305299]
	Microsoft::Applications::Events::EventProperty::EventProperty [0x00007FF7A8DFAE1C+781868]
	Microsoft::Applications::Events::EventProperty::EventProperty [0x00007FF7A8E00344+803668]
	Microsoft::Applications::Events::EventProperty::EventProperty [0x00007FF7A8E0049C+804012]
	Microsoft::Applications::Events::EventProperty::EventProperty [0x00007FF7A8E085A1+837041]
	BaseThreadInitThunk [0x00007FFD5D75269D+29]
	RtlUserThreadStart [0x00007FFD5ECAA9F8+40]

	at org.openqa.selenium.remote.W3CHandshakeResponse.lambda$errorHandler$0(W3CHandshakeResponse.java:62)
	at org.openqa.selenium.remote.HandshakeResponse.lambda$getResponseFunction$0(HandshakeResponse.java:30)
	at org.openqa.selenium.remote.ProtocolHandshake.lambda$createSession$0(ProtocolHandshake.java:126)
	at java.base/java.util.stream.ReferencePipeline$3$1.accept(ReferencePipeline.java:197)
	at java.base/java.util.Spliterators$ArraySpliterator.tryAdvance(Spliterators.java:1002)
	at java.base/java.util.stream.ReferencePipeline.forEachWithCancel(ReferencePipeline.java:129)
	at java.base/java.util.stream.AbstractPipeline.copyIntoWithCancel(AbstractPipeline.java:527)
	at java.base/java.util.stream.AbstractPipeline.copyInto(AbstractPipeline.java:513)
	at java.base/java.util.stream.AbstractPipeline.wrapAndCopyInto(AbstractPipeline.java:499)
	at java.base/java.util.stream.FindOps$FindOp.evaluateSequential(FindOps.java:150)
	at java.base/java.util.stream.AbstractPipeline.evaluate(AbstractPipeline.java:234)
	at java.base/java.util.stream.ReferencePipeline.findFirst(ReferencePipeline.java:647)
	at org.openqa.selenium.remote.ProtocolHandshake.createSession(ProtocolHandshake.java:128)
	at org.openqa.selenium.remote.ProtocolHandshake.createSession(ProtocolHandshake.java:74)
	at org.openqa.selenium.remote.HttpCommandExecutor.execute(HttpCommandExecutor.java:136)
	at org.openqa.selenium.remote.service.DriverCommandExecutor.execute(DriverCommandExecutor.java:83)
	at org.openqa.selenium.remote.RemoteWebDriver.execute(RemoteWebDriver.java:552)
	at org.openqa.selenium.remote.RemoteWebDriver.startSession(RemoteWebDriver.java:213)
	at org.openqa.selenium.remote.RemoteWebDriver.&lt;init&gt;(RemoteWebDriver.java:131)
	at org.openqa.selenium.edge.EdgeDriver.&lt;init&gt;(EdgeDriver.java:141)
	at org.openqa.selenium.edge.EdgeDriver.&lt;init&gt;(EdgeDriver.java:96)
	at browserSetup.Base.openEdgeBrowser(Base.java:20)
	at TestNG.VerifyAddToCartFunctionality.openBrowser(VerifyAddToCartFunctionality.java:47)
	at java.base/java.util.concurrent.FutureTask.run(FutureTask.java:264)
	at java.base/java.util.concurrent.ThreadPoolExecutor.runWorker(ThreadPoolExecutor.java:1136)
	at java.base/java.util.concurrent.ThreadPoolExecutor$Worker.run(ThreadPoolExecutor.java:635)
	at java.base/java.lang.Thread.run(Thread.java:833)
... Removed 20 stack frames</pre></div><a href='#' onClick='toggleBox("stack-trace290300683", this, "Click to show all stack frames", "Click to hide stack frames")'>Click to show all stack frames</a>
<div class='stack-trace' id='stack-trace290300683'><pre>org.openqa.selenium.WebDriverException: disconnected: not connected to DevTools
  (failed to check if window was closed: disconnected: not connected to DevTools)
  (Session info: MicrosoftEdge=112.0.1722.34)
Build info: version: &apos;3.141.59&apos;, revision: &apos;e82be7d358&apos;, time: &apos;2018-11-14T08:17:03&apos;
System info: host: &apos;DESKTOP-BHR3PSD&apos;, ip: &apos;192.168.1.3&apos;, os.name: &apos;Windows 11&apos;, os.arch: &apos;amd64&apos;, os.version: &apos;10.0&apos;, java.version: &apos;17.0.5&apos;
Driver info: driver.version: EdgeDriver
remote stacktrace: Backtrace:
	Microsoft::Applications::Events::EventProperties::SetProperty [0x00007FF7A8E5A5C2+12658]
	Microsoft::Applications::Events::EventProperty::EventProperty [0x00007FF7A8DF2862+747634]
	(No symbol) [0x00007FF7A8A8DD2E]
	(No symbol) [0x00007FF7A8A77C01]
	(No symbol) [0x00007FF7A8A79001]
	(No symbol) [0x00007FF7A8A78F30]
	(No symbol) [0x00007FF7A8A66202]
	(No symbol) [0x00007FF7A8A65D7A]
	(No symbol) [0x00007FF7A8AF7316]
	(No symbol) [0x00007FF7A8AEF1C3]
	(No symbol) [0x00007FF7A8AC17D6]
	(No symbol) [0x00007FF7A8AC09B5]
	(No symbol) [0x00007FF7A8AC1F44]
	Microsoft::Applications::Events::EventProperties::SetProperty [0x00007FF7A8D05530+147088]
	(No symbol) [0x00007FF7A8BA91A6]
	Microsoft::Applications::Events::EventProperty::EventProperty [0x00007FF7A8D44497+33959]
	Microsoft::Applications::Events::EventProperty::EventProperty [0x00007FF7A8D47F65+49013]
	Microsoft::Applications::Events::ILogManager::DispatchEventBroadcast [0x00007FF7A9039933+1305299]
	Microsoft::Applications::Events::EventProperty::EventProperty [0x00007FF7A8DFAE1C+781868]
	Microsoft::Applications::Events::EventProperty::EventProperty [0x00007FF7A8E00344+803668]
	Microsoft::Applications::Events::EventProperty::EventProperty [0x00007FF7A8E0049C+804012]
	Microsoft::Applications::Events::EventProperty::EventProperty [0x00007FF7A8E085A1+837041]
	BaseThreadInitThunk [0x00007FFD5D75269D+29]
	RtlUserThreadStart [0x00007FFD5ECAA9F8+40]

	at java.base/jdk.internal.reflect.NativeConstructorAccessorImpl.newInstance0(Native Method)
	at java.base/jdk.internal.reflect.NativeConstructorAccessorImpl.newInstance(NativeConstructorAccessorImpl.java:77)
	at java.base/jdk.internal.reflect.DelegatingConstructorAccessorImpl.newInstance(DelegatingConstructorAccessorImpl.java:45)
	at java.base/java.lang.reflect.Constructor.newInstanceWithCaller(Constructor.java:499)
	at java.base/java.lang.reflect.Constructor.newInstance(Constructor.java:480)
	at org.openqa.selenium.remote.W3CHandshakeResponse.lambda$errorHandler$0(W3CHandshakeResponse.java:62)
	at org.openqa.selenium.remote.HandshakeResponse.lambda$getResponseFunction$0(HandshakeResponse.java:30)
	at org.openqa.selenium.remote.ProtocolHandshake.lambda$createSession$0(ProtocolHandshake.java:126)
	at java.base/java.util.stream.ReferencePipeline$3$1.accept(ReferencePipeline.java:197)
	at java.base/java.util.Spliterators$ArraySpliterator.tryAdvance(Spliterators.java:1002)
	at java.base/java.util.stream.ReferencePipeline.forEachWithCancel(ReferencePipeline.java:129)
	at java.base/java.util.stream.AbstractPipeline.copyIntoWithCancel(AbstractPipeline.java:527)
	at java.base/java.util.stream.AbstractPipeline.copyInto(AbstractPipeline.java:513)
	at java.base/java.util.stream.AbstractPipeline.wrapAndCopyInto(AbstractPipeline.java:499)
	at java.base/java.util.stream.FindOps$FindOp.evaluateSequential(FindOps.java:150)
	at java.base/java.util.stream.AbstractPipeline.evaluate(AbstractPipeline.java:234)
	at java.base/java.util.stream.ReferencePipeline.findFirst(ReferencePipeline.java:647)
	at org.openqa.selenium.remote.ProtocolHandshake.createSession(ProtocolHandshake.java:128)
	at org.openqa.selenium.remote.ProtocolHandshake.createSession(ProtocolHandshake.java:74)
	at org.openqa.selenium.remote.HttpCommandExecutor.execute(HttpCommandExecutor.java:136)
	at org.openqa.selenium.remote.service.DriverCommandExecutor.execute(DriverCommandExecutor.java:83)
	at org.openqa.selenium.remote.RemoteWebDriver.execute(RemoteWebDriver.java:552)
	at org.openqa.selenium.remote.RemoteWebDriver.startSession(RemoteWebDriver.java:213)
	at org.openqa.selenium.remote.RemoteWebDriver.&lt;init&gt;(RemoteWebDriver.java:131)
	at org.openqa.selenium.edge.EdgeDriver.&lt;init&gt;(EdgeDriver.java:141)
	at org.openqa.selenium.edge.EdgeDriver.&lt;init&gt;(EdgeDriver.java:96)
	at browserSetup.Base.openEdgeBrowser(Base.java:20)
	at TestNG.VerifyAddToCartFunctionality.openBrowser(VerifyAddToCartFunctionality.java:47)
	at java.base/jdk.internal.reflect.NativeMethodAccessorImpl.invoke0(Native Method)
	at java.base/jdk.internal.reflect.NativeMethodAccessorImpl.invoke(NativeMethodAccessorImpl.java:77)
	at java.base/jdk.internal.reflect.DelegatingMethodAccessorImpl.invoke(DelegatingMethodAccessorImpl.java:43)
	at java.base/java.lang.reflect.Method.invoke(Method.java:568)
	at org.testng.internal.MethodInvocationHelper.invokeMethod(MethodInvocationHelper.java:133)
	at org.testng.internal.MethodInvocationHelper.invokeMethodConsideringTimeout(MethodInvocationHelper.java:62)
	at org.testng.internal.ConfigInvoker.invokeConfigurationMethod(ConfigInvoker.java:385)
	at org.testng.internal.ConfigInvoker.invokeConfigurations(ConfigInvoker.java:321)
	at org.testng.TestRunner.invokeTestConfigurations(TestRunner.java:637)
	at org.testng.TestRunner.beforeRun(TestRunner.java:627)
	at org.testng.TestRunner.run(TestRunner.java:589)
	at org.testng.SuiteRunner.runTest(SuiteRunner.java:377)
	at org.testng.SuiteRunner.access$000(SuiteRunner.java:28)
	at org.testng.SuiteRunner$SuiteWorker.run(SuiteRunner.java:418)
	at org.testng.internal.thread.ThreadUtil.lambda$execute$0(ThreadUtil.java:64)
	at java.base/java.util.concurrent.FutureTask.run(FutureTask.java:264)
	at java.base/java.util.concurrent.ThreadPoolExecutor.runWorker(ThreadPoolExecutor.java:1136)
	at java.base/java.util.concurrent.ThreadPoolExecutor$Worker.run(ThreadPoolExecutor.java:635)
	at java.base/java.lang.Thread.run(Thread.java:833)
</pre></div></td>
<td>0</td>
<td>TestNG.VerifyAmazonBusinessPage@6e20b53a</td></tr>
<tr>
<td title='TestNG.VerifyAddToCartFunctionality.verifyTextOnCartPage()'><b>verifyTextOnCartPage</b><br>Test class: TestNG.VerifyAddToCartFunctionality</td>
<td><div><pre>org.openqa.selenium.WebDriverException: disconnected: not connected to DevTools
  (failed to check if window was closed: disconnected: not connected to DevTools)
  (Session info: MicrosoftEdge=112.0.1722.34)
Build info: version: &apos;3.141.59&apos;, revision: &apos;e82be7d358&apos;, time: &apos;2018-11-14T08:17:03&apos;
System info: host: &apos;DESKTOP-BHR3PSD&apos;, ip: &apos;192.168.1.3&apos;, os.name: &apos;Windows 11&apos;, os.arch: &apos;amd64&apos;, os.version: &apos;10.0&apos;, java.version: &apos;17.0.5&apos;
Driver info: driver.version: EdgeDriver
remote stacktrace: Backtrace:
	Microsoft::Applications::Events::EventProperties::SetProperty [0x00007FF7A8E5A5C2+12658]
	Microsoft::Applications::Events::EventProperty::EventProperty [0x00007FF7A8DF2862+747634]
	(No symbol) [0x00007FF7A8A8DD2E]
	(No symbol) [0x00007FF7A8A77C01]
	(No symbol) [0x00007FF7A8A79001]
	(No symbol) [0x00007FF7A8A78F30]
	(No symbol) [0x00007FF7A8A66202]
	(No symbol) [0x00007FF7A8A65D7A]
	(No symbol) [0x00007FF7A8AF7316]
	(No symbol) [0x00007FF7A8AEF1C3]
	(No symbol) [0x00007FF7A8AC17D6]
	(No symbol) [0x00007FF7A8AC09B5]
	(No symbol) [0x00007FF7A8AC1F44]
	Microsoft::Applications::Events::EventProperties::SetProperty [0x00007FF7A8D05530+147088]
	(No symbol) [0x00007FF7A8BA91A6]
	Microsoft::Applications::Events::EventProperty::EventProperty [0x00007FF7A8D44497+33959]
	Microsoft::Applications::Events::EventProperty::EventProperty [0x00007FF7A8D47F65+49013]
	Microsoft::Applications::Events::ILogManager::DispatchEventBroadcast [0x00007FF7A9039933+1305299]
	Microsoft::Applications::Events::EventProperty::EventProperty [0x00007FF7A8DFAE1C+781868]
	Microsoft::Applications::Events::EventProperty::EventProperty [0x00007FF7A8E00344+803668]
	Microsoft::Applications::Events::EventProperty::EventProperty [0x00007FF7A8E0049C+804012]
	Microsoft::Applications::Events::EventProperty::EventProperty [0x00007FF7A8E085A1+837041]
	BaseThreadInitThunk [0x00007FFD5D75269D+29]
	RtlUserThreadStart [0x00007FFD5ECAA9F8+40]

	at org.openqa.selenium.remote.W3CHandshakeResponse.lambda$errorHandler$0(W3CHandshakeResponse.java:62)
	at org.openqa.selenium.remote.HandshakeResponse.lambda$getResponseFunction$0(HandshakeResponse.java:30)
	at org.openqa.selenium.remote.ProtocolHandshake.lambda$createSession$0(ProtocolHandshake.java:126)
	at java.base/java.util.stream.ReferencePipeline$3$1.accept(ReferencePipeline.java:197)
	at java.base/java.util.Spliterators$ArraySpliterator.tryAdvance(Spliterators.java:1002)
	at java.base/java.util.stream.ReferencePipeline.forEachWithCancel(ReferencePipeline.java:129)
	at java.base/java.util.stream.AbstractPipeline.copyIntoWithCancel(AbstractPipeline.java:527)
	at java.base/java.util.stream.AbstractPipeline.copyInto(AbstractPipeline.java:513)
	at java.base/java.util.stream.AbstractPipeline.wrapAndCopyInto(AbstractPipeline.java:499)
	at java.base/java.util.stream.FindOps$FindOp.evaluateSequential(FindOps.java:150)
	at java.base/java.util.stream.AbstractPipeline.evaluate(AbstractPipeline.java:234)
	at java.base/java.util.stream.ReferencePipeline.findFirst(ReferencePipeline.java:647)
	at org.openqa.selenium.remote.ProtocolHandshake.createSession(ProtocolHandshake.java:128)
	at org.openqa.selenium.remote.ProtocolHandshake.createSession(ProtocolHandshake.java:74)
	at org.openqa.selenium.remote.HttpCommandExecutor.execute(HttpCommandExecutor.java:136)
	at org.openqa.selenium.remote.service.DriverCommandExecutor.execute(DriverCommandExecutor.java:83)
	at org.openqa.selenium.remote.RemoteWebDriver.execute(RemoteWebDriver.java:552)
	at org.openqa.selenium.remote.RemoteWebDriver.startSession(RemoteWebDriver.java:213)
	at org.openqa.selenium.remote.RemoteWebDriver.&lt;init&gt;(RemoteWebDriver.java:131)
	at org.openqa.selenium.edge.EdgeDriver.&lt;init&gt;(EdgeDriver.java:141)
	at org.openqa.selenium.edge.EdgeDriver.&lt;init&gt;(EdgeDriver.java:96)
	at browserSetup.Base.openEdgeBrowser(Base.java:20)
	at TestNG.VerifyAddToCartFunctionality.openBrowser(VerifyAddToCartFunctionality.java:47)
	at java.base/java.util.concurrent.FutureTask.run(FutureTask.java:264)
	at java.base/java.util.concurrent.ThreadPoolExecutor.runWorker(ThreadPoolExecutor.java:1136)
	at java.base/java.util.concurrent.ThreadPoolExecutor$Worker.run(ThreadPoolExecutor.java:635)
	at java.base/java.lang.Thread.run(Thread.java:833)
... Removed 20 stack frames</pre></div><a href='#' onClick='toggleBox("stack-trace1160018398", this, "Click to show all stack frames", "Click to hide stack frames")'>Click to show all stack frames</a>
<div class='stack-trace' id='stack-trace1160018398'><pre>org.openqa.selenium.WebDriverException: disconnected: not connected to DevTools
  (failed to check if window was closed: disconnected: not connected to DevTools)
  (Session info: MicrosoftEdge=112.0.1722.34)
Build info: version: &apos;3.141.59&apos;, revision: &apos;e82be7d358&apos;, time: &apos;2018-11-14T08:17:03&apos;
System info: host: &apos;DESKTOP-BHR3PSD&apos;, ip: &apos;192.168.1.3&apos;, os.name: &apos;Windows 11&apos;, os.arch: &apos;amd64&apos;, os.version: &apos;10.0&apos;, java.version: &apos;17.0.5&apos;
Driver info: driver.version: EdgeDriver
remote stacktrace: Backtrace:
	Microsoft::Applications::Events::EventProperties::SetProperty [0x00007FF7A8E5A5C2+12658]
	Microsoft::Applications::Events::EventProperty::EventProperty [0x00007FF7A8DF2862+747634]
	(No symbol) [0x00007FF7A8A8DD2E]
	(No symbol) [0x00007FF7A8A77C01]
	(No symbol) [0x00007FF7A8A79001]
	(No symbol) [0x00007FF7A8A78F30]
	(No symbol) [0x00007FF7A8A66202]
	(No symbol) [0x00007FF7A8A65D7A]
	(No symbol) [0x00007FF7A8AF7316]
	(No symbol) [0x00007FF7A8AEF1C3]
	(No symbol) [0x00007FF7A8AC17D6]
	(No symbol) [0x00007FF7A8AC09B5]
	(No symbol) [0x00007FF7A8AC1F44]
	Microsoft::Applications::Events::EventProperties::SetProperty [0x00007FF7A8D05530+147088]
	(No symbol) [0x00007FF7A8BA91A6]
	Microsoft::Applications::Events::EventProperty::EventProperty [0x00007FF7A8D44497+33959]
	Microsoft::Applications::Events::EventProperty::EventProperty [0x00007FF7A8D47F65+49013]
	Microsoft::Applications::Events::ILogManager::DispatchEventBroadcast [0x00007FF7A9039933+1305299]
	Microsoft::Applications::Events::EventProperty::EventProperty [0x00007FF7A8DFAE1C+781868]
	Microsoft::Applications::Events::EventProperty::EventProperty [0x00007FF7A8E00344+803668]
	Microsoft::Applications::Events::EventProperty::EventProperty [0x00007FF7A8E0049C+804012]
	Microsoft::Applications::Events::EventProperty::EventProperty [0x00007FF7A8E085A1+837041]
	BaseThreadInitThunk [0x00007FFD5D75269D+29]
	RtlUserThreadStart [0x00007FFD5ECAA9F8+40]

	at java.base/jdk.internal.reflect.NativeConstructorAccessorImpl.newInstance0(Native Method)
	at java.base/jdk.internal.reflect.NativeConstructorAccessorImpl.newInstance(NativeConstructorAccessorImpl.java:77)
	at java.base/jdk.internal.reflect.DelegatingConstructorAccessorImpl.newInstance(DelegatingConstructorAccessorImpl.java:45)
	at java.base/java.lang.reflect.Constructor.newInstanceWithCaller(Constructor.java:499)
	at java.base/java.lang.reflect.Constructor.newInstance(Constructor.java:480)
	at org.openqa.selenium.remote.W3CHandshakeResponse.lambda$errorHandler$0(W3CHandshakeResponse.java:62)
	at org.openqa.selenium.remote.HandshakeResponse.lambda$getResponseFunction$0(HandshakeResponse.java:30)
	at org.openqa.selenium.remote.ProtocolHandshake.lambda$createSession$0(ProtocolHandshake.java:126)
	at java.base/java.util.stream.ReferencePipeline$3$1.accept(ReferencePipeline.java:197)
	at java.base/java.util.Spliterators$ArraySpliterator.tryAdvance(Spliterators.java:1002)
	at java.base/java.util.stream.ReferencePipeline.forEachWithCancel(ReferencePipeline.java:129)
	at java.base/java.util.stream.AbstractPipeline.copyIntoWithCancel(AbstractPipeline.java:527)
	at java.base/java.util.stream.AbstractPipeline.copyInto(AbstractPipeline.java:513)
	at java.base/java.util.stream.AbstractPipeline.wrapAndCopyInto(AbstractPipeline.java:499)
	at java.base/java.util.stream.FindOps$FindOp.evaluateSequential(FindOps.java:150)
	at java.base/java.util.stream.AbstractPipeline.evaluate(AbstractPipeline.java:234)
	at java.base/java.util.stream.ReferencePipeline.findFirst(ReferencePipeline.java:647)
	at org.openqa.selenium.remote.ProtocolHandshake.createSession(ProtocolHandshake.java:128)
	at org.openqa.selenium.remote.ProtocolHandshake.createSession(ProtocolHandshake.java:74)
	at org.openqa.selenium.remote.HttpCommandExecutor.execute(HttpCommandExecutor.java:136)
	at org.openqa.selenium.remote.service.DriverCommandExecutor.execute(DriverCommandExecutor.java:83)
	at org.openqa.selenium.remote.RemoteWebDriver.execute(RemoteWebDriver.java:552)
	at org.openqa.selenium.remote.RemoteWebDriver.startSession(RemoteWebDriver.java:213)
	at org.openqa.selenium.remote.RemoteWebDriver.&lt;init&gt;(RemoteWebDriver.java:131)
	at org.openqa.selenium.edge.EdgeDriver.&lt;init&gt;(EdgeDriver.java:141)
	at org.openqa.selenium.edge.EdgeDriver.&lt;init&gt;(EdgeDriver.java:96)
	at browserSetup.Base.openEdgeBrowser(Base.java:20)
	at TestNG.VerifyAddToCartFunctionality.openBrowser(VerifyAddToCartFunctionality.java:47)
	at java.base/jdk.internal.reflect.NativeMethodAccessorImpl.invoke0(Native Method)
	at java.base/jdk.internal.reflect.NativeMethodAccessorImpl.invoke(NativeMethodAccessorImpl.java:77)
	at java.base/jdk.internal.reflect.DelegatingMethodAccessorImpl.invoke(DelegatingMethodAccessorImpl.java:43)
	at java.base/java.lang.reflect.Method.invoke(Method.java:568)
	at org.testng.internal.MethodInvocationHelper.invokeMethod(MethodInvocationHelper.java:133)
	at org.testng.internal.MethodInvocationHelper.invokeMethodConsideringTimeout(MethodInvocationHelper.java:62)
	at org.testng.internal.ConfigInvoker.invokeConfigurationMethod(ConfigInvoker.java:385)
	at org.testng.internal.ConfigInvoker.invokeConfigurations(ConfigInvoker.java:321)
	at org.testng.TestRunner.invokeTestConfigurations(TestRunner.java:637)
	at org.testng.TestRunner.beforeRun(TestRunner.java:627)
	at org.testng.TestRunner.run(TestRunner.java:589)
	at org.testng.SuiteRunner.runTest(SuiteRunner.java:377)
	at org.testng.SuiteRunner.access$000(SuiteRunner.java:28)
	at org.testng.SuiteRunner$SuiteWorker.run(SuiteRunner.java:418)
	at org.testng.internal.thread.ThreadUtil.lambda$execute$0(ThreadUtil.java:64)
	at java.base/java.util.concurrent.FutureTask.run(FutureTask.java:264)
	at java.base/java.util.concurrent.ThreadPoolExecutor.runWorker(ThreadPoolExecutor.java:1136)
	at java.base/java.util.concurrent.ThreadPoolExecutor$Worker.run(ThreadPoolExecutor.java:635)
	at java.base/java.lang.Thread.run(Thread.java:833)
</pre></div></td>
<td>0</td>
<td>TestNG.VerifyAddToCartFunctionality@3ce1e309</td></tr>
<tr>
<td title='TestNG.VerifyHomePage.verifyAmazonMiniTvPage()'><b>verifyAmazonMiniTvPage</b><br>Test class: TestNG.VerifyHomePage</td>
<td><div><pre>org.openqa.selenium.WebDriverException: disconnected: not connected to DevTools
  (failed to check if window was closed: disconnected: not connected to DevTools)
  (Session info: MicrosoftEdge=112.0.1722.34)
Build info: version: &apos;3.141.59&apos;, revision: &apos;e82be7d358&apos;, time: &apos;2018-11-14T08:17:03&apos;
System info: host: &apos;DESKTOP-BHR3PSD&apos;, ip: &apos;192.168.1.3&apos;, os.name: &apos;Windows 11&apos;, os.arch: &apos;amd64&apos;, os.version: &apos;10.0&apos;, java.version: &apos;17.0.5&apos;
Driver info: driver.version: EdgeDriver
remote stacktrace: Backtrace:
	Microsoft::Applications::Events::EventProperties::SetProperty [0x00007FF7A8E5A5C2+12658]
	Microsoft::Applications::Events::EventProperty::EventProperty [0x00007FF7A8DF2862+747634]
	(No symbol) [0x00007FF7A8A8DD2E]
	(No symbol) [0x00007FF7A8A77C01]
	(No symbol) [0x00007FF7A8A79001]
	(No symbol) [0x00007FF7A8A78F30]
	(No symbol) [0x00007FF7A8A66202]
	(No symbol) [0x00007FF7A8A65D7A]
	(No symbol) [0x00007FF7A8AF7316]
	(No symbol) [0x00007FF7A8AEF1C3]
	(No symbol) [0x00007FF7A8AC17D6]
	(No symbol) [0x00007FF7A8AC09B5]
	(No symbol) [0x00007FF7A8AC1F44]
	Microsoft::Applications::Events::EventProperties::SetProperty [0x00007FF7A8D05530+147088]
	(No symbol) [0x00007FF7A8BA91A6]
	Microsoft::Applications::Events::EventProperty::EventProperty [0x00007FF7A8D44497+33959]
	Microsoft::Applications::Events::EventProperty::EventProperty [0x00007FF7A8D47F65+49013]
	Microsoft::Applications::Events::ILogManager::DispatchEventBroadcast [0x00007FF7A9039933+1305299]
	Microsoft::Applications::Events::EventProperty::EventProperty [0x00007FF7A8DFAE1C+781868]
	Microsoft::Applications::Events::EventProperty::EventProperty [0x00007FF7A8E00344+803668]
	Microsoft::Applications::Events::EventProperty::EventProperty [0x00007FF7A8E0049C+804012]
	Microsoft::Applications::Events::EventProperty::EventProperty [0x00007FF7A8E085A1+837041]
	BaseThreadInitThunk [0x00007FFD5D75269D+29]
	RtlUserThreadStart [0x00007FFD5ECAA9F8+40]

	at org.openqa.selenium.remote.W3CHandshakeResponse.lambda$errorHandler$0(W3CHandshakeResponse.java:62)
	at org.openqa.selenium.remote.HandshakeResponse.lambda$getResponseFunction$0(HandshakeResponse.java:30)
	at org.openqa.selenium.remote.ProtocolHandshake.lambda$createSession$0(ProtocolHandshake.java:126)
	at java.base/java.util.stream.ReferencePipeline$3$1.accept(ReferencePipeline.java:197)
	at java.base/java.util.Spliterators$ArraySpliterator.tryAdvance(Spliterators.java:1002)
	at java.base/java.util.stream.ReferencePipeline.forEachWithCancel(ReferencePipeline.java:129)
	at java.base/java.util.stream.AbstractPipeline.copyIntoWithCancel(AbstractPipeline.java:527)
	at java.base/java.util.stream.AbstractPipeline.copyInto(AbstractPipeline.java:513)
	at java.base/java.util.stream.AbstractPipeline.wrapAndCopyInto(AbstractPipeline.java:499)
	at java.base/java.util.stream.FindOps$FindOp.evaluateSequential(FindOps.java:150)
	at java.base/java.util.stream.AbstractPipeline.evaluate(AbstractPipeline.java:234)
	at java.base/java.util.stream.ReferencePipeline.findFirst(ReferencePipeline.java:647)
	at org.openqa.selenium.remote.ProtocolHandshake.createSession(ProtocolHandshake.java:128)
	at org.openqa.selenium.remote.ProtocolHandshake.createSession(ProtocolHandshake.java:74)
	at org.openqa.selenium.remote.HttpCommandExecutor.execute(HttpCommandExecutor.java:136)
	at org.openqa.selenium.remote.service.DriverCommandExecutor.execute(DriverCommandExecutor.java:83)
	at org.openqa.selenium.remote.RemoteWebDriver.execute(RemoteWebDriver.java:552)
	at org.openqa.selenium.remote.RemoteWebDriver.startSession(RemoteWebDriver.java:213)
	at org.openqa.selenium.remote.RemoteWebDriver.&lt;init&gt;(RemoteWebDriver.java:131)
	at org.openqa.selenium.edge.EdgeDriver.&lt;init&gt;(EdgeDriver.java:141)
	at org.openqa.selenium.edge.EdgeDriver.&lt;init&gt;(EdgeDriver.java:96)
	at browserSetup.Base.openEdgeBrowser(Base.java:20)
	at TestNG.VerifyAddToCartFunctionality.openBrowser(VerifyAddToCartFunctionality.java:47)
	at java.base/java.util.concurrent.FutureTask.run(FutureTask.java:264)
	at java.base/java.util.concurrent.ThreadPoolExecutor.runWorker(ThreadPoolExecutor.java:1136)
	at java.base/java.util.concurrent.ThreadPoolExecutor$Worker.run(ThreadPoolExecutor.java:635)
	at java.base/java.lang.Thread.run(Thread.java:833)
... Removed 20 stack frames</pre></div><a href='#' onClick='toggleBox("stack-trace1916829102", this, "Click to show all stack frames", "Click to hide stack frames")'>Click to show all stack frames</a>
<div class='stack-trace' id='stack-trace1916829102'><pre>org.openqa.selenium.WebDriverException: disconnected: not connected to DevTools
  (failed to check if window was closed: disconnected: not connected to DevTools)
  (Session info: MicrosoftEdge=112.0.1722.34)
Build info: version: &apos;3.141.59&apos;, revision: &apos;e82be7d358&apos;, time: &apos;2018-11-14T08:17:03&apos;
System info: host: &apos;DESKTOP-BHR3PSD&apos;, ip: &apos;192.168.1.3&apos;, os.name: &apos;Windows 11&apos;, os.arch: &apos;amd64&apos;, os.version: &apos;10.0&apos;, java.version: &apos;17.0.5&apos;
Driver info: driver.version: EdgeDriver
remote stacktrace: Backtrace:
	Microsoft::Applications::Events::EventProperties::SetProperty [0x00007FF7A8E5A5C2+12658]
	Microsoft::Applications::Events::EventProperty::EventProperty [0x00007FF7A8DF2862+747634]
	(No symbol) [0x00007FF7A8A8DD2E]
	(No symbol) [0x00007FF7A8A77C01]
	(No symbol) [0x00007FF7A8A79001]
	(No symbol) [0x00007FF7A8A78F30]
	(No symbol) [0x00007FF7A8A66202]
	(No symbol) [0x00007FF7A8A65D7A]
	(No symbol) [0x00007FF7A8AF7316]
	(No symbol) [0x00007FF7A8AEF1C3]
	(No symbol) [0x00007FF7A8AC17D6]
	(No symbol) [0x00007FF7A8AC09B5]
	(No symbol) [0x00007FF7A8AC1F44]
	Microsoft::Applications::Events::EventProperties::SetProperty [0x00007FF7A8D05530+147088]
	(No symbol) [0x00007FF7A8BA91A6]
	Microsoft::Applications::Events::EventProperty::EventProperty [0x00007FF7A8D44497+33959]
	Microsoft::Applications::Events::EventProperty::EventProperty [0x00007FF7A8D47F65+49013]
	Microsoft::Applications::Events::ILogManager::DispatchEventBroadcast [0x00007FF7A9039933+1305299]
	Microsoft::Applications::Events::EventProperty::EventProperty [0x00007FF7A8DFAE1C+781868]
	Microsoft::Applications::Events::EventProperty::EventProperty [0x00007FF7A8E00344+803668]
	Microsoft::Applications::Events::EventProperty::EventProperty [0x00007FF7A8E0049C+804012]
	Microsoft::Applications::Events::EventProperty::EventProperty [0x00007FF7A8E085A1+837041]
	BaseThreadInitThunk [0x00007FFD5D75269D+29]
	RtlUserThreadStart [0x00007FFD5ECAA9F8+40]

	at java.base/jdk.internal.reflect.NativeConstructorAccessorImpl.newInstance0(Native Method)
	at java.base/jdk.internal.reflect.NativeConstructorAccessorImpl.newInstance(NativeConstructorAccessorImpl.java:77)
	at java.base/jdk.internal.reflect.DelegatingConstructorAccessorImpl.newInstance(DelegatingConstructorAccessorImpl.java:45)
	at java.base/java.lang.reflect.Constructor.newInstanceWithCaller(Constructor.java:499)
	at java.base/java.lang.reflect.Constructor.newInstance(Constructor.java:480)
	at org.openqa.selenium.remote.W3CHandshakeResponse.lambda$errorHandler$0(W3CHandshakeResponse.java:62)
	at org.openqa.selenium.remote.HandshakeResponse.lambda$getResponseFunction$0(HandshakeResponse.java:30)
	at org.openqa.selenium.remote.ProtocolHandshake.lambda$createSession$0(ProtocolHandshake.java:126)
	at java.base/java.util.stream.ReferencePipeline$3$1.accept(ReferencePipeline.java:197)
	at java.base/java.util.Spliterators$ArraySpliterator.tryAdvance(Spliterators.java:1002)
	at java.base/java.util.stream.ReferencePipeline.forEachWithCancel(ReferencePipeline.java:129)
	at java.base/java.util.stream.AbstractPipeline.copyIntoWithCancel(AbstractPipeline.java:527)
	at java.base/java.util.stream.AbstractPipeline.copyInto(AbstractPipeline.java:513)
	at java.base/java.util.stream.AbstractPipeline.wrapAndCopyInto(AbstractPipeline.java:499)
	at java.base/java.util.stream.FindOps$FindOp.evaluateSequential(FindOps.java:150)
	at java.base/java.util.stream.AbstractPipeline.evaluate(AbstractPipeline.java:234)
	at java.base/java.util.stream.ReferencePipeline.findFirst(ReferencePipeline.java:647)
	at org.openqa.selenium.remote.ProtocolHandshake.createSession(ProtocolHandshake.java:128)
	at org.openqa.selenium.remote.ProtocolHandshake.createSession(ProtocolHandshake.java:74)
	at org.openqa.selenium.remote.HttpCommandExecutor.execute(HttpCommandExecutor.java:136)
	at org.openqa.selenium.remote.service.DriverCommandExecutor.execute(DriverCommandExecutor.java:83)
	at org.openqa.selenium.remote.RemoteWebDriver.execute(RemoteWebDriver.java:552)
	at org.openqa.selenium.remote.RemoteWebDriver.startSession(RemoteWebDriver.java:213)
	at org.openqa.selenium.remote.RemoteWebDriver.&lt;init&gt;(RemoteWebDriver.java:131)
	at org.openqa.selenium.edge.EdgeDriver.&lt;init&gt;(EdgeDriver.java:141)
	at org.openqa.selenium.edge.EdgeDriver.&lt;init&gt;(EdgeDriver.java:96)
	at browserSetup.Base.openEdgeBrowser(Base.java:20)
	at TestNG.VerifyAddToCartFunctionality.openBrowser(VerifyAddToCartFunctionality.java:47)
	at java.base/jdk.internal.reflect.NativeMethodAccessorImpl.invoke0(Native Method)
	at java.base/jdk.internal.reflect.NativeMethodAccessorImpl.invoke(NativeMethodAccessorImpl.java:77)
	at java.base/jdk.internal.reflect.DelegatingMethodAccessorImpl.invoke(DelegatingMethodAccessorImpl.java:43)
	at java.base/java.lang.reflect.Method.invoke(Method.java:568)
	at org.testng.internal.MethodInvocationHelper.invokeMethod(MethodInvocationHelper.java:133)
	at org.testng.internal.MethodInvocationHelper.invokeMethodConsideringTimeout(MethodInvocationHelper.java:62)
	at org.testng.internal.ConfigInvoker.invokeConfigurationMethod(ConfigInvoker.java:385)
	at org.testng.internal.ConfigInvoker.invokeConfigurations(ConfigInvoker.java:321)
	at org.testng.TestRunner.invokeTestConfigurations(TestRunner.java:637)
	at org.testng.TestRunner.beforeRun(TestRunner.java:627)
	at org.testng.TestRunner.run(TestRunner.java:589)
	at org.testng.SuiteRunner.runTest(SuiteRunner.java:377)
	at org.testng.SuiteRunner.access$000(SuiteRunner.java:28)
	at org.testng.SuiteRunner$SuiteWorker.run(SuiteRunner.java:418)
	at org.testng.internal.thread.ThreadUtil.lambda$execute$0(ThreadUtil.java:64)
	at java.base/java.util.concurrent.FutureTask.run(FutureTask.java:264)
	at java.base/java.util.concurrent.ThreadPoolExecutor.runWorker(ThreadPoolExecutor.java:1136)
	at java.base/java.util.concurrent.ThreadPoolExecutor$Worker.run(ThreadPoolExecutor.java:635)
	at java.base/java.lang.Thread.run(Thread.java:833)
</pre></div></td>
<td>0</td>
<td>TestNG.VerifyHomePage@71809907</td></tr>
<tr>
<td title='TestNG.VerifyAmazonBusinessPage.verifyAmazonBusinessPage()'><b>verifyAmazonBusinessPage</b><br>Test class: TestNG.VerifyAmazonBusinessPage</td>
<td><div><pre>org.openqa.selenium.WebDriverException: disconnected: not connected to DevTools
  (failed to check if window was closed: disconnected: not connected to DevTools)
  (Session info: MicrosoftEdge=112.0.1722.34)
Build info: version: &apos;3.141.59&apos;, revision: &apos;e82be7d358&apos;, time: &apos;2018-11-14T08:17:03&apos;
System info: host: &apos;DESKTOP-BHR3PSD&apos;, ip: &apos;192.168.1.3&apos;, os.name: &apos;Windows 11&apos;, os.arch: &apos;amd64&apos;, os.version: &apos;10.0&apos;, java.version: &apos;17.0.5&apos;
Driver info: driver.version: EdgeDriver
remote stacktrace: Backtrace:
	Microsoft::Applications::Events::EventProperties::SetProperty [0x00007FF7A8E5A5C2+12658]
	Microsoft::Applications::Events::EventProperty::EventProperty [0x00007FF7A8DF2862+747634]
	(No symbol) [0x00007FF7A8A8DD2E]
	(No symbol) [0x00007FF7A8A77C01]
	(No symbol) [0x00007FF7A8A79001]
	(No symbol) [0x00007FF7A8A78F30]
	(No symbol) [0x00007FF7A8A66202]
	(No symbol) [0x00007FF7A8A65D7A]
	(No symbol) [0x00007FF7A8AF7316]
	(No symbol) [0x00007FF7A8AEF1C3]
	(No symbol) [0x00007FF7A8AC17D6]
	(No symbol) [0x00007FF7A8AC09B5]
	(No symbol) [0x00007FF7A8AC1F44]
	Microsoft::Applications::Events::EventProperties::SetProperty [0x00007FF7A8D05530+147088]
	(No symbol) [0x00007FF7A8BA91A6]
	Microsoft::Applications::Events::EventProperty::EventProperty [0x00007FF7A8D44497+33959]
	Microsoft::Applications::Events::EventProperty::EventProperty [0x00007FF7A8D47F65+49013]
	Microsoft::Applications::Events::ILogManager::DispatchEventBroadcast [0x00007FF7A9039933+1305299]
	Microsoft::Applications::Events::EventProperty::EventProperty [0x00007FF7A8DFAE1C+781868]
	Microsoft::Applications::Events::EventProperty::EventProperty [0x00007FF7A8E00344+803668]
	Microsoft::Applications::Events::EventProperty::EventProperty [0x00007FF7A8E0049C+804012]
	Microsoft::Applications::Events::EventProperty::EventProperty [0x00007FF7A8E085A1+837041]
	BaseThreadInitThunk [0x00007FFD5D75269D+29]
	RtlUserThreadStart [0x00007FFD5ECAA9F8+40]

	at org.openqa.selenium.remote.W3CHandshakeResponse.lambda$errorHandler$0(W3CHandshakeResponse.java:62)
	at org.openqa.selenium.remote.HandshakeResponse.lambda$getResponseFunction$0(HandshakeResponse.java:30)
	at org.openqa.selenium.remote.ProtocolHandshake.lambda$createSession$0(ProtocolHandshake.java:126)
	at java.base/java.util.stream.ReferencePipeline$3$1.accept(ReferencePipeline.java:197)
	at java.base/java.util.Spliterators$ArraySpliterator.tryAdvance(Spliterators.java:1002)
	at java.base/java.util.stream.ReferencePipeline.forEachWithCancel(ReferencePipeline.java:129)
	at java.base/java.util.stream.AbstractPipeline.copyIntoWithCancel(AbstractPipeline.java:527)
	at java.base/java.util.stream.AbstractPipeline.copyInto(AbstractPipeline.java:513)
	at java.base/java.util.stream.AbstractPipeline.wrapAndCopyInto(AbstractPipeline.java:499)
	at java.base/java.util.stream.FindOps$FindOp.evaluateSequential(FindOps.java:150)
	at java.base/java.util.stream.AbstractPipeline.evaluate(AbstractPipeline.java:234)
	at java.base/java.util.stream.ReferencePipeline.findFirst(ReferencePipeline.java:647)
	at org.openqa.selenium.remote.ProtocolHandshake.createSession(ProtocolHandshake.java:128)
	at org.openqa.selenium.remote.ProtocolHandshake.createSession(ProtocolHandshake.java:74)
	at org.openqa.selenium.remote.HttpCommandExecutor.execute(HttpCommandExecutor.java:136)
	at org.openqa.selenium.remote.service.DriverCommandExecutor.execute(DriverCommandExecutor.java:83)
	at org.openqa.selenium.remote.RemoteWebDriver.execute(RemoteWebDriver.java:552)
	at org.openqa.selenium.remote.RemoteWebDriver.startSession(RemoteWebDriver.java:213)
	at org.openqa.selenium.remote.RemoteWebDriver.&lt;init&gt;(RemoteWebDriver.java:131)
	at org.openqa.selenium.edge.EdgeDriver.&lt;init&gt;(EdgeDriver.java:141)
	at org.openqa.selenium.edge.EdgeDriver.&lt;init&gt;(EdgeDriver.java:96)
	at browserSetup.Base.openEdgeBrowser(Base.java:20)
	at TestNG.VerifyAddToCartFunctionality.openBrowser(VerifyAddToCartFunctionality.java:47)
	at java.base/java.util.concurrent.FutureTask.run(FutureTask.java:264)
	at java.base/java.util.concurrent.ThreadPoolExecutor.runWorker(ThreadPoolExecutor.java:1136)
	at java.base/java.util.concurrent.ThreadPoolExecutor$Worker.run(ThreadPoolExecutor.java:635)
	at java.base/java.lang.Thread.run(Thread.java:833)
... Removed 20 stack frames</pre></div><a href='#' onClick='toggleBox("stack-trace1856159373", this, "Click to show all stack frames", "Click to hide stack frames")'>Click to show all stack frames</a>
<div class='stack-trace' id='stack-trace1856159373'><pre>org.openqa.selenium.WebDriverException: disconnected: not connected to DevTools
  (failed to check if window was closed: disconnected: not connected to DevTools)
  (Session info: MicrosoftEdge=112.0.1722.34)
Build info: version: &apos;3.141.59&apos;, revision: &apos;e82be7d358&apos;, time: &apos;2018-11-14T08:17:03&apos;
System info: host: &apos;DESKTOP-BHR3PSD&apos;, ip: &apos;192.168.1.3&apos;, os.name: &apos;Windows 11&apos;, os.arch: &apos;amd64&apos;, os.version: &apos;10.0&apos;, java.version: &apos;17.0.5&apos;
Driver info: driver.version: EdgeDriver
remote stacktrace: Backtrace:
	Microsoft::Applications::Events::EventProperties::SetProperty [0x00007FF7A8E5A5C2+12658]
	Microsoft::Applications::Events::EventProperty::EventProperty [0x00007FF7A8DF2862+747634]
	(No symbol) [0x00007FF7A8A8DD2E]
	(No symbol) [0x00007FF7A8A77C01]
	(No symbol) [0x00007FF7A8A79001]
	(No symbol) [0x00007FF7A8A78F30]
	(No symbol) [0x00007FF7A8A66202]
	(No symbol) [0x00007FF7A8A65D7A]
	(No symbol) [0x00007FF7A8AF7316]
	(No symbol) [0x00007FF7A8AEF1C3]
	(No symbol) [0x00007FF7A8AC17D6]
	(No symbol) [0x00007FF7A8AC09B5]
	(No symbol) [0x00007FF7A8AC1F44]
	Microsoft::Applications::Events::EventProperties::SetProperty [0x00007FF7A8D05530+147088]
	(No symbol) [0x00007FF7A8BA91A6]
	Microsoft::Applications::Events::EventProperty::EventProperty [0x00007FF7A8D44497+33959]
	Microsoft::Applications::Events::EventProperty::EventProperty [0x00007FF7A8D47F65+49013]
	Microsoft::Applications::Events::ILogManager::DispatchEventBroadcast [0x00007FF7A9039933+1305299]
	Microsoft::Applications::Events::EventProperty::EventProperty [0x00007FF7A8DFAE1C+781868]
	Microsoft::Applications::Events::EventProperty::EventProperty [0x00007FF7A8E00344+803668]
	Microsoft::Applications::Events::EventProperty::EventProperty [0x00007FF7A8E0049C+804012]
	Microsoft::Applications::Events::EventProperty::EventProperty [0x00007FF7A8E085A1+837041]
	BaseThreadInitThunk [0x00007FFD5D75269D+29]
	RtlUserThreadStart [0x00007FFD5ECAA9F8+40]

	at java.base/jdk.internal.reflect.NativeConstructorAccessorImpl.newInstance0(Native Method)
	at java.base/jdk.internal.reflect.NativeConstructorAccessorImpl.newInstance(NativeConstructorAccessorImpl.java:77)
	at java.base/jdk.internal.reflect.DelegatingConstructorAccessorImpl.newInstance(DelegatingConstructorAccessorImpl.java:45)
	at java.base/java.lang.reflect.Constructor.newInstanceWithCaller(Constructor.java:499)
	at java.base/java.lang.reflect.Constructor.newInstance(Constructor.java:480)
	at org.openqa.selenium.remote.W3CHandshakeResponse.lambda$errorHandler$0(W3CHandshakeResponse.java:62)
	at org.openqa.selenium.remote.HandshakeResponse.lambda$getResponseFunction$0(HandshakeResponse.java:30)
	at org.openqa.selenium.remote.ProtocolHandshake.lambda$createSession$0(ProtocolHandshake.java:126)
	at java.base/java.util.stream.ReferencePipeline$3$1.accept(ReferencePipeline.java:197)
	at java.base/java.util.Spliterators$ArraySpliterator.tryAdvance(Spliterators.java:1002)
	at java.base/java.util.stream.ReferencePipeline.forEachWithCancel(ReferencePipeline.java:129)
	at java.base/java.util.stream.AbstractPipeline.copyIntoWithCancel(AbstractPipeline.java:527)
	at java.base/java.util.stream.AbstractPipeline.copyInto(AbstractPipeline.java:513)
	at java.base/java.util.stream.AbstractPipeline.wrapAndCopyInto(AbstractPipeline.java:499)
	at java.base/java.util.stream.FindOps$FindOp.evaluateSequential(FindOps.java:150)
	at java.base/java.util.stream.AbstractPipeline.evaluate(AbstractPipeline.java:234)
	at java.base/java.util.stream.ReferencePipeline.findFirst(ReferencePipeline.java:647)
	at org.openqa.selenium.remote.ProtocolHandshake.createSession(ProtocolHandshake.java:128)
	at org.openqa.selenium.remote.ProtocolHandshake.createSession(ProtocolHandshake.java:74)
	at org.openqa.selenium.remote.HttpCommandExecutor.execute(HttpCommandExecutor.java:136)
	at org.openqa.selenium.remote.service.DriverCommandExecutor.execute(DriverCommandExecutor.java:83)
	at org.openqa.selenium.remote.RemoteWebDriver.execute(RemoteWebDriver.java:552)
	at org.openqa.selenium.remote.RemoteWebDriver.startSession(RemoteWebDriver.java:213)
	at org.openqa.selenium.remote.RemoteWebDriver.&lt;init&gt;(RemoteWebDriver.java:131)
	at org.openqa.selenium.edge.EdgeDriver.&lt;init&gt;(EdgeDriver.java:141)
	at org.openqa.selenium.edge.EdgeDriver.&lt;init&gt;(EdgeDriver.java:96)
	at browserSetup.Base.openEdgeBrowser(Base.java:20)
	at TestNG.VerifyAddToCartFunctionality.openBrowser(VerifyAddToCartFunctionality.java:47)
	at java.base/jdk.internal.reflect.NativeMethodAccessorImpl.invoke0(Native Method)
	at java.base/jdk.internal.reflect.NativeMethodAccessorImpl.invoke(NativeMethodAccessorImpl.java:77)
	at java.base/jdk.internal.reflect.DelegatingMethodAccessorImpl.invoke(DelegatingMethodAccessorImpl.java:43)
	at java.base/java.lang.reflect.Method.invoke(Method.java:568)
	at org.testng.internal.MethodInvocationHelper.invokeMethod(MethodInvocationHelper.java:133)
	at org.testng.internal.MethodInvocationHelper.invokeMethodConsideringTimeout(MethodInvocationHelper.java:62)
	at org.testng.internal.ConfigInvoker.invokeConfigurationMethod(ConfigInvoker.java:385)
	at org.testng.internal.ConfigInvoker.invokeConfigurations(ConfigInvoker.java:321)
	at org.testng.TestRunner.invokeTestConfigurations(TestRunner.java:637)
	at org.testng.TestRunner.beforeRun(TestRunner.java:627)
	at org.testng.TestRunner.run(TestRunner.java:589)
	at org.testng.SuiteRunner.runTest(SuiteRunner.java:377)
	at org.testng.SuiteRunner.access$000(SuiteRunner.java:28)
	at org.testng.SuiteRunner$SuiteWorker.run(SuiteRunner.java:418)
	at org.testng.internal.thread.ThreadUtil.lambda$execute$0(ThreadUtil.java:64)
	at java.base/java.util.concurrent.FutureTask.run(FutureTask.java:264)
	at java.base/java.util.concurrent.ThreadPoolExecutor.runWorker(ThreadPoolExecutor.java:1136)
	at java.base/java.util.concurrent.ThreadPoolExecutor$Worker.run(ThreadPoolExecutor.java:635)
	at java.base/java.lang.Thread.run(Thread.java:833)
</pre></div></td>
<td>0</td>
<td>TestNG.VerifyAmazonBusinessPage@6e20b53a</td></tr>
</table><p>
</body>
</html>