<?xml version="1.0" encoding="UTF-8"?>
<!-- Generated by org.testng.reporters.JUnitXMLReporter -->
<testsuite ignored="0" hostname="DESKTOP-BHR3PSD" failures="0" tests="8" name="FirefoxTest" time="64.458" errors="0" timestamp="2023-03-25T19:05:07 IST">
  <testcase classname="TestNG.VerifyAmazonBusinessPage" name="@BeforeTest openBrowser" time="30.027">
    <failure type="java.lang.IllegalStateException" message="The driver executable does not exist: D:\testing\automation\geckodriver-v0.32.2-win-aarch64\geckodriver.exe">
      <![CDATA[java.lang.IllegalStateException: The driver executable does not exist: D:\testing\automation\geckodriver-v0.32.2-win-aarch64\geckodriver.exe
at com.google.common.base.Preconditions.checkState(Preconditions.java:585)
at org.openqa.selenium.remote.service.DriverService.checkExecutable(DriverService.java:146)
at org.openqa.selenium.remote.service.DriverService.findExecutable(DriverService.java:141)
at org.openqa.selenium.firefox.GeckoDriverService.access$100(GeckoDriverService.java:44)
at org.openqa.selenium.firefox.GeckoDriverService$Builder.findDefaultExecutable(GeckoDriverService.java:167)
at org.openqa.selenium.remote.service.DriverService$Builder.build(DriverService.java:355)
at org.openqa.selenium.firefox.FirefoxDriver.toExecutor(FirefoxDriver.java:190)
at org.openqa.selenium.firefox.FirefoxDriver.<init>(FirefoxDriver.java:147)
at org.openqa.selenium.firefox.FirefoxDriver.<init>(FirefoxDriver.java:125)
at TestNG.VerifyAmazonBusinessPage.openBrowser(VerifyAmazonBusinessPage.java:46)
... Removed 24 stack frames]]>
    </failure>
  </testcase> <!-- @BeforeTest openBrowser -->
  <testcase classname="TestNG.VerifyHomePage" name="@BeforeTest openBrowser" time="-1.679751307104E9">
    <skipped/>
  </testcase> <!-- @BeforeTest openBrowser -->
  <testcase classname="TestNG.VerifyHomePage" name="@BeforeClass createPOMObjects" time="-1.679751307107E9">
    <skipped/>
  </testcase> <!-- @BeforeClass createPOMObjects -->
  <testcase classname="TestNG.VerifyAmazonBusinessPage" name="@BeforeClass createPOMObject" time="-1.679751307107E9">
    <skipped/>
  </testcase> <!-- @BeforeClass createPOMObject -->
  <testcase classname="TestNG.VerifyAddToCartFunctionality" name="@BeforeClass createPOMObject" time="-1.679751307107E9">
    <skipped/>
  </testcase> <!-- @BeforeClass createPOMObject -->
  <testcase classname="TestNG.VerifyAmazonBusinessPage" name="@BeforeMethod goToAmazonBusinessPage" time="-1.679751307124E9">
    <skipped/>
  </testcase> <!-- @BeforeMethod goToAmazonBusinessPage -->
  <testcase classname="TestNG.VerifyHomePage" name="@BeforeMethod goToHomePage" time="-1.679751307107E9">
    <skipped/>
  </testcase> <!-- @BeforeMethod goToHomePage -->
  <testcase classname="TestNG.VerifyAddToCartFunctionality" name="@BeforeMethod goToHomePageItem" time="-1.679751307124E9">
    <skipped/>
  </testcase> <!-- @BeforeMethod goToHomePageItem -->
  <testcase classname="TestNG.VerifyAmazonBusinessPage" name="@AfterMethod afterMethod" time="-1.679751307131E9">
    <skipped/>
  </testcase> <!-- @AfterMethod afterMethod -->
  <testcase classname="TestNG.VerifyAmazonBusinessPage" name="@BeforeMethod goToAmazonBusinessPage" time="-1.679751307139E9">
    <skipped/>
  </testcase> <!-- @BeforeMethod goToAmazonBusinessPage -->
  <testcase classname="TestNG.VerifyAmazonBusinessPage" name="@AfterMethod afterMethod" time="-1.679751307152E9">
    <skipped/>
  </testcase> <!-- @AfterMethod afterMethod -->
  <testcase classname="TestNG.VerifyAddToCartFunctionality" name="@AfterMethod afterMethod" time="-1.679751307155E9">
    <skipped/>
  </testcase> <!-- @AfterMethod afterMethod -->
  <testcase classname="TestNG.VerifyAddToCartFunctionality" name="@BeforeMethod goToHomePageItem" time="-1.679751307155E9">
    <skipped/>
  </testcase> <!-- @BeforeMethod goToHomePageItem -->
  <testcase classname="TestNG.VerifyHomePage" name="@AfterMethod afterMethod" time="-1.679751307155E9">
    <skipped/>
  </testcase> <!-- @AfterMethod afterMethod -->
  <testcase classname="TestNG.VerifyAmazonBusinessPage" name="@AfterClass clearObjects" time="-1.679751307155E9">
    <skipped/>
  </testcase> <!-- @AfterClass clearObjects -->
  <testcase classname="TestNG.VerifyHomePage" name="@BeforeMethod goToHomePage" time="-1.679751307155E9">
    <skipped/>
  </testcase> <!-- @BeforeMethod goToHomePage -->
  <testcase classname="TestNG.VerifyAddToCartFunctionality" name="@AfterMethod afterMethod" time="-1.679751307171E9">
    <skipped/>
  </testcase> <!-- @AfterMethod afterMethod -->
  <testcase classname="TestNG.VerifyHomePage" name="@AfterMethod afterMethod" time="-1.679751307171E9">
    <skipped/>
  </testcase> <!-- @AfterMethod afterMethod -->
  <testcase classname="TestNG.VerifyAddToCartFunctionality" name="@AfterClass clearObjects" time="-1.679751307171E9">
    <skipped/>
  </testcase> <!-- @AfterClass clearObjects -->
  <testcase classname="TestNG.VerifyHomePage" name="@BeforeMethod goToHomePage" time="-1.679751307171E9">
    <skipped/>
  </testcase> <!-- @BeforeMethod goToHomePage -->
  <testcase classname="TestNG.VerifyHomePage" name="@AfterMethod afterMethod" time="-1.679751307187E9">
    <skipped/>
  </testcase> <!-- @AfterMethod afterMethod -->
  <testcase classname="TestNG.VerifyHomePage" name="@AfterClass clearObjects" time="-1.679751307187E9">
    <skipped/>
  </testcase> <!-- @AfterClass clearObjects -->
  <testcase classname="TestNG.VerifyAddToCartFunctionality" name="@AfterTest afterTest" time="-1.679751307187E9">
    <skipped/>
  </testcase> <!-- @AfterTest afterTest -->
  <testcase classname="TestNG.VerifyAmazonBusinessPage" name="@AfterTest afterTest" time="-1.679751307187E9">
    <skipped/>
  </testcase> <!-- @AfterTest afterTest -->
  <testcase classname="TestNG.VerifyHomePage" name="@AfterTest afterTest" time="-1.679751307187E9">
    <skipped/>
  </testcase> <!-- @AfterTest afterTest -->
  <testcase classname="TestNG.VerifyAmazonBusinessPage" name="verifyAmazonBusinessPage" time="0.0">
    <skipped/>
  </testcase> <!-- verifyAmazonBusinessPage -->
  <testcase classname="TestNG.VerifyHomePage" name="verifyAmazonMiniTvPage" time="0.0">
    <skipped/>
  </testcase> <!-- verifyAmazonMiniTvPage -->
  <testcase classname="TestNG.VerifyAddToCartFunctionality" name="verifyTextOnCartPage" time="0.0">
    <skipped/>
  </testcase> <!-- verifyTextOnCartPage -->
  <testcase classname="TestNG.VerifyAmazonBusinessPage" name="verifyLearnMoreAboutAmazonLink" time="0.0">
    <skipped/>
  </testcase> <!-- verifyLearnMoreAboutAmazonLink -->
  <testcase classname="TestNG.VerifyAddToCartFunctionality" name="verifyProceedToCheckOutButton" time="0.0">
    <skipped/>
  </testcase> <!-- verifyProceedToCheckOutButton -->
  <testcase classname="TestNG.VerifyHomePage" name="verifySearchTextBox" time="0.0">
    <skipped/>
  </testcase> <!-- verifySearchTextBox -->
  <testcase classname="TestNG.VerifyAddToCartFunctionality" name="verifyCartButton" time="0.0">
    <skipped/>
  </testcase> <!-- verifyCartButton -->
  <testcase classname="TestNG.VerifyHomePage" name="verifySignInPage" time="0.0">
    <skipped/>
  </testcase> <!-- verifySignInPage -->
</testsuite> <!-- FirefoxTest -->
