<?xml version="1.0" encoding="UTF-8"?>
<!-- Generated by org.testng.reporters.JUnitXMLReporter -->
<testsuite ignored="0" hostname="DESKTOP-BHR3PSD" failures="0" tests="5" name="Test" time="0.267" errors="0" timestamp="2023-03-23T15:27:28 IST">
  <testcase classname="TestNG.VerifyAddToCartFunctionality" name="@BeforeTest openBrowser" time="-1.679565448466E9">
    <failure type="org.testng.TestNGException" message="
Parameter &amp;apos;browser&amp;apos; is required by BeforeTest on method openBrowser but has not been marked @Optional or defined
in C:\Users\amol\eclipse-workspace\Maven-Amazon-Automation\RegressionSuit.xml">
      <![CDATA[org.testng.TestNGException: 
Parameter 'browser' is required by BeforeTest on method openBrowser but has not been marked @Optional or defined
in C:\Users\amol\eclipse-workspace\Maven-Amazon-Automation\RegressionSuit.xml
... Removed 21 stack frames]]>
    </failure>
  </testcase> <!-- @BeforeTest openBrowser -->
  <testcase classname="TestNG.VerifyAmazonBusinessPage" name="@BeforeClass openBrowser" time="-1.679565448557E9">
    <skipped/>
  </testcase> <!-- @BeforeClass openBrowser -->
  <testcase classname="TestNG.VerifyAmazonBusinessPage" name="@BeforeMethod goToAmazonBusinessPage" time="-1.6795654486E9">
    <skipped/>
  </testcase> <!-- @BeforeMethod goToAmazonBusinessPage -->
  <testcase classname="TestNG.VerifyAmazonBusinessPage" name="@AfterMethod afterMethod" time="-1.679565448613E9">
    <skipped/>
  </testcase> <!-- @AfterMethod afterMethod -->
  <testcase classname="TestNG.VerifyAmazonBusinessPage" name="@BeforeMethod goToAmazonBusinessPage" time="-1.679565448624E9">
    <skipped/>
  </testcase> <!-- @BeforeMethod goToAmazonBusinessPage -->
  <testcase classname="TestNG.VerifyAmazonBusinessPage" name="@AfterMethod afterMethod" time="-1.679565448634E9">
    <skipped/>
  </testcase> <!-- @AfterMethod afterMethod -->
  <testcase classname="TestNG.VerifyAmazonBusinessPage" name="@AfterClass afterClass" time="-1.679565448637E9">
    <skipped/>
  </testcase> <!-- @AfterClass afterClass -->
  <testcase classname="TestNG.VerifyAddToCartFunctionality" name="@BeforeClass goToHomePageItem" time="-1.679565448642E9">
    <skipped/>
  </testcase> <!-- @BeforeClass goToHomePageItem -->
  <testcase classname="TestNG.VerifyAddToCartFunctionality" name="@BeforeMethod goToHomePageItem" time="-1.679565448646E9">
    <skipped/>
  </testcase> <!-- @BeforeMethod goToHomePageItem -->
  <testcase classname="TestNG.VerifyAddToCartFunctionality" name="@AfterMethod afterMethod" time="-1.679565448659E9">
    <skipped/>
  </testcase> <!-- @AfterMethod afterMethod -->
  <testcase classname="TestNG.VerifyAddToCartFunctionality" name="@BeforeMethod goToHomePageItem" time="-1.679565448663E9">
    <skipped/>
  </testcase> <!-- @BeforeMethod goToHomePageItem -->
  <testcase classname="TestNG.VerifyAddToCartFunctionality" name="@AfterMethod afterMethod" time="-1.679565448691E9">
    <skipped/>
  </testcase> <!-- @AfterMethod afterMethod -->
  <testcase classname="TestNG.VerifyAddToCartFunctionality" name="@AfterClass afterClass" time="-1.679565448713E9">
    <skipped/>
  </testcase> <!-- @AfterClass afterClass -->
  <testcase classname="TestNG.VerifyAmazonBusinessPage" name="verifyAmazonBusinessPage" time="0.0">
    <skipped/>
  </testcase> <!-- verifyAmazonBusinessPage -->
  <testcase classname="TestNG.VerifyAmazonBusinessPage" name="verifyLearnMoreAboutAmazonLink" time="0.0">
    <skipped/>
  </testcase> <!-- verifyLearnMoreAboutAmazonLink -->
  <testcase classname="TestNG.VerifyAddToCartFunctionality" name="verifyTextOnCartPage" time="0.0">
    <skipped/>
  </testcase> <!-- verifyTextOnCartPage -->
  <testcase classname="TestNG.VerifyAddToCartFunctionality" name="verifyProceedToCheckOutButton" time="0.0">
    <skipped/>
  </testcase> <!-- verifyProceedToCheckOutButton -->
  <testcase classname="TestNG.VerifyAddToCartFunctionality" name="verifyCartButton" time="0.0">
    <skipped/>
  </testcase> <!-- verifyCartButton -->
</testsuite> <!-- Test -->
