<?xml version="1.0" encoding="UTF-8"?>
<testng-results ignored="0" total="16" passed="14" failed="0" skipped="2">
  <reporter-output>
  </reporter-output>
  <suite started-at="2023-04-01T16:13:25 IST" name="Suite" finished-at="2023-04-01T16:15:49 IST" duration-ms="144117">
    <groups>
    </groups>
    <test started-at="2023-04-01T16:13:25 IST" name="EdgeTest" finished-at="2023-04-01T16:15:43 IST" duration-ms="137505">
      <class name="TestNG.VerifyAddToCartFunctionality">
        <test-method is-config="true" signature="openBrowser(java.lang.String)[pri:0, instance:TestNG.VerifyAddToCartFunctionality@3ce1e309]" started-at="2023-04-01T16:13:25 IST" name="openBrowser" finished-at="2023-04-01T16:13:30 IST" duration-ms="4611" status="PASS">
          <params>
            <param index="0">
              <value>
                <![CDATA[Edge]]>
              </value>
            </param>
          </params>
          <reporter-output>
          </reporter-output>
        </test-method> <!-- openBrowser -->
        <test-method is-config="true" signature="createPOMObject()[pri:0, instance:TestNG.VerifyAddToCartFunctionality@3ce1e309]" started-at="2023-04-01T16:13:43 IST" name="createPOMObject" finished-at="2023-04-01T16:13:43 IST" duration-ms="7" status="PASS">
          <reporter-output>
          </reporter-output>
        </test-method> <!-- createPOMObject -->
        <test-method is-config="true" signature="goToHomePageItem()[pri:0, instance:TestNG.VerifyAddToCartFunctionality@3ce1e309]" started-at="2023-04-01T16:13:43 IST" name="goToHomePageItem" finished-at="2023-04-01T16:14:32 IST" duration-ms="49545" status="PASS">
          <reporter-output>
          </reporter-output>
        </test-method> <!-- goToHomePageItem -->
        <test-method signature="verifyTextOnCartPage()[pri:1, instance:TestNG.VerifyAddToCartFunctionality@3ce1e309]" started-at="2023-04-01T16:14:32 IST" name="verifyTextOnCartPage" finished-at="2023-04-01T16:14:36 IST" duration-ms="3227" status="PASS">
          <reporter-output>
          </reporter-output>
        </test-method> <!-- verifyTextOnCartPage -->
        <test-method is-config="true" signature="logOut(org.testng.ITestResult)[pri:0, instance:TestNG.VerifyAddToCartFunctionality@3ce1e309]" started-at="2023-04-01T16:14:36 IST" name="logOut" finished-at="2023-04-01T16:14:36 IST" duration-ms="722" status="PASS">
          <params>
            <param index="0">
              <value>
                <![CDATA[[TestResult name=verifyTextOnCartPage status=SUCCESS method=VerifyAddToCartFunctionality.verifyTextOnCartPage()[pri:1, instance:TestNG.VerifyAddToCartFunctionality@3ce1e309] output={null}]]]>
              </value>
            </param>
          </params>
          <reporter-output>
          </reporter-output>
        </test-method> <!-- logOut -->
        <test-method is-config="true" signature="goToHomePageItem()[pri:0, instance:TestNG.VerifyAddToCartFunctionality@3ce1e309]" started-at="2023-04-01T16:14:36 IST" name="goToHomePageItem" finished-at="2023-04-01T16:14:54 IST" duration-ms="17137" status="PASS">
          <reporter-output>
          </reporter-output>
        </test-method> <!-- goToHomePageItem -->
        <test-method signature="verifyProceedToCheckOutButton()[pri:2, instance:TestNG.VerifyAddToCartFunctionality@3ce1e309]" started-at="2023-04-01T16:14:54 IST" name="verifyProceedToCheckOutButton" finished-at="2023-04-01T16:14:59 IST" duration-ms="5436" status="PASS">
          <reporter-output>
          </reporter-output>
        </test-method> <!-- verifyProceedToCheckOutButton -->
        <test-method is-config="true" signature="logOut(org.testng.ITestResult)[pri:0, instance:TestNG.VerifyAddToCartFunctionality@3ce1e309]" started-at="2023-04-01T16:14:59 IST" name="logOut" finished-at="2023-04-01T16:15:00 IST" duration-ms="576" status="PASS">
          <params>
            <param index="0">
              <value>
                <![CDATA[[TestResult name=verifyProceedToCheckOutButton status=SUCCESS method=VerifyAddToCartFunctionality.verifyProceedToCheckOutButton()[pri:2, instance:TestNG.VerifyAddToCartFunctionality@3ce1e309] output={null}]]]>
              </value>
            </param>
          </params>
          <reporter-output>
          </reporter-output>
        </test-method> <!-- logOut -->
        <test-method is-config="true" signature="goToHomePageItem()[pri:0, instance:TestNG.VerifyAddToCartFunctionality@3ce1e309]" started-at="2023-04-01T16:15:00 IST" name="goToHomePageItem" finished-at="2023-04-01T16:15:43 IST" duration-ms="42965" status="FAIL">
          <exception class="org.openqa.selenium.NoSuchElementException">
            <message>
              <![CDATA[no such element: Unable to locate element: {"method":"xpath","selector":"//input[@id='add-to-cart-button']"}
  (Session info: MicrosoftEdge=111.0.1661.62)
For documentation on this error, please visit: https://www.seleniumhq.org/exceptions/no_such_element.html
Build info: version: '3.141.59', revision: 'e82be7d358', time: '2018-11-14T08:17:03'
System info: host: 'DESKTOP-BHR3PSD', ip: '192.168.1.3', os.name: 'Windows 11', os.arch: 'amd64', os.version: '10.0', java.version: '17.0.5'
Driver info: org.openqa.selenium.edge.EdgeDriver
Capabilities {acceptInsecureCerts: false, browserName: msedge, browserVersion: 111.0.1661.62, javascriptEnabled: true, ms:edgeOptions: {debuggerAddress: localhost:50776}, msedge: {msedgedriverVersion: 111.0.1661.54 (9e410ec23a36..., userDataDir: C:\Users\amol\AppData\Local...}, networkConnectionEnabled: false, pageLoadStrategy: normal, platform: WINDOWS, platformName: WINDOWS, proxy: Proxy(), setWindowRect: true, strictFileInteractability: false, timeouts: {implicit: 0, pageLoad: 300000, script: 30000}, unhandledPromptBehavior: dismiss and notify, webauthn:extension:credBlob: true, webauthn:extension:largeBlob: true, webauthn:extension:minPinLength: true, webauthn:extension:prf: true, webauthn:virtualAuthenticators: true}
Session ID: aa698be8b836ae78cbe1d968e909e66d
*** Element info: {Using=xpath, value=//input[@id='add-to-cart-button']}]]>
            </message>
            <full-stacktrace>
              <![CDATA[org.openqa.selenium.NoSuchElementException: no such element: Unable to locate element: {"method":"xpath","selector":"//input[@id='add-to-cart-button']"}
  (Session info: MicrosoftEdge=111.0.1661.62)
For documentation on this error, please visit: https://www.seleniumhq.org/exceptions/no_such_element.html
Build info: version: '3.141.59', revision: 'e82be7d358', time: '2018-11-14T08:17:03'
System info: host: 'DESKTOP-BHR3PSD', ip: '192.168.1.3', os.name: 'Windows 11', os.arch: 'amd64', os.version: '10.0', java.version: '17.0.5'
Driver info: org.openqa.selenium.edge.EdgeDriver
Capabilities {acceptInsecureCerts: false, browserName: msedge, browserVersion: 111.0.1661.62, javascriptEnabled: true, ms:edgeOptions: {debuggerAddress: localhost:50776}, msedge: {msedgedriverVersion: 111.0.1661.54 (9e410ec23a36..., userDataDir: C:\Users\amol\AppData\Local...}, networkConnectionEnabled: false, pageLoadStrategy: normal, platform: WINDOWS, platformName: WINDOWS, proxy: Proxy(), setWindowRect: true, strictFileInteractability: false, timeouts: {implicit: 0, pageLoad: 300000, script: 30000}, unhandledPromptBehavior: dismiss and notify, webauthn:extension:credBlob: true, webauthn:extension:largeBlob: true, webauthn:extension:minPinLength: true, webauthn:extension:prf: true, webauthn:virtualAuthenticators: true}
Session ID: aa698be8b836ae78cbe1d968e909e66d
*** Element info: {Using=xpath, value=//input[@id='add-to-cart-button']}
at java.base/jdk.internal.reflect.NativeConstructorAccessorImpl.newInstance0(Native Method)
at java.base/jdk.internal.reflect.NativeConstructorAccessorImpl.newInstance(NativeConstructorAccessorImpl.java:77)
at java.base/jdk.internal.reflect.DelegatingConstructorAccessorImpl.newInstance(DelegatingConstructorAccessorImpl.java:45)
at java.base/java.lang.reflect.Constructor.newInstanceWithCaller(Constructor.java:499)
at java.base/java.lang.reflect.Constructor.newInstance(Constructor.java:480)
at org.openqa.selenium.remote.http.W3CHttpResponseCodec.createException(W3CHttpResponseCodec.java:187)
at org.openqa.selenium.remote.http.W3CHttpResponseCodec.decode(W3CHttpResponseCodec.java:122)
at org.openqa.selenium.remote.http.W3CHttpResponseCodec.decode(W3CHttpResponseCodec.java:49)
at org.openqa.selenium.remote.HttpCommandExecutor.execute(HttpCommandExecutor.java:158)
at org.openqa.selenium.remote.service.DriverCommandExecutor.execute(DriverCommandExecutor.java:83)
at org.openqa.selenium.remote.RemoteWebDriver.execute(RemoteWebDriver.java:552)
at org.openqa.selenium.remote.RemoteWebDriver.findElement(RemoteWebDriver.java:323)
at org.openqa.selenium.remote.RemoteWebDriver.findElementByXPath(RemoteWebDriver.java:428)
at org.openqa.selenium.By$ByXPath.findElement(By.java:353)
at org.openqa.selenium.remote.RemoteWebDriver.findElement(RemoteWebDriver.java:315)
at org.openqa.selenium.support.pagefactory.DefaultElementLocator.findElement(DefaultElementLocator.java:69)
at org.openqa.selenium.support.pagefactory.internal.LocatingElementHandler.invoke(LocatingElementHandler.java:38)
at jdk.proxy2/jdk.proxy2.$Proxy17.click(Unknown Source)
at Page.ProductDetailsPage.clickOnAddToCartButton(ProductDetailsPage.java:35)
at TestNG.VerifyAddToCartFunctionality.goToHomePageItem(VerifyAddToCartFunctionality.java:69)
at java.base/jdk.internal.reflect.NativeMethodAccessorImpl.invoke0(Native Method)
at java.base/jdk.internal.reflect.NativeMethodAccessorImpl.invoke(NativeMethodAccessorImpl.java:77)
at java.base/jdk.internal.reflect.DelegatingMethodAccessorImpl.invoke(DelegatingMethodAccessorImpl.java:43)
at java.base/java.lang.reflect.Method.invoke(Method.java:568)
at org.testng.internal.MethodInvocationHelper.invokeMethod(MethodInvocationHelper.java:133)
at org.testng.internal.MethodInvocationHelper.invokeMethodConsideringTimeout(MethodInvocationHelper.java:62)
at org.testng.internal.ConfigInvoker.invokeConfigurationMethod(ConfigInvoker.java:385)
at org.testng.internal.ConfigInvoker.invokeConfigurations(ConfigInvoker.java:321)
at org.testng.internal.TestInvoker.runConfigMethods(TestInvoker.java:700)
at org.testng.internal.TestInvoker.invokeMethod(TestInvoker.java:527)
at org.testng.internal.TestInvoker.invokeTestMethod(TestInvoker.java:173)
at org.testng.internal.MethodRunner.runInSequence(MethodRunner.java:46)
at org.testng.internal.TestInvoker$MethodInvocationAgent.invoke(TestInvoker.java:824)
at org.testng.internal.TestInvoker.invokeTestMethods(TestInvoker.java:146)
at org.testng.internal.TestMethodWorker.invokeTestMethods(TestMethodWorker.java:146)
at org.testng.internal.TestMethodWorker.run(TestMethodWorker.java:128)
at java.base/java.util.concurrent.ThreadPoolExecutor.runWorker(ThreadPoolExecutor.java:1136)
at java.base/java.util.concurrent.ThreadPoolExecutor$Worker.run(ThreadPoolExecutor.java:635)
at java.base/java.lang.Thread.run(Thread.java:833)
]]>
            </full-stacktrace>
          </exception> <!-- org.openqa.selenium.NoSuchElementException -->
          <reporter-output>
          </reporter-output>
        </test-method> <!-- goToHomePageItem -->
        <test-method signature="verifyCartButton()[pri:3, instance:TestNG.VerifyAddToCartFunctionality@3ce1e309]" started-at="2023-04-01T16:15:43 IST" name="verifyCartButton" finished-at="2023-04-01T16:15:43 IST" duration-ms="0" status="SKIP">
          <exception class="org.openqa.selenium.NoSuchElementException">
            <message>
              <![CDATA[no such element: Unable to locate element: {"method":"xpath","selector":"//input[@id='add-to-cart-button']"}
  (Session info: MicrosoftEdge=111.0.1661.62)
For documentation on this error, please visit: https://www.seleniumhq.org/exceptions/no_such_element.html
Build info: version: '3.141.59', revision: 'e82be7d358', time: '2018-11-14T08:17:03'
System info: host: 'DESKTOP-BHR3PSD', ip: '192.168.1.3', os.name: 'Windows 11', os.arch: 'amd64', os.version: '10.0', java.version: '17.0.5'
Driver info: org.openqa.selenium.edge.EdgeDriver
Capabilities {acceptInsecureCerts: false, browserName: msedge, browserVersion: 111.0.1661.62, javascriptEnabled: true, ms:edgeOptions: {debuggerAddress: localhost:50776}, msedge: {msedgedriverVersion: 111.0.1661.54 (9e410ec23a36..., userDataDir: C:\Users\amol\AppData\Local...}, networkConnectionEnabled: false, pageLoadStrategy: normal, platform: WINDOWS, platformName: WINDOWS, proxy: Proxy(), setWindowRect: true, strictFileInteractability: false, timeouts: {implicit: 0, pageLoad: 300000, script: 30000}, unhandledPromptBehavior: dismiss and notify, webauthn:extension:credBlob: true, webauthn:extension:largeBlob: true, webauthn:extension:minPinLength: true, webauthn:extension:prf: true, webauthn:virtualAuthenticators: true}
Session ID: aa698be8b836ae78cbe1d968e909e66d
*** Element info: {Using=xpath, value=//input[@id='add-to-cart-button']}]]>
            </message>
            <full-stacktrace>
              <![CDATA[org.openqa.selenium.NoSuchElementException: no such element: Unable to locate element: {"method":"xpath","selector":"//input[@id='add-to-cart-button']"}
  (Session info: MicrosoftEdge=111.0.1661.62)
For documentation on this error, please visit: https://www.seleniumhq.org/exceptions/no_such_element.html
Build info: version: '3.141.59', revision: 'e82be7d358', time: '2018-11-14T08:17:03'
System info: host: 'DESKTOP-BHR3PSD', ip: '192.168.1.3', os.name: 'Windows 11', os.arch: 'amd64', os.version: '10.0', java.version: '17.0.5'
Driver info: org.openqa.selenium.edge.EdgeDriver
Capabilities {acceptInsecureCerts: false, browserName: msedge, browserVersion: 111.0.1661.62, javascriptEnabled: true, ms:edgeOptions: {debuggerAddress: localhost:50776}, msedge: {msedgedriverVersion: 111.0.1661.54 (9e410ec23a36..., userDataDir: C:\Users\amol\AppData\Local...}, networkConnectionEnabled: false, pageLoadStrategy: normal, platform: WINDOWS, platformName: WINDOWS, proxy: Proxy(), setWindowRect: true, strictFileInteractability: false, timeouts: {implicit: 0, pageLoad: 300000, script: 30000}, unhandledPromptBehavior: dismiss and notify, webauthn:extension:credBlob: true, webauthn:extension:largeBlob: true, webauthn:extension:minPinLength: true, webauthn:extension:prf: true, webauthn:virtualAuthenticators: true}
Session ID: aa698be8b836ae78cbe1d968e909e66d
*** Element info: {Using=xpath, value=//input[@id='add-to-cart-button']}
at java.base/jdk.internal.reflect.NativeConstructorAccessorImpl.newInstance0(Native Method)
at java.base/jdk.internal.reflect.NativeConstructorAccessorImpl.newInstance(NativeConstructorAccessorImpl.java:77)
at java.base/jdk.internal.reflect.DelegatingConstructorAccessorImpl.newInstance(DelegatingConstructorAccessorImpl.java:45)
at java.base/java.lang.reflect.Constructor.newInstanceWithCaller(Constructor.java:499)
at java.base/java.lang.reflect.Constructor.newInstance(Constructor.java:480)
at org.openqa.selenium.remote.http.W3CHttpResponseCodec.createException(W3CHttpResponseCodec.java:187)
at org.openqa.selenium.remote.http.W3CHttpResponseCodec.decode(W3CHttpResponseCodec.java:122)
at org.openqa.selenium.remote.http.W3CHttpResponseCodec.decode(W3CHttpResponseCodec.java:49)
at org.openqa.selenium.remote.HttpCommandExecutor.execute(HttpCommandExecutor.java:158)
at org.openqa.selenium.remote.service.DriverCommandExecutor.execute(DriverCommandExecutor.java:83)
at org.openqa.selenium.remote.RemoteWebDriver.execute(RemoteWebDriver.java:552)
at org.openqa.selenium.remote.RemoteWebDriver.findElement(RemoteWebDriver.java:323)
at org.openqa.selenium.remote.RemoteWebDriver.findElementByXPath(RemoteWebDriver.java:428)
at org.openqa.selenium.By$ByXPath.findElement(By.java:353)
at org.openqa.selenium.remote.RemoteWebDriver.findElement(RemoteWebDriver.java:315)
at org.openqa.selenium.support.pagefactory.DefaultElementLocator.findElement(DefaultElementLocator.java:69)
at org.openqa.selenium.support.pagefactory.internal.LocatingElementHandler.invoke(LocatingElementHandler.java:38)
at jdk.proxy2/jdk.proxy2.$Proxy17.click(Unknown Source)
at Page.ProductDetailsPage.clickOnAddToCartButton(ProductDetailsPage.java:35)
at TestNG.VerifyAddToCartFunctionality.goToHomePageItem(VerifyAddToCartFunctionality.java:69)
at java.base/jdk.internal.reflect.NativeMethodAccessorImpl.invoke0(Native Method)
at java.base/jdk.internal.reflect.NativeMethodAccessorImpl.invoke(NativeMethodAccessorImpl.java:77)
at java.base/jdk.internal.reflect.DelegatingMethodAccessorImpl.invoke(DelegatingMethodAccessorImpl.java:43)
at java.base/java.lang.reflect.Method.invoke(Method.java:568)
at org.testng.internal.MethodInvocationHelper.invokeMethod(MethodInvocationHelper.java:133)
at org.testng.internal.MethodInvocationHelper.invokeMethodConsideringTimeout(MethodInvocationHelper.java:62)
at org.testng.internal.ConfigInvoker.invokeConfigurationMethod(ConfigInvoker.java:385)
at org.testng.internal.ConfigInvoker.invokeConfigurations(ConfigInvoker.java:321)
at org.testng.internal.TestInvoker.runConfigMethods(TestInvoker.java:700)
at org.testng.internal.TestInvoker.invokeMethod(TestInvoker.java:527)
at org.testng.internal.TestInvoker.invokeTestMethod(TestInvoker.java:173)
at org.testng.internal.MethodRunner.runInSequence(MethodRunner.java:46)
at org.testng.internal.TestInvoker$MethodInvocationAgent.invoke(TestInvoker.java:824)
at org.testng.internal.TestInvoker.invokeTestMethods(TestInvoker.java:146)
at org.testng.internal.TestMethodWorker.invokeTestMethods(TestMethodWorker.java:146)
at org.testng.internal.TestMethodWorker.run(TestMethodWorker.java:128)
at java.base/java.util.concurrent.ThreadPoolExecutor.runWorker(ThreadPoolExecutor.java:1136)
at java.base/java.util.concurrent.ThreadPoolExecutor$Worker.run(ThreadPoolExecutor.java:635)
at java.base/java.lang.Thread.run(Thread.java:833)
]]>
            </full-stacktrace>
          </exception> <!-- org.openqa.selenium.NoSuchElementException -->
          <reporter-output>
          </reporter-output>
        </test-method> <!-- verifyCartButton -->
        <test-method is-config="true" signature="logOut(org.testng.ITestResult)[pri:0, instance:TestNG.VerifyAddToCartFunctionality@3ce1e309]" started-at="2023-04-01T16:15:43 IST" name="logOut" finished-at="1970-01-01T05:30:00 IST" duration-ms="-1680345943075" status="SKIP">
          <reporter-output>
          </reporter-output>
        </test-method> <!-- logOut -->
        <test-method is-config="true" signature="clearObjects()[pri:0, instance:TestNG.VerifyAddToCartFunctionality@3ce1e309]" started-at="2023-04-01T16:15:43 IST" name="clearObjects" finished-at="1970-01-01T05:30:00 IST" duration-ms="-1680345943088" status="SKIP">
          <reporter-output>
          </reporter-output>
        </test-method> <!-- clearObjects -->
        <test-method is-config="true" signature="afterTest()[pri:0, instance:TestNG.VerifyAddToCartFunctionality@3ce1e309]" started-at="2023-04-01T16:15:43 IST" name="afterTest" finished-at="1970-01-01T05:30:00 IST" duration-ms="-1680345943091" status="SKIP">
          <reporter-output>
          </reporter-output>
        </test-method> <!-- afterTest -->
      </class> <!-- TestNG.VerifyAddToCartFunctionality -->
      <class name="TestNG.VerifyAmazonBusinessPage">
        <test-method is-config="true" signature="openBrowser(java.lang.String)[pri:0, instance:TestNG.VerifyAmazonBusinessPage@6e20b53a]" started-at="2023-04-01T16:13:30 IST" name="openBrowser" finished-at="2023-04-01T16:13:36 IST" duration-ms="6262" status="PASS">
          <params>
            <param index="0">
              <value>
                <![CDATA[Edge]]>
              </value>
            </param>
          </params>
          <reporter-output>
          </reporter-output>
        </test-method> <!-- openBrowser -->
        <test-method is-config="true" signature="createPOMObject()[pri:0, instance:TestNG.VerifyAmazonBusinessPage@6e20b53a]" started-at="2023-04-01T16:13:43 IST" name="createPOMObject" finished-at="2023-04-01T16:13:43 IST" duration-ms="0" status="PASS">
          <reporter-output>
          </reporter-output>
        </test-method> <!-- createPOMObject -->
        <test-method is-config="true" signature="goToAmazonBusinessPage()[pri:0, instance:TestNG.VerifyAmazonBusinessPage@6e20b53a]" started-at="2023-04-01T16:13:43 IST" name="goToAmazonBusinessPage" finished-at="2023-04-01T16:14:42 IST" duration-ms="59425" status="PASS">
          <reporter-output>
          </reporter-output>
        </test-method> <!-- goToAmazonBusinessPage -->
        <test-method signature="verifyAmazonBusinessPage()[pri:1, instance:TestNG.VerifyAmazonBusinessPage@6e20b53a]" started-at="2023-04-01T16:14:42 IST" name="verifyAmazonBusinessPage" finished-at="2023-04-01T16:14:50 IST" duration-ms="7837" status="PASS">
          <reporter-output>
          </reporter-output>
        </test-method> <!-- verifyAmazonBusinessPage -->
        <test-method is-config="true" signature="afterMethod()[pri:0, instance:TestNG.VerifyAmazonBusinessPage@6e20b53a]" started-at="2023-04-01T16:14:50 IST" name="afterMethod" finished-at="2023-04-01T16:14:50 IST" duration-ms="1" status="PASS">
          <reporter-output>
          </reporter-output>
        </test-method> <!-- afterMethod -->
        <test-method is-config="true" signature="goToAmazonBusinessPage()[pri:0, instance:TestNG.VerifyAmazonBusinessPage@6e20b53a]" started-at="2023-04-01T16:14:50 IST" name="goToAmazonBusinessPage" finished-at="2023-04-01T16:15:23 IST" duration-ms="32298" status="PASS">
          <reporter-output>
          </reporter-output>
        </test-method> <!-- goToAmazonBusinessPage -->
        <test-method signature="verifyLearnMoreAboutAmazonLink()[pri:2, instance:TestNG.VerifyAmazonBusinessPage@6e20b53a]" started-at="2023-04-01T16:15:23 IST" name="verifyLearnMoreAboutAmazonLink" finished-at="2023-04-01T16:15:30 IST" duration-ms="7764" status="PASS">
          <reporter-output>
          </reporter-output>
        </test-method> <!-- verifyLearnMoreAboutAmazonLink -->
        <test-method is-config="true" signature="afterMethod()[pri:0, instance:TestNG.VerifyAmazonBusinessPage@6e20b53a]" started-at="2023-04-01T16:15:30 IST" name="afterMethod" finished-at="2023-04-01T16:15:30 IST" duration-ms="0" status="PASS">
          <reporter-output>
          </reporter-output>
        </test-method> <!-- afterMethod -->
        <test-method is-config="true" signature="clearObjects()[pri:0, instance:TestNG.VerifyAmazonBusinessPage@6e20b53a]" started-at="2023-04-01T16:15:30 IST" name="clearObjects" finished-at="2023-04-01T16:15:30 IST" duration-ms="0" status="PASS">
          <reporter-output>
          </reporter-output>
        </test-method> <!-- clearObjects -->
        <test-method is-config="true" signature="afterTest()[pri:0, instance:TestNG.VerifyAmazonBusinessPage@6e20b53a]" started-at="2023-04-01T16:15:43 IST" name="afterTest" finished-at="1970-01-01T05:30:00 IST" duration-ms="-1680345943093" status="SKIP">
          <reporter-output>
          </reporter-output>
        </test-method> <!-- afterTest -->
      </class> <!-- TestNG.VerifyAmazonBusinessPage -->
      <class name="TestNG.VerifyHomePage">
        <test-method is-config="true" signature="openBrowser(java.lang.String)[pri:0, instance:TestNG.VerifyHomePage@71809907]" started-at="2023-04-01T16:13:36 IST" name="openBrowser" finished-at="2023-04-01T16:13:43 IST" duration-ms="6965" status="PASS">
          <params>
            <param index="0">
              <value>
                <![CDATA[Edge]]>
              </value>
            </param>
          </params>
          <reporter-output>
          </reporter-output>
        </test-method> <!-- openBrowser -->
        <test-method is-config="true" signature="createPOMObjects()[pri:0, instance:TestNG.VerifyHomePage@71809907]" started-at="2023-04-01T16:13:43 IST" name="createPOMObjects" finished-at="2023-04-01T16:13:43 IST" duration-ms="10" status="PASS">
          <reporter-output>
          </reporter-output>
        </test-method> <!-- createPOMObjects -->
        <test-method is-config="true" signature="goToHomePage()[pri:0, instance:TestNG.VerifyHomePage@71809907]" started-at="2023-04-01T16:13:43 IST" name="goToHomePage" finished-at="2023-04-01T16:13:47 IST" duration-ms="4096" status="PASS">
          <reporter-output>
          </reporter-output>
        </test-method> <!-- goToHomePage -->
        <test-method signature="verifyAmazonMiniTvPage()[pri:1, instance:TestNG.VerifyHomePage@71809907]" started-at="2023-04-01T16:13:47 IST" name="verifyAmazonMiniTvPage" finished-at="2023-04-01T16:13:53 IST" duration-ms="6151" status="PASS">
          <reporter-output>
          </reporter-output>
        </test-method> <!-- verifyAmazonMiniTvPage -->
        <test-method is-config="true" signature="afterMethod()[pri:0, instance:TestNG.VerifyHomePage@71809907]" started-at="2023-04-01T16:13:53 IST" name="afterMethod" finished-at="2023-04-01T16:13:53 IST" duration-ms="0" status="PASS">
          <reporter-output>
          </reporter-output>
        </test-method> <!-- afterMethod -->
        <test-method is-config="true" signature="goToHomePage()[pri:0, instance:TestNG.VerifyHomePage@71809907]" started-at="2023-04-01T16:13:53 IST" name="goToHomePage" finished-at="2023-04-01T16:13:57 IST" duration-ms="3341" status="PASS">
          <reporter-output>
          </reporter-output>
        </test-method> <!-- goToHomePage -->
        <test-method signature="verifySearchTextBox()[pri:2, instance:TestNG.VerifyHomePage@71809907]" started-at="2023-04-01T16:13:57 IST" name="verifySearchTextBox" finished-at="2023-04-01T16:14:08 IST" duration-ms="11863" status="PASS">
          <reporter-output>
          </reporter-output>
        </test-method> <!-- verifySearchTextBox -->
        <test-method is-config="true" signature="afterMethod()[pri:0, instance:TestNG.VerifyHomePage@71809907]" started-at="2023-04-01T16:14:08 IST" name="afterMethod" finished-at="2023-04-01T16:14:08 IST" duration-ms="0" status="PASS">
          <reporter-output>
          </reporter-output>
        </test-method> <!-- afterMethod -->
        <test-method is-config="true" signature="goToHomePage()[pri:0, instance:TestNG.VerifyHomePage@71809907]" started-at="2023-04-01T16:14:08 IST" name="goToHomePage" finished-at="2023-04-01T16:14:12 IST" duration-ms="3825" status="PASS">
          <reporter-output>
          </reporter-output>
        </test-method> <!-- goToHomePage -->
        <test-method signature="verifySignInPage()[pri:3, instance:TestNG.VerifyHomePage@71809907]" started-at="2023-04-01T16:14:12 IST" name="verifySignInPage" finished-at="2023-04-01T16:14:25 IST" duration-ms="12478" status="PASS">
          <reporter-output>
          </reporter-output>
        </test-method> <!-- verifySignInPage -->
        <test-method is-config="true" signature="afterMethod()[pri:0, instance:TestNG.VerifyHomePage@71809907]" started-at="2023-04-01T16:14:25 IST" name="afterMethod" finished-at="2023-04-01T16:14:25 IST" duration-ms="1" status="PASS">
          <reporter-output>
          </reporter-output>
        </test-method> <!-- afterMethod -->
        <test-method is-config="true" signature="clearObjects()[pri:0, instance:TestNG.VerifyHomePage@71809907]" started-at="2023-04-01T16:14:25 IST" name="clearObjects" finished-at="2023-04-01T16:14:25 IST" duration-ms="1" status="PASS">
          <reporter-output>
          </reporter-output>
        </test-method> <!-- clearObjects -->
        <test-method is-config="true" signature="afterTest()[pri:0, instance:TestNG.VerifyHomePage@71809907]" started-at="2023-04-01T16:15:43 IST" name="afterTest" finished-at="1970-01-01T05:30:00 IST" duration-ms="-1680345943095" status="SKIP">
          <reporter-output>
          </reporter-output>
        </test-method> <!-- afterTest -->
      </class> <!-- TestNG.VerifyHomePage -->
    </test> <!-- EdgeTest -->
    <test started-at="2023-04-01T16:13:25 IST" name="ChromeTest" finished-at="2023-04-01T16:15:49 IST" duration-ms="144117">
      <class name="TestNG.VerifyAddToCartFunctionality">
        <test-method is-config="true" signature="openBrowser(java.lang.String)[pri:0, instance:TestNG.VerifyAddToCartFunctionality@72f926e6]" started-at="2023-04-01T16:13:25 IST" name="openBrowser" finished-at="2023-04-01T16:13:30 IST" duration-ms="5367" status="PASS">
          <params>
            <param index="0">
              <value>
                <![CDATA[Chrome]]>
              </value>
            </param>
          </params>
          <reporter-output>
          </reporter-output>
        </test-method> <!-- openBrowser -->
        <test-method is-config="true" signature="createPOMObject()[pri:0, instance:TestNG.VerifyAddToCartFunctionality@72f926e6]" started-at="2023-04-01T16:13:40 IST" name="createPOMObject" finished-at="2023-04-01T16:13:40 IST" duration-ms="43" status="PASS">
          <reporter-output>
          </reporter-output>
        </test-method> <!-- createPOMObject -->
        <test-method is-config="true" signature="goToHomePageItem()[pri:0, instance:TestNG.VerifyAddToCartFunctionality@72f926e6]" started-at="2023-04-01T16:13:40 IST" name="goToHomePageItem" finished-at="2023-04-01T16:14:32 IST" duration-ms="52019" status="PASS">
          <reporter-output>
          </reporter-output>
        </test-method> <!-- goToHomePageItem -->
        <test-method signature="verifyTextOnCartPage()[pri:1, instance:TestNG.VerifyAddToCartFunctionality@72f926e6]" started-at="2023-04-01T16:14:32 IST" name="verifyTextOnCartPage" finished-at="2023-04-01T16:14:36 IST" duration-ms="3509" status="PASS">
          <reporter-output>
          </reporter-output>
        </test-method> <!-- verifyTextOnCartPage -->
        <test-method is-config="true" signature="logOut(org.testng.ITestResult)[pri:0, instance:TestNG.VerifyAddToCartFunctionality@72f926e6]" started-at="2023-04-01T16:14:36 IST" name="logOut" finished-at="2023-04-01T16:14:37 IST" duration-ms="1623" status="PASS">
          <params>
            <param index="0">
              <value>
                <![CDATA[[TestResult name=verifyTextOnCartPage status=SUCCESS method=VerifyAddToCartFunctionality.verifyTextOnCartPage()[pri:1, instance:TestNG.VerifyAddToCartFunctionality@72f926e6] output={null}]]]>
              </value>
            </param>
          </params>
          <reporter-output>
          </reporter-output>
        </test-method> <!-- logOut -->
        <test-method is-config="true" signature="goToHomePageItem()[pri:0, instance:TestNG.VerifyAddToCartFunctionality@72f926e6]" started-at="2023-04-01T16:14:37 IST" name="goToHomePageItem" finished-at="2023-04-01T16:15:02 IST" duration-ms="24562" status="PASS">
          <reporter-output>
          </reporter-output>
        </test-method> <!-- goToHomePageItem -->
        <test-method signature="verifyProceedToCheckOutButton()[pri:2, instance:TestNG.VerifyAddToCartFunctionality@72f926e6]" started-at="2023-04-01T16:15:02 IST" name="verifyProceedToCheckOutButton" finished-at="2023-04-01T16:15:07 IST" duration-ms="5103" status="PASS">
          <reporter-output>
          </reporter-output>
        </test-method> <!-- verifyProceedToCheckOutButton -->
        <test-method is-config="true" signature="logOut(org.testng.ITestResult)[pri:0, instance:TestNG.VerifyAddToCartFunctionality@72f926e6]" started-at="2023-04-01T16:15:07 IST" name="logOut" finished-at="2023-04-01T16:15:07 IST" duration-ms="398" status="PASS">
          <params>
            <param index="0">
              <value>
                <![CDATA[[TestResult name=verifyProceedToCheckOutButton status=SUCCESS method=VerifyAddToCartFunctionality.verifyProceedToCheckOutButton()[pri:2, instance:TestNG.VerifyAddToCartFunctionality@72f926e6] output={null}]]]>
              </value>
            </param>
          </params>
          <reporter-output>
          </reporter-output>
        </test-method> <!-- logOut -->
        <test-method is-config="true" signature="goToHomePageItem()[pri:0, instance:TestNG.VerifyAddToCartFunctionality@72f926e6]" started-at="2023-04-01T16:15:07 IST" name="goToHomePageItem" finished-at="2023-04-01T16:15:49 IST" duration-ms="41933" status="FAIL">
          <exception class="org.openqa.selenium.NoSuchElementException">
            <message>
              <![CDATA[no such element: Unable to locate element: {"method":"xpath","selector":"//input[@id='add-to-cart-button']"}
  (Session info: chrome=111.0.5563.147)
For documentation on this error, please visit: https://www.seleniumhq.org/exceptions/no_such_element.html
Build info: version: '3.141.59', revision: 'e82be7d358', time: '2018-11-14T08:17:03'
System info: host: 'DESKTOP-BHR3PSD', ip: '192.168.1.3', os.name: 'Windows 11', os.arch: 'amd64', os.version: '10.0', java.version: '17.0.5'
Driver info: org.openqa.selenium.chrome.ChromeDriver
Capabilities {acceptInsecureCerts: false, browserName: chrome, browserVersion: 111.0.5563.147, chrome: {chromedriverVersion: 111.0.5563.64 (c710e93d5b63..., userDataDir: C:\Users\amol\AppData\Local...}, goog:chromeOptions: {debuggerAddress: localhost:50783}, javascriptEnabled: true, networkConnectionEnabled: false, pageLoadStrategy: normal, platform: WINDOWS, platformName: WINDOWS, proxy: Proxy(), setWindowRect: true, strictFileInteractability: false, timeouts: {implicit: 0, pageLoad: 300000, script: 30000}, unhandledPromptBehavior: dismiss and notify, webauthn:extension:credBlob: true, webauthn:extension:largeBlob: true, webauthn:extension:minPinLength: true, webauthn:extension:prf: true, webauthn:virtualAuthenticators: true}
Session ID: dee181a25ecb6e55f28b60d322ed00a7
*** Element info: {Using=xpath, value=//input[@id='add-to-cart-button']}]]>
            </message>
            <full-stacktrace>
              <![CDATA[org.openqa.selenium.NoSuchElementException: no such element: Unable to locate element: {"method":"xpath","selector":"//input[@id='add-to-cart-button']"}
  (Session info: chrome=111.0.5563.147)
For documentation on this error, please visit: https://www.seleniumhq.org/exceptions/no_such_element.html
Build info: version: '3.141.59', revision: 'e82be7d358', time: '2018-11-14T08:17:03'
System info: host: 'DESKTOP-BHR3PSD', ip: '192.168.1.3', os.name: 'Windows 11', os.arch: 'amd64', os.version: '10.0', java.version: '17.0.5'
Driver info: org.openqa.selenium.chrome.ChromeDriver
Capabilities {acceptInsecureCerts: false, browserName: chrome, browserVersion: 111.0.5563.147, chrome: {chromedriverVersion: 111.0.5563.64 (c710e93d5b63..., userDataDir: C:\Users\amol\AppData\Local...}, goog:chromeOptions: {debuggerAddress: localhost:50783}, javascriptEnabled: true, networkConnectionEnabled: false, pageLoadStrategy: normal, platform: WINDOWS, platformName: WINDOWS, proxy: Proxy(), setWindowRect: true, strictFileInteractability: false, timeouts: {implicit: 0, pageLoad: 300000, script: 30000}, unhandledPromptBehavior: dismiss and notify, webauthn:extension:credBlob: true, webauthn:extension:largeBlob: true, webauthn:extension:minPinLength: true, webauthn:extension:prf: true, webauthn:virtualAuthenticators: true}
Session ID: dee181a25ecb6e55f28b60d322ed00a7
*** Element info: {Using=xpath, value=//input[@id='add-to-cart-button']}
at java.base/jdk.internal.reflect.NativeConstructorAccessorImpl.newInstance0(Native Method)
at java.base/jdk.internal.reflect.NativeConstructorAccessorImpl.newInstance(NativeConstructorAccessorImpl.java:77)
at java.base/jdk.internal.reflect.DelegatingConstructorAccessorImpl.newInstance(DelegatingConstructorAccessorImpl.java:45)
at java.base/java.lang.reflect.Constructor.newInstanceWithCaller(Constructor.java:499)
at java.base/java.lang.reflect.Constructor.newInstance(Constructor.java:480)
at org.openqa.selenium.remote.http.W3CHttpResponseCodec.createException(W3CHttpResponseCodec.java:187)
at org.openqa.selenium.remote.http.W3CHttpResponseCodec.decode(W3CHttpResponseCodec.java:122)
at org.openqa.selenium.remote.http.W3CHttpResponseCodec.decode(W3CHttpResponseCodec.java:49)
at org.openqa.selenium.remote.HttpCommandExecutor.execute(HttpCommandExecutor.java:158)
at org.openqa.selenium.remote.service.DriverCommandExecutor.execute(DriverCommandExecutor.java:83)
at org.openqa.selenium.remote.RemoteWebDriver.execute(RemoteWebDriver.java:552)
at org.openqa.selenium.remote.RemoteWebDriver.findElement(RemoteWebDriver.java:323)
at org.openqa.selenium.remote.RemoteWebDriver.findElementByXPath(RemoteWebDriver.java:428)
at org.openqa.selenium.By$ByXPath.findElement(By.java:353)
at org.openqa.selenium.remote.RemoteWebDriver.findElement(RemoteWebDriver.java:315)
at org.openqa.selenium.support.pagefactory.DefaultElementLocator.findElement(DefaultElementLocator.java:69)
at org.openqa.selenium.support.pagefactory.internal.LocatingElementHandler.invoke(LocatingElementHandler.java:38)
at jdk.proxy2/jdk.proxy2.$Proxy17.click(Unknown Source)
at Page.ProductDetailsPage.clickOnAddToCartButton(ProductDetailsPage.java:35)
at TestNG.VerifyAddToCartFunctionality.goToHomePageItem(VerifyAddToCartFunctionality.java:69)
at java.base/jdk.internal.reflect.NativeMethodAccessorImpl.invoke0(Native Method)
at java.base/jdk.internal.reflect.NativeMethodAccessorImpl.invoke(NativeMethodAccessorImpl.java:77)
at java.base/jdk.internal.reflect.DelegatingMethodAccessorImpl.invoke(DelegatingMethodAccessorImpl.java:43)
at java.base/java.lang.reflect.Method.invoke(Method.java:568)
at org.testng.internal.MethodInvocationHelper.invokeMethod(MethodInvocationHelper.java:133)
at org.testng.internal.MethodInvocationHelper.invokeMethodConsideringTimeout(MethodInvocationHelper.java:62)
at org.testng.internal.ConfigInvoker.invokeConfigurationMethod(ConfigInvoker.java:385)
at org.testng.internal.ConfigInvoker.invokeConfigurations(ConfigInvoker.java:321)
at org.testng.internal.TestInvoker.runConfigMethods(TestInvoker.java:700)
at org.testng.internal.TestInvoker.invokeMethod(TestInvoker.java:527)
at org.testng.internal.TestInvoker.invokeTestMethod(TestInvoker.java:173)
at org.testng.internal.MethodRunner.runInSequence(MethodRunner.java:46)
at org.testng.internal.TestInvoker$MethodInvocationAgent.invoke(TestInvoker.java:824)
at org.testng.internal.TestInvoker.invokeTestMethods(TestInvoker.java:146)
at org.testng.internal.TestMethodWorker.invokeTestMethods(TestMethodWorker.java:146)
at org.testng.internal.TestMethodWorker.run(TestMethodWorker.java:128)
at java.base/java.util.concurrent.ThreadPoolExecutor.runWorker(ThreadPoolExecutor.java:1136)
at java.base/java.util.concurrent.ThreadPoolExecutor$Worker.run(ThreadPoolExecutor.java:635)
at java.base/java.lang.Thread.run(Thread.java:833)
]]>
            </full-stacktrace>
          </exception> <!-- org.openqa.selenium.NoSuchElementException -->
          <reporter-output>
          </reporter-output>
        </test-method> <!-- goToHomePageItem -->
        <test-method signature="verifyCartButton()[pri:3, instance:TestNG.VerifyAddToCartFunctionality@72f926e6]" started-at="2023-04-01T16:15:49 IST" name="verifyCartButton" finished-at="2023-04-01T16:15:49 IST" duration-ms="0" status="SKIP">
          <exception class="org.openqa.selenium.NoSuchElementException">
            <message>
              <![CDATA[no such element: Unable to locate element: {"method":"xpath","selector":"//input[@id='add-to-cart-button']"}
  (Session info: chrome=111.0.5563.147)
For documentation on this error, please visit: https://www.seleniumhq.org/exceptions/no_such_element.html
Build info: version: '3.141.59', revision: 'e82be7d358', time: '2018-11-14T08:17:03'
System info: host: 'DESKTOP-BHR3PSD', ip: '192.168.1.3', os.name: 'Windows 11', os.arch: 'amd64', os.version: '10.0', java.version: '17.0.5'
Driver info: org.openqa.selenium.chrome.ChromeDriver
Capabilities {acceptInsecureCerts: false, browserName: chrome, browserVersion: 111.0.5563.147, chrome: {chromedriverVersion: 111.0.5563.64 (c710e93d5b63..., userDataDir: C:\Users\amol\AppData\Local...}, goog:chromeOptions: {debuggerAddress: localhost:50783}, javascriptEnabled: true, networkConnectionEnabled: false, pageLoadStrategy: normal, platform: WINDOWS, platformName: WINDOWS, proxy: Proxy(), setWindowRect: true, strictFileInteractability: false, timeouts: {implicit: 0, pageLoad: 300000, script: 30000}, unhandledPromptBehavior: dismiss and notify, webauthn:extension:credBlob: true, webauthn:extension:largeBlob: true, webauthn:extension:minPinLength: true, webauthn:extension:prf: true, webauthn:virtualAuthenticators: true}
Session ID: dee181a25ecb6e55f28b60d322ed00a7
*** Element info: {Using=xpath, value=//input[@id='add-to-cart-button']}]]>
            </message>
            <full-stacktrace>
              <![CDATA[org.openqa.selenium.NoSuchElementException: no such element: Unable to locate element: {"method":"xpath","selector":"//input[@id='add-to-cart-button']"}
  (Session info: chrome=111.0.5563.147)
For documentation on this error, please visit: https://www.seleniumhq.org/exceptions/no_such_element.html
Build info: version: '3.141.59', revision: 'e82be7d358', time: '2018-11-14T08:17:03'
System info: host: 'DESKTOP-BHR3PSD', ip: '192.168.1.3', os.name: 'Windows 11', os.arch: 'amd64', os.version: '10.0', java.version: '17.0.5'
Driver info: org.openqa.selenium.chrome.ChromeDriver
Capabilities {acceptInsecureCerts: false, browserName: chrome, browserVersion: 111.0.5563.147, chrome: {chromedriverVersion: 111.0.5563.64 (c710e93d5b63..., userDataDir: C:\Users\amol\AppData\Local...}, goog:chromeOptions: {debuggerAddress: localhost:50783}, javascriptEnabled: true, networkConnectionEnabled: false, pageLoadStrategy: normal, platform: WINDOWS, platformName: WINDOWS, proxy: Proxy(), setWindowRect: true, strictFileInteractability: false, timeouts: {implicit: 0, pageLoad: 300000, script: 30000}, unhandledPromptBehavior: dismiss and notify, webauthn:extension:credBlob: true, webauthn:extension:largeBlob: true, webauthn:extension:minPinLength: true, webauthn:extension:prf: true, webauthn:virtualAuthenticators: true}
Session ID: dee181a25ecb6e55f28b60d322ed00a7
*** Element info: {Using=xpath, value=//input[@id='add-to-cart-button']}
at java.base/jdk.internal.reflect.NativeConstructorAccessorImpl.newInstance0(Native Method)
at java.base/jdk.internal.reflect.NativeConstructorAccessorImpl.newInstance(NativeConstructorAccessorImpl.java:77)
at java.base/jdk.internal.reflect.DelegatingConstructorAccessorImpl.newInstance(DelegatingConstructorAccessorImpl.java:45)
at java.base/java.lang.reflect.Constructor.newInstanceWithCaller(Constructor.java:499)
at java.base/java.lang.reflect.Constructor.newInstance(Constructor.java:480)
at org.openqa.selenium.remote.http.W3CHttpResponseCodec.createException(W3CHttpResponseCodec.java:187)
at org.openqa.selenium.remote.http.W3CHttpResponseCodec.decode(W3CHttpResponseCodec.java:122)
at org.openqa.selenium.remote.http.W3CHttpResponseCodec.decode(W3CHttpResponseCodec.java:49)
at org.openqa.selenium.remote.HttpCommandExecutor.execute(HttpCommandExecutor.java:158)
at org.openqa.selenium.remote.service.DriverCommandExecutor.execute(DriverCommandExecutor.java:83)
at org.openqa.selenium.remote.RemoteWebDriver.execute(RemoteWebDriver.java:552)
at org.openqa.selenium.remote.RemoteWebDriver.findElement(RemoteWebDriver.java:323)
at org.openqa.selenium.remote.RemoteWebDriver.findElementByXPath(RemoteWebDriver.java:428)
at org.openqa.selenium.By$ByXPath.findElement(By.java:353)
at org.openqa.selenium.remote.RemoteWebDriver.findElement(RemoteWebDriver.java:315)
at org.openqa.selenium.support.pagefactory.DefaultElementLocator.findElement(DefaultElementLocator.java:69)
at org.openqa.selenium.support.pagefactory.internal.LocatingElementHandler.invoke(LocatingElementHandler.java:38)
at jdk.proxy2/jdk.proxy2.$Proxy17.click(Unknown Source)
at Page.ProductDetailsPage.clickOnAddToCartButton(ProductDetailsPage.java:35)
at TestNG.VerifyAddToCartFunctionality.goToHomePageItem(VerifyAddToCartFunctionality.java:69)
at java.base/jdk.internal.reflect.NativeMethodAccessorImpl.invoke0(Native Method)
at java.base/jdk.internal.reflect.NativeMethodAccessorImpl.invoke(NativeMethodAccessorImpl.java:77)
at java.base/jdk.internal.reflect.DelegatingMethodAccessorImpl.invoke(DelegatingMethodAccessorImpl.java:43)
at java.base/java.lang.reflect.Method.invoke(Method.java:568)
at org.testng.internal.MethodInvocationHelper.invokeMethod(MethodInvocationHelper.java:133)
at org.testng.internal.MethodInvocationHelper.invokeMethodConsideringTimeout(MethodInvocationHelper.java:62)
at org.testng.internal.ConfigInvoker.invokeConfigurationMethod(ConfigInvoker.java:385)
at org.testng.internal.ConfigInvoker.invokeConfigurations(ConfigInvoker.java:321)
at org.testng.internal.TestInvoker.runConfigMethods(TestInvoker.java:700)
at org.testng.internal.TestInvoker.invokeMethod(TestInvoker.java:527)
at org.testng.internal.TestInvoker.invokeTestMethod(TestInvoker.java:173)
at org.testng.internal.MethodRunner.runInSequence(MethodRunner.java:46)
at org.testng.internal.TestInvoker$MethodInvocationAgent.invoke(TestInvoker.java:824)
at org.testng.internal.TestInvoker.invokeTestMethods(TestInvoker.java:146)
at org.testng.internal.TestMethodWorker.invokeTestMethods(TestMethodWorker.java:146)
at org.testng.internal.TestMethodWorker.run(TestMethodWorker.java:128)
at java.base/java.util.concurrent.ThreadPoolExecutor.runWorker(ThreadPoolExecutor.java:1136)
at java.base/java.util.concurrent.ThreadPoolExecutor$Worker.run(ThreadPoolExecutor.java:635)
at java.base/java.lang.Thread.run(Thread.java:833)
]]>
            </full-stacktrace>
          </exception> <!-- org.openqa.selenium.NoSuchElementException -->
          <reporter-output>
          </reporter-output>
        </test-method> <!-- verifyCartButton -->
        <test-method is-config="true" signature="logOut(org.testng.ITestResult)[pri:0, instance:TestNG.VerifyAddToCartFunctionality@72f926e6]" started-at="2023-04-01T16:15:49 IST" name="logOut" finished-at="1970-01-01T05:30:00 IST" duration-ms="-1680345949703" status="SKIP">
          <reporter-output>
          </reporter-output>
        </test-method> <!-- logOut -->
        <test-method is-config="true" signature="clearObjects()[pri:0, instance:TestNG.VerifyAddToCartFunctionality@72f926e6]" started-at="2023-04-01T16:15:49 IST" name="clearObjects" finished-at="1970-01-01T05:30:00 IST" duration-ms="-1680345949704" status="SKIP">
          <reporter-output>
          </reporter-output>
        </test-method> <!-- clearObjects -->
        <test-method is-config="true" signature="afterTest()[pri:0, instance:TestNG.VerifyAddToCartFunctionality@72f926e6]" started-at="2023-04-01T16:15:49 IST" name="afterTest" finished-at="1970-01-01T05:30:00 IST" duration-ms="-1680345949705" status="SKIP">
          <reporter-output>
          </reporter-output>
        </test-method> <!-- afterTest -->
      </class> <!-- TestNG.VerifyAddToCartFunctionality -->
      <class name="TestNG.VerifyAmazonBusinessPage">
        <test-method is-config="true" signature="openBrowser(java.lang.String)[pri:0, instance:TestNG.VerifyAmazonBusinessPage@1725dc0f]" started-at="2023-04-01T16:13:30 IST" name="openBrowser" finished-at="2023-04-01T16:13:36 IST" duration-ms="5256" status="PASS">
          <params>
            <param index="0">
              <value>
                <![CDATA[Chrome]]>
              </value>
            </param>
          </params>
          <reporter-output>
          </reporter-output>
        </test-method> <!-- openBrowser -->
        <test-method is-config="true" signature="createPOMObject()[pri:0, instance:TestNG.VerifyAmazonBusinessPage@1725dc0f]" started-at="2023-04-01T16:13:40 IST" name="createPOMObject" finished-at="2023-04-01T16:13:40 IST" duration-ms="45" status="PASS">
          <reporter-output>
          </reporter-output>
        </test-method> <!-- createPOMObject -->
        <test-method is-config="true" signature="goToAmazonBusinessPage()[pri:0, instance:TestNG.VerifyAmazonBusinessPage@1725dc0f]" started-at="2023-04-01T16:13:40 IST" name="goToAmazonBusinessPage" finished-at="2023-04-01T16:14:21 IST" duration-ms="40789" status="PASS">
          <reporter-output>
          </reporter-output>
        </test-method> <!-- goToAmazonBusinessPage -->
        <test-method signature="verifyAmazonBusinessPage()[pri:1, instance:TestNG.VerifyAmazonBusinessPage@1725dc0f]" started-at="2023-04-01T16:14:21 IST" name="verifyAmazonBusinessPage" finished-at="2023-04-01T16:14:22 IST" duration-ms="1407" status="PASS">
          <reporter-output>
          </reporter-output>
        </test-method> <!-- verifyAmazonBusinessPage -->
        <test-method is-config="true" signature="afterMethod()[pri:0, instance:TestNG.VerifyAmazonBusinessPage@1725dc0f]" started-at="2023-04-01T16:14:22 IST" name="afterMethod" finished-at="2023-04-01T16:14:22 IST" duration-ms="0" status="PASS">
          <reporter-output>
          </reporter-output>
        </test-method> <!-- afterMethod -->
        <test-method is-config="true" signature="goToAmazonBusinessPage()[pri:0, instance:TestNG.VerifyAmazonBusinessPage@1725dc0f]" started-at="2023-04-01T16:14:22 IST" name="goToAmazonBusinessPage" finished-at="2023-04-01T16:14:33 IST" duration-ms="10953" status="PASS">
          <reporter-output>
          </reporter-output>
        </test-method> <!-- goToAmazonBusinessPage -->
        <test-method signature="verifyLearnMoreAboutAmazonLink()[pri:2, instance:TestNG.VerifyAmazonBusinessPage@1725dc0f]" started-at="2023-04-01T16:14:33 IST" name="verifyLearnMoreAboutAmazonLink" finished-at="2023-04-01T16:14:40 IST" duration-ms="7282" status="PASS">
          <reporter-output>
          </reporter-output>
        </test-method> <!-- verifyLearnMoreAboutAmazonLink -->
        <test-method is-config="true" signature="afterMethod()[pri:0, instance:TestNG.VerifyAmazonBusinessPage@1725dc0f]" started-at="2023-04-01T16:14:40 IST" name="afterMethod" finished-at="2023-04-01T16:14:40 IST" duration-ms="0" status="PASS">
          <reporter-output>
          </reporter-output>
        </test-method> <!-- afterMethod -->
        <test-method is-config="true" signature="clearObjects()[pri:0, instance:TestNG.VerifyAmazonBusinessPage@1725dc0f]" started-at="2023-04-01T16:14:40 IST" name="clearObjects" finished-at="2023-04-01T16:14:40 IST" duration-ms="0" status="PASS">
          <reporter-output>
          </reporter-output>
        </test-method> <!-- clearObjects -->
        <test-method is-config="true" signature="afterTest()[pri:0, instance:TestNG.VerifyAmazonBusinessPage@1725dc0f]" started-at="2023-04-01T16:15:49 IST" name="afterTest" finished-at="1970-01-01T05:30:00 IST" duration-ms="-1680345949706" status="SKIP">
          <reporter-output>
          </reporter-output>
        </test-method> <!-- afterTest -->
      </class> <!-- TestNG.VerifyAmazonBusinessPage -->
      <class name="TestNG.VerifyHomePage">
        <test-method is-config="true" signature="openBrowser(java.lang.String)[pri:0, instance:TestNG.VerifyHomePage@15eb5ee5]" started-at="2023-04-01T16:13:36 IST" name="openBrowser" finished-at="2023-04-01T16:13:40 IST" duration-ms="4207" status="PASS">
          <params>
            <param index="0">
              <value>
                <![CDATA[Chrome]]>
              </value>
            </param>
          </params>
          <reporter-output>
          </reporter-output>
        </test-method> <!-- openBrowser -->
        <test-method is-config="true" signature="createPOMObjects()[pri:0, instance:TestNG.VerifyHomePage@15eb5ee5]" started-at="2023-04-01T16:13:40 IST" name="createPOMObjects" finished-at="2023-04-01T16:13:40 IST" duration-ms="40" status="PASS">
          <reporter-output>
          </reporter-output>
        </test-method> <!-- createPOMObjects -->
        <test-method is-config="true" signature="goToHomePage()[pri:0, instance:TestNG.VerifyHomePage@15eb5ee5]" started-at="2023-04-01T16:13:40 IST" name="goToHomePage" finished-at="2023-04-01T16:13:47 IST" duration-ms="6462" status="PASS">
          <reporter-output>
          </reporter-output>
        </test-method> <!-- goToHomePage -->
        <test-method signature="verifyAmazonMiniTvPage()[pri:1, instance:TestNG.VerifyHomePage@15eb5ee5]" started-at="2023-04-01T16:13:47 IST" name="verifyAmazonMiniTvPage" finished-at="2023-04-01T16:13:55 IST" duration-ms="8494" status="PASS">
          <reporter-output>
          </reporter-output>
        </test-method> <!-- verifyAmazonMiniTvPage -->
        <test-method is-config="true" signature="afterMethod()[pri:0, instance:TestNG.VerifyHomePage@15eb5ee5]" started-at="2023-04-01T16:13:55 IST" name="afterMethod" finished-at="2023-04-01T16:13:55 IST" duration-ms="0" status="PASS">
          <reporter-output>
          </reporter-output>
        </test-method> <!-- afterMethod -->
        <test-method is-config="true" signature="goToHomePage()[pri:0, instance:TestNG.VerifyHomePage@15eb5ee5]" started-at="2023-04-01T16:13:55 IST" name="goToHomePage" finished-at="2023-04-01T16:14:00 IST" duration-ms="4920" status="PASS">
          <reporter-output>
          </reporter-output>
        </test-method> <!-- goToHomePage -->
        <test-method signature="verifySearchTextBox()[pri:2, instance:TestNG.VerifyHomePage@15eb5ee5]" started-at="2023-04-01T16:14:00 IST" name="verifySearchTextBox" finished-at="2023-04-01T16:14:24 IST" duration-ms="23742" status="PASS">
          <reporter-output>
          </reporter-output>
        </test-method> <!-- verifySearchTextBox -->
        <test-method is-config="true" signature="afterMethod()[pri:0, instance:TestNG.VerifyHomePage@15eb5ee5]" started-at="2023-04-01T16:14:24 IST" name="afterMethod" finished-at="2023-04-01T16:14:24 IST" duration-ms="3" status="PASS">
          <reporter-output>
          </reporter-output>
        </test-method> <!-- afterMethod -->
        <test-method is-config="true" signature="goToHomePage()[pri:0, instance:TestNG.VerifyHomePage@15eb5ee5]" started-at="2023-04-01T16:14:24 IST" name="goToHomePage" finished-at="2023-04-01T16:14:34 IST" duration-ms="10541" status="PASS">
          <reporter-output>
          </reporter-output>
        </test-method> <!-- goToHomePage -->
        <test-method signature="verifySignInPage()[pri:3, instance:TestNG.VerifyHomePage@15eb5ee5]" started-at="2023-04-01T16:14:34 IST" name="verifySignInPage" finished-at="2023-04-01T16:14:45 IST" duration-ms="11065" status="PASS">
          <reporter-output>
          </reporter-output>
        </test-method> <!-- verifySignInPage -->
        <test-method is-config="true" signature="afterMethod()[pri:0, instance:TestNG.VerifyHomePage@15eb5ee5]" started-at="2023-04-01T16:14:45 IST" name="afterMethod" finished-at="2023-04-01T16:14:45 IST" duration-ms="0" status="PASS">
          <reporter-output>
          </reporter-output>
        </test-method> <!-- afterMethod -->
        <test-method is-config="true" signature="clearObjects()[pri:0, instance:TestNG.VerifyHomePage@15eb5ee5]" started-at="2023-04-01T16:14:45 IST" name="clearObjects" finished-at="2023-04-01T16:14:45 IST" duration-ms="0" status="PASS">
          <reporter-output>
          </reporter-output>
        </test-method> <!-- clearObjects -->
        <test-method is-config="true" signature="afterTest()[pri:0, instance:TestNG.VerifyHomePage@15eb5ee5]" started-at="2023-04-01T16:15:49 IST" name="afterTest" finished-at="1970-01-01T05:30:00 IST" duration-ms="-1680345949707" status="SKIP">
          <reporter-output>
          </reporter-output>
        </test-method> <!-- afterTest -->
      </class> <!-- TestNG.VerifyHomePage -->
    </test> <!-- ChromeTest -->
  </suite> <!-- Suite -->
</testng-results>
